<?xml version="1.0" encoding="UTF-8"?>
<coverage generated="1719328765747" clover="3.2.0">
  <project timestamp="1719328765747" name="All files">
    <metrics statements="1133" coveredstatements="1047" conditionals="265" coveredconditionals="230" methods="362" coveredmethods="347" elements="1760" coveredelements="1624" complexity="0" loc="1133" ncloc="1133" packages="8" files="27" classes="27"/>
    <package name="server">
      <metrics statements="14" coveredstatements="12" conditionals="1" coveredconditionals="0" methods="1" coveredmethods="0"/>
      <file name="index.ts" path="/Users/giacomoponzuoli/Desktop/ezelectronics/code/server/index.ts">
        <metrics statements="14" coveredstatements="12" conditionals="1" coveredconditionals="0" methods="1" coveredmethods="0"/>
        <line num="1" count="12" type="stmt"/>
        <line num="2" count="12" type="stmt"/>
        <line num="3" count="12" type="stmt"/>
        <line num="4" count="12" type="stmt"/>
        <line num="6" count="12" type="stmt"/>
        <line num="7" count="12" type="stmt"/>
        <line num="9" count="12" type="stmt"/>
        <line num="11" count="12" type="stmt"/>
        <line num="15" count="12" type="stmt"/>
        <line num="16" count="12" type="stmt"/>
        <line num="17" count="12" type="cond" truecount="0" falsecount="1"/>
        <line num="18" count="0" type="stmt"/>
        <line num="19" count="0" type="stmt"/>
        <line num="23" count="12" type="stmt"/>
      </file>
    </package>
    <package name="server.src">
      <metrics statements="45" coveredstatements="42" conditionals="7" coveredconditionals="7" methods="9" coveredmethods="8"/>
      <file name="helper.ts" path="/Users/giacomoponzuoli/Desktop/ezelectronics/code/server/src/helper.ts">
        <metrics statements="11" coveredstatements="11" conditionals="7" coveredconditionals="7" methods="4" coveredmethods="4"/>
        <line num="1" count="12" type="stmt"/>
        <line num="17" count="965" type="stmt"/>
        <line num="18" count="965" type="cond" truecount="1" falsecount="0"/>
        <line num="19" count="81" type="stmt"/>
        <line num="20" count="81" type="stmt"/>
        <line num="21" count="88" type="stmt"/>
        <line num="23" count="81" type="stmt"/>
        <line num="25" count="884" type="stmt"/>
        <line num="33" count="12" type="stmt"/>
        <line num="34" count="156" type="cond" truecount="2" falsecount="0"/>
        <line num="42" count="12" type="stmt"/>
      </file>
      <file name="routes.ts" path="/Users/giacomoponzuoli/Desktop/ezelectronics/code/server/src/routes.ts">
        <metrics statements="25" coveredstatements="25" conditionals="0" coveredconditionals="0" methods="1" coveredmethods="1"/>
        <line num="1" count="12" type="stmt"/>
        <line num="2" count="12" type="stmt"/>
        <line num="3" count="12" type="stmt"/>
        <line num="4" count="12" type="stmt"/>
        <line num="5" count="12" type="stmt"/>
        <line num="6" count="12" type="stmt"/>
        <line num="7" count="12" type="stmt"/>
        <line num="9" count="12" type="stmt"/>
        <line num="10" count="12" type="stmt"/>
        <line num="22" count="12" type="stmt"/>
        <line num="23" count="12" type="stmt"/>
        <line num="24" count="12" type="stmt"/>
        <line num="32" count="12" type="stmt"/>
        <line num="33" count="12" type="stmt"/>
        <line num="34" count="12" type="stmt"/>
        <line num="35" count="12" type="stmt"/>
        <line num="36" count="12" type="stmt"/>
        <line num="37" count="12" type="stmt"/>
        <line num="42" count="12" type="stmt"/>
        <line num="43" count="12" type="stmt"/>
        <line num="44" count="12" type="stmt"/>
        <line num="45" count="12" type="stmt"/>
        <line num="46" count="12" type="stmt"/>
        <line num="48" count="12" type="stmt"/>
        <line num="51" count="12" type="stmt"/>
      </file>
      <file name="utilities.ts" path="/Users/giacomoponzuoli/Desktop/ezelectronics/code/server/src/utilities.ts">
        <metrics statements="9" coveredstatements="6" conditionals="0" coveredconditionals="0" methods="4" coveredmethods="3"/>
        <line num="1" count="12" type="stmt"/>
        <line num="2" count="12" type="stmt"/>
        <line num="14" count="276" type="stmt"/>
        <line num="22" count="158" type="stmt"/>
        <line num="26" count="321" type="stmt"/>
        <line num="36" count="0" type="stmt"/>
        <line num="37" count="0" type="stmt"/>
        <line num="38" count="0" type="stmt"/>
        <line num="42" count="12" type="stmt"/>
      </file>
    </package>
    <package name="server.src.components">
      <metrics statements="38" coveredstatements="38" conditionals="4" coveredconditionals="4" methods="7" coveredmethods="7"/>
      <file name="cart.ts" path="/Users/giacomoponzuoli/Desktop/ezelectronics/code/server/src/components/cart.ts">
        <metrics statements="10" coveredstatements="10" conditionals="0" coveredconditionals="0" methods="2" coveredmethods="2"/>
        <line num="22" count="52" type="stmt"/>
        <line num="23" count="52" type="stmt"/>
        <line num="24" count="52" type="stmt"/>
        <line num="25" count="52" type="stmt"/>
        <line num="26" count="52" type="stmt"/>
        <line num="47" count="64" type="stmt"/>
        <line num="48" count="64" type="stmt"/>
        <line num="49" count="64" type="stmt"/>
        <line num="50" count="64" type="stmt"/>
        <line num="54" count="15" type="stmt"/>
      </file>
      <file name="product.ts" path="/Users/giacomoponzuoli/Desktop/ezelectronics/code/server/src/components/product.ts">
        <metrics statements="11" coveredstatements="11" conditionals="2" coveredconditionals="2" methods="2" coveredmethods="2"/>
        <line num="23" count="129" type="stmt"/>
        <line num="24" count="129" type="stmt"/>
        <line num="25" count="129" type="stmt"/>
        <line num="26" count="129" type="stmt"/>
        <line num="27" count="129" type="stmt"/>
        <line num="28" count="129" type="stmt"/>
        <line num="35" count="16" type="cond" truecount="2" falsecount="0"/>
        <line num="36" count="16" type="stmt"/>
        <line num="37" count="16" type="stmt"/>
        <line num="38" count="16" type="stmt"/>
        <line num="41" count="16" type="stmt"/>
      </file>
      <file name="review.ts" path="/Users/giacomoponzuoli/Desktop/ezelectronics/code/server/src/components/review.ts">
        <metrics statements="6" coveredstatements="6" conditionals="0" coveredconditionals="0" methods="1" coveredmethods="1"/>
        <line num="20" count="13" type="stmt"/>
        <line num="21" count="13" type="stmt"/>
        <line num="22" count="13" type="stmt"/>
        <line num="23" count="13" type="stmt"/>
        <line num="24" count="13" type="stmt"/>
        <line num="28" count="14" type="stmt"/>
      </file>
      <file name="user.ts" path="/Users/giacomoponzuoli/Desktop/ezelectronics/code/server/src/components/user.ts">
        <metrics statements="11" coveredstatements="11" conditionals="2" coveredconditionals="2" methods="2" coveredmethods="2"/>
        <line num="22" count="933" type="stmt"/>
        <line num="23" count="933" type="stmt"/>
        <line num="24" count="933" type="stmt"/>
        <line num="25" count="933" type="stmt"/>
        <line num="26" count="933" type="stmt"/>
        <line num="27" count="933" type="stmt"/>
        <line num="35" count="21" type="cond" truecount="2" falsecount="0"/>
        <line num="36" count="21" type="stmt"/>
        <line num="37" count="21" type="stmt"/>
        <line num="38" count="21" type="stmt"/>
        <line num="41" count="21" type="stmt"/>
      </file>
    </package>
    <package name="server.src.controllers">
      <metrics statements="44" coveredstatements="44" conditionals="0" coveredconditionals="0" methods="31" coveredmethods="31"/>
      <file name="cartController.ts" path="/Users/giacomoponzuoli/Desktop/ezelectronics/code/server/src/controllers/cartController.ts">
        <metrics statements="16" coveredstatements="16" conditionals="0" coveredconditionals="0" methods="9" coveredmethods="9"/>
        <line num="2" count="13" type="stmt"/>
        <line num="12" count="35" type="stmt"/>
        <line num="25" count="59" type="stmt"/>
        <line num="26" count="59" type="stmt"/>
        <line num="36" count="16" type="stmt"/>
        <line num="46" count="17" type="stmt"/>
        <line num="47" count="5" type="stmt"/>
        <line num="57" count="7" type="stmt"/>
        <line num="67" count="20" type="stmt"/>
        <line num="68" count="7" type="stmt"/>
        <line num="78" count="6" type="stmt"/>
        <line num="79" count="3" type="stmt"/>
        <line num="87" count="5" type="stmt"/>
        <line num="88" count="4" type="stmt"/>
        <line num="97" count="6" type="stmt"/>
        <line num="101" count="13" type="stmt"/>
      </file>
      <file name="productController.ts" path="/Users/giacomoponzuoli/Desktop/ezelectronics/code/server/src/controllers/productController.ts">
        <metrics statements="10" coveredstatements="10" conditionals="0" coveredconditionals="0" methods="8" coveredmethods="8"/>
        <line num="1" count="13" type="stmt"/>
        <line num="11" count="32" type="stmt"/>
        <line num="25" count="112" type="stmt"/>
        <line num="36" count="14" type="stmt"/>
        <line num="47" count="35" type="stmt"/>
        <line num="58" count="54" type="stmt"/>
        <line num="69" count="36" type="stmt"/>
        <line num="77" count="6" type="stmt"/>
        <line num="87" count="7" type="stmt"/>
        <line num="92" count="13" type="stmt"/>
      </file>
      <file name="reviewController.ts" path="/Users/giacomoponzuoli/Desktop/ezelectronics/code/server/src/controllers/reviewController.ts">
        <metrics statements="8" coveredstatements="8" conditionals="0" coveredconditionals="0" methods="6" coveredmethods="6"/>
        <line num="2" count="13" type="stmt"/>
        <line num="8" count="22" type="stmt"/>
        <line num="20" count="11" type="stmt"/>
        <line num="29" count="18" type="stmt"/>
        <line num="39" count="8" type="stmt"/>
        <line num="48" count="6" type="stmt"/>
        <line num="56" count="6" type="stmt"/>
        <line num="60" count="13" type="stmt"/>
      </file>
      <file name="userController.ts" path="/Users/giacomoponzuoli/Desktop/ezelectronics/code/server/src/controllers/userController.ts">
        <metrics statements="10" coveredstatements="10" conditionals="0" coveredconditionals="0" methods="8" coveredmethods="8"/>
        <line num="2" count="13" type="stmt"/>
        <line num="12" count="35" type="stmt"/>
        <line num="25" count="148" type="stmt"/>
        <line num="33" count="7" type="stmt"/>
        <line num="43" count="6" type="stmt"/>
        <line num="55" count="25" type="stmt"/>
        <line num="67" count="19" type="stmt"/>
        <line num="75" count="4" type="stmt"/>
        <line num="89" count="19" type="stmt"/>
        <line num="93" count="13" type="stmt"/>
      </file>
    </package>
    <package name="server.src.dao">
      <metrics statements="648" coveredstatements="594" conditionals="225" coveredconditionals="199" methods="155" coveredmethods="154"/>
      <file name="cartDAO.ts" path="/Users/giacomoponzuoli/Desktop/ezelectronics/code/server/src/dao/cartDAO.ts">
        <metrics statements="276" coveredstatements="224" conditionals="68" coveredconditionals="44" methods="68" coveredmethods="67"/>
        <line num="1" count="14" type="stmt"/>
        <line num="3" count="14" type="stmt"/>
        <line num="6" count="14" type="stmt"/>
        <line num="7" count="14" type="stmt"/>
        <line num="8" count="14" type="stmt"/>
        <line num="31" count="68" type="stmt"/>
        <line num="32" count="68" type="stmt"/>
        <line num="42" count="68" type="stmt"/>
        <line num="43" count="68" type="stmt"/>
        <line num="44" count="68" type="cond" truecount="1" falsecount="0"/>
        <line num="45" count="1" type="stmt"/>
        <line num="46" count="1" type="stmt"/>
        <line num="48" count="67" type="cond" truecount="2" falsecount="0"/>
        <line num="49" count="5" type="stmt"/>
        <line num="50" count="5" type="stmt"/>
        <line num="53" count="62" type="cond" truecount="1" falsecount="0"/>
        <line num="54" count="3" type="stmt"/>
        <line num="55" count="3" type="stmt"/>
        <line num="58" count="59" type="stmt"/>
        <line num="62" count="59" type="stmt"/>
        <line num="63" count="59" type="stmt"/>
        <line num="64" count="59" type="stmt"/>
        <line num="65" count="58" type="cond" truecount="0" falsecount="1"/>
        <line num="66" count="0" type="stmt"/>
        <line num="67" count="0" type="stmt"/>
        <line num="71" count="58" type="cond" truecount="2" falsecount="0"/>
        <line num="73" count="32" type="stmt"/>
        <line num="74" count="32" type="stmt"/>
        <line num="75" count="32" type="cond" truecount="0" falsecount="1"/>
        <line num="76" count="0" type="stmt"/>
        <line num="77" count="0" type="stmt"/>
        <line num="78" count="0" type="stmt"/>
        <line num="81" count="32" type="stmt"/>
        <line num="85" count="26" type="stmt"/>
        <line num="91" count="58" type="stmt"/>
        <line num="94" count="58" type="stmt"/>
        <line num="95" count="58" type="stmt"/>
        <line num="96" count="57" type="cond" truecount="0" falsecount="1"/>
        <line num="97" count="0" type="stmt"/>
        <line num="98" count="0" type="stmt"/>
        <line num="101" count="57" type="stmt"/>
        <line num="104" count="57" type="stmt"/>
        <line num="105" count="57" type="stmt"/>
        <line num="106" count="56" type="cond" truecount="0" falsecount="1"/>
        <line num="107" count="0" type="stmt"/>
        <line num="108" count="0" type="stmt"/>
        <line num="111" count="56" type="cond" truecount="2" falsecount="0"/>
        <line num="112" count="50" type="stmt"/>
        <line num="113" count="50" type="stmt"/>
        <line num="114" count="50" type="cond" truecount="0" falsecount="1"/>
        <line num="115" count="0" type="stmt"/>
        <line num="116" count="0" type="stmt"/>
        <line num="119" count="50" type="stmt"/>
        <line num="123" count="6" type="stmt"/>
        <line num="124" count="6" type="stmt"/>
        <line num="125" count="4" type="cond" truecount="0" falsecount="1"/>
        <line num="126" count="0" type="stmt"/>
        <line num="127" count="0" type="stmt"/>
        <line num="130" count="4" type="stmt"/>
        <line num="135" count="54" type="stmt"/>
        <line num="139" count="54" type="stmt"/>
        <line num="141" count="54" type="stmt"/>
        <line num="142" count="53" type="cond" truecount="0" falsecount="1"/>
        <line num="145" count="0" type="cond" truecount="0" falsecount="2"/>
        <line num="146" count="0" type="stmt"/>
        <line num="148" count="0" type="stmt"/>
        <line num="150" count="0" type="stmt"/>
        <line num="151" count="0" type="cond" truecount="0" falsecount="1"/>
        <line num="152" count="0" type="stmt"/>
        <line num="153" count="0" type="stmt"/>
        <line num="156" count="0" type="stmt"/>
        <line num="157" count="0" type="stmt"/>
        <line num="160" count="53" type="stmt"/>
        <line num="161" count="53" type="stmt"/>
        <line num="164" count="5" type="stmt"/>
        <line num="166" count="1" type="stmt"/>
        <line num="170" count="0" type="stmt"/>
        <line num="171" count="0" type="stmt"/>
        <line num="184" count="19" type="stmt"/>
        <line num="185" count="19" type="stmt"/>
        <line num="187" count="19" type="stmt"/>
        <line num="188" count="19" type="cond" truecount="1" falsecount="0"/>
        <line num="189" count="1" type="stmt"/>
        <line num="190" count="1" type="stmt"/>
        <line num="192" count="18" type="stmt"/>
        <line num="194" count="18" type="cond" truecount="2" falsecount="0"/>
        <line num="199" count="5" type="stmt"/>
        <line num="201" count="5" type="stmt"/>
        <line num="203" count="13" type="stmt"/>
        <line num="206" count="13" type="stmt"/>
        <line num="210" count="13" type="stmt"/>
        <line num="211" count="12" type="cond" truecount="1" falsecount="1"/>
        <line num="212" count="0" type="stmt"/>
        <line num="213" count="0" type="stmt"/>
        <line num="215" count="14" type="stmt"/>
        <line num="217" count="12" type="stmt"/>
        <line num="220" count="12" type="stmt"/>
        <line num="221" count="12" type="stmt"/>
        <line num="222" count="11" type="cond" truecount="0" falsecount="1"/>
        <line num="223" count="0" type="stmt"/>
        <line num="224" count="0" type="stmt"/>
        <line num="227" count="11" type="stmt"/>
        <line num="230" count="2" type="stmt"/>
        <line num="244" count="37" type="stmt"/>
        <line num="245" count="37" type="stmt"/>
        <line num="250" count="37" type="stmt"/>
        <line num="251" count="37" type="stmt"/>
        <line num="252" count="36" type="cond" truecount="0" falsecount="1"/>
        <line num="253" count="0" type="stmt"/>
        <line num="254" count="0" type="stmt"/>
        <line num="258" count="36" type="cond" truecount="1" falsecount="0"/>
        <line num="259" count="3" type="stmt"/>
        <line num="260" count="3" type="stmt"/>
        <line num="262" count="33" type="stmt"/>
        <line num="265" count="33" type="stmt"/>
        <line num="269" count="33" type="stmt"/>
        <line num="270" count="32" type="cond" truecount="0" falsecount="1"/>
        <line num="271" count="0" type="stmt"/>
        <line num="272" count="0" type="stmt"/>
        <line num="275" count="32" type="cond" truecount="1" falsecount="0"/>
        <line num="276" count="3" type="stmt"/>
        <line num="277" count="3" type="stmt"/>
        <line num="281" count="29" type="stmt"/>
        <line num="282" count="43" type="stmt"/>
        <line num="283" count="43" type="stmt"/>
        <line num="284" count="43" type="stmt"/>
        <line num="285" count="42" type="cond" truecount="0" falsecount="1"/>
        <line num="286" count="0" type="stmt"/>
        <line num="287" count="0" type="stmt"/>
        <line num="289" count="42" type="cond" truecount="1" falsecount="0"/>
        <line num="290" count="5" type="stmt"/>
        <line num="291" count="5" type="stmt"/>
        <line num="293" count="37" type="cond" truecount="2" falsecount="0"/>
        <line num="294" count="1" type="stmt"/>
        <line num="295" count="1" type="stmt"/>
        <line num="297" count="36" type="stmt"/>
        <line num="305" count="29" type="stmt"/>
        <line num="306" count="22" type="stmt"/>
        <line num="307" count="36" type="stmt"/>
        <line num="308" count="36" type="stmt"/>
        <line num="309" count="36" type="stmt"/>
        <line num="310" count="36" type="cond" truecount="2" falsecount="0"/>
        <line num="311" count="2" type="stmt"/>
        <line num="312" count="2" type="stmt"/>
        <line num="314" count="34" type="stmt"/>
        <line num="321" count="22" type="stmt"/>
        <line num="323" count="20" type="stmt"/>
        <line num="324" count="20" type="stmt"/>
        <line num="325" count="20" type="stmt"/>
        <line num="326" count="20" type="stmt"/>
        <line num="327" count="19" type="cond" truecount="1" falsecount="1"/>
        <line num="328" count="0" type="stmt"/>
        <line num="329" count="0" type="stmt"/>
        <line num="331" count="19" type="stmt"/>
        <line num="335" count="3" type="stmt"/>
        <line num="338" count="7" type="stmt"/>
        <line num="343" count="2" type="stmt"/>
        <line num="360" count="8" type="stmt"/>
        <line num="361" count="8" type="stmt"/>
        <line num="382" count="8" type="stmt"/>
        <line num="383" count="8" type="cond" truecount="1" falsecount="0"/>
        <line num="384" count="1" type="stmt"/>
        <line num="385" count="1" type="stmt"/>
        <line num="388" count="7" type="stmt"/>
        <line num="389" count="7" type="stmt"/>
        <line num="390" count="7" type="stmt"/>
        <line num="391" count="7" type="cond" truecount="1" falsecount="0"/>
        <line num="392" count="4" type="stmt"/>
        <line num="401" count="7" type="stmt"/>
        <line num="408" count="7" type="stmt"/>
        <line num="411" count="7" type="stmt"/>
        <line num="421" count="23" type="stmt"/>
        <line num="422" count="23" type="stmt"/>
        <line num="425" count="23" type="stmt"/>
        <line num="426" count="23" type="stmt"/>
        <line num="428" count="22" type="cond" truecount="1" falsecount="0"/>
        <line num="429" count="1" type="stmt"/>
        <line num="430" count="1" type="stmt"/>
        <line num="434" count="21" type="cond" truecount="2" falsecount="0"/>
        <line num="435" count="4" type="stmt"/>
        <line num="436" count="4" type="stmt"/>
        <line num="439" count="17" type="stmt"/>
        <line num="443" count="17" type="stmt"/>
        <line num="444" count="16" type="cond" truecount="1" falsecount="1"/>
        <line num="445" count="0" type="stmt"/>
        <line num="446" count="0" type="stmt"/>
        <line num="448" count="16" type="cond" truecount="2" falsecount="0"/>
        <line num="450" count="1" type="stmt"/>
        <line num="452" count="15" type="stmt"/>
        <line num="453" count="15" type="stmt"/>
        <line num="454" count="15" type="cond" truecount="0" falsecount="1"/>
        <line num="455" count="0" type="stmt"/>
        <line num="456" count="0" type="stmt"/>
        <line num="458" count="15" type="cond" truecount="2" falsecount="0"/>
        <line num="459" count="3" type="stmt"/>
        <line num="460" count="3" type="stmt"/>
        <line num="463" count="12" type="stmt"/>
        <line num="465" count="12" type="stmt"/>
        <line num="466" count="12" type="cond" truecount="0" falsecount="1"/>
        <line num="467" count="0" type="stmt"/>
        <line num="468" count="0" type="stmt"/>
        <line num="470" count="12" type="cond" truecount="2" falsecount="0"/>
        <line num="471" count="4" type="stmt"/>
        <line num="472" count="4" type="stmt"/>
        <line num="475" count="8" type="stmt"/>
        <line num="476" count="8" type="stmt"/>
        <line num="477" count="8" type="stmt"/>
        <line num="478" count="8" type="stmt"/>
        <line num="479" count="8" type="cond" truecount="2" falsecount="0"/>
        <line num="480" count="6" type="stmt"/>
        <line num="482" count="6" type="stmt"/>
        <line num="483" count="6" type="cond" truecount="1" falsecount="1"/>
        <line num="484" count="0" type="stmt"/>
        <line num="485" count="0" type="stmt"/>
        <line num="487" count="6" type="stmt"/>
        <line num="488" count="6" type="stmt"/>
        <line num="506" count="2" type="stmt"/>
        <line num="508" count="2" type="stmt"/>
        <line num="509" count="2" type="cond" truecount="1" falsecount="1"/>
        <line num="510" count="0" type="stmt"/>
        <line num="511" count="0" type="stmt"/>
        <line num="515" count="2" type="stmt"/>
        <line num="517" count="2" type="stmt"/>
        <line num="518" count="2" type="cond" truecount="0" falsecount="1"/>
        <line num="519" count="0" type="stmt"/>
        <line num="520" count="0" type="stmt"/>
        <line num="522" count="2" type="stmt"/>
        <line num="537" count="2" type="stmt"/>
        <line num="547" count="9" type="stmt"/>
        <line num="548" count="9" type="stmt"/>
        <line num="550" count="9" type="stmt"/>
        <line num="551" count="9" type="cond" truecount="1" falsecount="0"/>
        <line num="552" count="1" type="stmt"/>
        <line num="553" count="1" type="stmt"/>
        <line num="555" count="8" type="cond" truecount="2" falsecount="0"/>
        <line num="556" count="3" type="stmt"/>
        <line num="557" count="3" type="stmt"/>
        <line num="559" count="5" type="stmt"/>
        <line num="561" count="5" type="stmt"/>
        <line num="562" count="4" type="cond" truecount="1" falsecount="1"/>
        <line num="563" count="0" type="stmt"/>
        <line num="564" count="0" type="stmt"/>
        <line num="567" count="4" type="stmt"/>
        <line num="569" count="4" type="stmt"/>
        <line num="570" count="3" type="cond" truecount="0" falsecount="1"/>
        <line num="571" count="0" type="stmt"/>
        <line num="572" count="0" type="stmt"/>
        <line num="575" count="3" type="stmt"/>
        <line num="593" count="7" type="stmt"/>
        <line num="594" count="7" type="stmt"/>
        <line num="597" count="7" type="stmt"/>
        <line num="598" count="7" type="stmt"/>
        <line num="599" count="7" type="cond" truecount="1" falsecount="0"/>
        <line num="600" count="2" type="stmt"/>
        <line num="601" count="2" type="stmt"/>
        <line num="604" count="5" type="stmt"/>
        <line num="605" count="5" type="stmt"/>
        <line num="606" count="5" type="cond" truecount="1" falsecount="0"/>
        <line num="607" count="1" type="stmt"/>
        <line num="608" count="1" type="stmt"/>
        <line num="612" count="4" type="stmt"/>
        <line num="637" count="7" type="stmt"/>
        <line num="638" count="7" type="stmt"/>
        <line num="657" count="7" type="stmt"/>
        <line num="658" count="7" type="cond" truecount="1" falsecount="0"/>
        <line num="659" count="1" type="stmt"/>
        <line num="660" count="1" type="stmt"/>
        <line num="663" count="6" type="stmt"/>
        <line num="664" count="6" type="stmt"/>
        <line num="665" count="7" type="stmt"/>
        <line num="666" count="7" type="cond" truecount="1" falsecount="0"/>
        <line num="667" count="4" type="stmt"/>
        <line num="676" count="7" type="stmt"/>
        <line num="683" count="7" type="stmt"/>
        <line num="685" count="6" type="stmt"/>
        <line num="708" count="14" type="stmt"/>
      </file>
      <file name="productDAO.ts" path="/Users/giacomoponzuoli/Desktop/ezelectronics/code/server/src/dao/productDAO.ts">
        <metrics statements="175" coveredstatements="173" conditionals="106" coveredconditionals="105" methods="26" coveredmethods="26"/>
        <line num="1" count="14" type="stmt"/>
        <line num="2" count="14" type="stmt"/>
        <line num="12" count="14" type="stmt"/>
        <line num="38" count="213" type="stmt"/>
        <line num="39" count="213" type="cond" truecount="1" falsecount="0"/>
        <line num="44" count="3" type="stmt"/>
        <line num="45" count="3" type="stmt"/>
        <line num="48" count="210" type="stmt"/>
        <line num="50" count="210" type="stmt"/>
        <line num="52" count="210" type="stmt"/>
        <line num="53" count="210" type="stmt"/>
        <line num="55" count="210" type="cond" truecount="3" falsecount="0"/>
        <line num="56" count="4" type="stmt"/>
        <line num="59" count="206" type="stmt"/>
        <line num="70" count="205" type="cond" truecount="1" falsecount="0"/>
        <line num="71" count="4" type="cond" truecount="2" falsecount="0"/>
        <line num="76" count="3" type="stmt"/>
        <line num="78" count="1" type="stmt"/>
        <line num="79" count="1" type="stmt"/>
        <line num="81" count="4" type="stmt"/>
        <line num="83" count="201" type="stmt"/>
        <line num="87" count="5" type="stmt"/>
        <line num="104" count="19" type="stmt"/>
        <line num="105" count="19" type="stmt"/>
        <line num="106" count="19" type="stmt"/>
        <line num="107" count="19" type="stmt"/>
        <line num="109" count="19" type="cond" truecount="3" falsecount="0"/>
        <line num="110" count="4" type="stmt"/>
        <line num="113" count="15" type="stmt"/>
        <line num="115" count="15" type="stmt"/>
        <line num="116" count="14" type="cond" truecount="1" falsecount="0"/>
        <line num="117" count="1" type="stmt"/>
        <line num="118" count="1" type="stmt"/>
        <line num="120" count="13" type="cond" truecount="1" falsecount="0"/>
        <line num="121" count="3" type="stmt"/>
        <line num="122" count="3" type="stmt"/>
        <line num="124" count="10" type="stmt"/>
        <line num="125" count="10" type="cond" truecount="3" falsecount="0"/>
        <line num="126" count="3" type="stmt"/>
        <line num="127" count="3" type="stmt"/>
        <line num="130" count="7" type="stmt"/>
        <line num="131" count="7" type="stmt"/>
        <line num="134" count="7" type="stmt"/>
        <line num="135" count="7" type="stmt"/>
        <line num="137" count="7" type="stmt"/>
        <line num="138" count="7" type="cond" truecount="1" falsecount="0"/>
        <line num="139" count="1" type="stmt"/>
        <line num="140" count="1" type="stmt"/>
        <line num="142" count="6" type="stmt"/>
        <line num="146" count="5" type="stmt"/>
        <line num="162" count="42" type="stmt"/>
        <line num="163" count="42" type="stmt"/>
        <line num="164" count="42" type="stmt"/>
        <line num="165" count="42" type="stmt"/>
        <line num="167" count="42" type="cond" truecount="3" falsecount="0"/>
        <line num="168" count="3" type="stmt"/>
        <line num="171" count="39" type="stmt"/>
        <line num="172" count="39" type="stmt"/>
        <line num="173" count="38" type="cond" truecount="1" falsecount="0"/>
        <line num="174" count="1" type="stmt"/>
        <line num="175" count="1" type="stmt"/>
        <line num="177" count="37" type="cond" truecount="1" falsecount="0"/>
        <line num="178" count="3" type="stmt"/>
        <line num="179" count="3" type="stmt"/>
        <line num="181" count="34" type="stmt"/>
        <line num="182" count="34" type="cond" truecount="3" falsecount="0"/>
        <line num="183" count="3" type="stmt"/>
        <line num="184" count="3" type="stmt"/>
        <line num="186" count="31" type="stmt"/>
        <line num="188" count="31" type="cond" truecount="1" falsecount="0"/>
        <line num="189" count="3" type="stmt"/>
        <line num="190" count="3" type="stmt"/>
        <line num="192" count="28" type="cond" truecount="1" falsecount="0"/>
        <line num="193" count="3" type="stmt"/>
        <line num="194" count="3" type="stmt"/>
        <line num="197" count="25" type="stmt"/>
        <line num="200" count="25" type="stmt"/>
        <line num="201" count="25" type="stmt"/>
        <line num="203" count="25" type="stmt"/>
        <line num="204" count="25" type="cond" truecount="1" falsecount="0"/>
        <line num="205" count="1" type="stmt"/>
        <line num="206" count="1" type="stmt"/>
        <line num="209" count="24" type="stmt"/>
        <line num="213" count="4" type="stmt"/>
        <line num="231" count="54" type="stmt"/>
        <line num="232" count="54" type="stmt"/>
        <line num="233" count="54" type="stmt"/>
        <line num="234" count="54" type="stmt"/>
        <line num="236" count="54" type="cond" truecount="4" falsecount="0"/>
        <line num="237" count="17" type="cond" truecount="3" falsecount="0"/>
        <line num="238" count="1" type="stmt"/>
        <line num="240" count="37" type="cond" truecount="2" falsecount="0"/>
        <line num="241" count="18" type="cond" truecount="4" falsecount="0"/>
        <line num="242" count="7" type="stmt"/>
        <line num="243" count="11" type="cond" truecount="1" falsecount="0"/>
        <line num="248" count="2" type="stmt"/>
        <line num="250" count="19" type="cond" truecount="2" falsecount="0"/>
        <line num="251" count="15" type="cond" truecount="3" falsecount="0"/>
        <line num="252" count="6" type="stmt"/>
        <line num="255" count="4" type="stmt"/>
        <line num="258" count="34" type="cond" truecount="4" falsecount="0"/>
        <line num="259" count="9" type="stmt"/>
        <line num="260" count="9" type="stmt"/>
        <line num="261" count="25" type="cond" truecount="3" falsecount="0"/>
        <line num="262" count="9" type="stmt"/>
        <line num="263" count="9" type="stmt"/>
        <line num="266" count="34" type="stmt"/>
        <line num="267" count="33" type="cond" truecount="1" falsecount="0"/>
        <line num="268" count="1" type="stmt"/>
        <line num="269" count="1" type="stmt"/>
        <line num="271" count="32" type="cond" truecount="3" falsecount="0"/>
        <line num="272" count="3" type="stmt"/>
        <line num="273" count="3" type="stmt"/>
        <line num="275" count="29" type="stmt"/>
        <line num="277" count="47" type="stmt"/>
        <line num="286" count="29" type="stmt"/>
        <line num="289" count="21" type="stmt"/>
        <line num="306" count="41" type="stmt"/>
        <line num="307" count="41" type="stmt"/>
        <line num="308" count="41" type="cond" truecount="4" falsecount="0"/>
        <line num="309" count="10" type="cond" truecount="3" falsecount="0"/>
        <line num="310" count="2" type="stmt"/>
        <line num="312" count="31" type="cond" truecount="2" falsecount="0"/>
        <line num="313" count="17" type="cond" truecount="4" falsecount="0"/>
        <line num="314" count="4" type="stmt"/>
        <line num="315" count="13" type="cond" truecount="1" falsecount="0"/>
        <line num="320" count="2" type="stmt"/>
        <line num="322" count="14" type="cond" truecount="2" falsecount="0"/>
        <line num="323" count="12" type="cond" truecount="3" falsecount="0"/>
        <line num="324" count="4" type="stmt"/>
        <line num="327" count="2" type="stmt"/>
        <line num="330" count="27" type="stmt"/>
        <line num="331" count="27" type="stmt"/>
        <line num="333" count="27" type="cond" truecount="4" falsecount="0"/>
        <line num="334" count="11" type="stmt"/>
        <line num="335" count="11" type="stmt"/>
        <line num="336" count="16" type="cond" truecount="3" falsecount="0"/>
        <line num="337" count="8" type="stmt"/>
        <line num="338" count="8" type="stmt"/>
        <line num="341" count="27" type="stmt"/>
        <line num="342" count="26" type="cond" truecount="1" falsecount="0"/>
        <line num="343" count="1" type="stmt"/>
        <line num="344" count="1" type="stmt"/>
        <line num="346" count="25" type="cond" truecount="3" falsecount="0"/>
        <line num="347" count="3" type="stmt"/>
        <line num="348" count="3" type="stmt"/>
        <line num="349" count="3" type="cond" truecount="0" falsecount="1"/>
        <line num="350" count="0" type="stmt"/>
        <line num="351" count="0" type="stmt"/>
        <line num="353" count="3" type="cond" truecount="2" falsecount="0"/>
        <line num="354" count="1" type="stmt"/>
        <line num="356" count="2" type="stmt"/>
        <line num="359" count="3" type="stmt"/>
        <line num="361" count="22" type="stmt"/>
        <line num="363" count="29" type="stmt"/>
        <line num="372" count="22" type="stmt"/>
        <line num="375" count="15" type="stmt"/>
        <line num="385" count="6" type="stmt"/>
        <line num="386" count="6" type="stmt"/>
        <line num="388" count="6" type="stmt"/>
        <line num="389" count="6" type="cond" truecount="2" falsecount="0"/>
        <line num="390" count="1" type="stmt"/>
        <line num="392" count="5" type="stmt"/>
        <line num="404" count="8" type="stmt"/>
        <line num="405" count="8" type="stmt"/>
        <line num="406" count="8" type="stmt"/>
        <line num="407" count="8" type="cond" truecount="1" falsecount="0"/>
        <line num="408" count="1" type="stmt"/>
        <line num="409" count="1" type="stmt"/>
        <line num="411" count="7" type="cond" truecount="2" falsecount="0"/>
        <line num="412" count="4" type="stmt"/>
        <line num="413" count="4" type="stmt"/>
        <line num="415" count="3" type="stmt"/>
        <line num="416" count="3" type="stmt"/>
        <line num="422" count="14" type="stmt"/>
      </file>
      <file name="reviewDAO.ts" path="/Users/giacomoponzuoli/Desktop/ezelectronics/code/server/src/dao/reviewDAO.ts">
        <metrics statements="86" coveredstatements="86" conditionals="16" coveredconditionals="15" methods="33" coveredmethods="33"/>
        <line num="1" count="14" type="stmt"/>
        <line num="2" count="14" type="stmt"/>
        <line num="4" count="14" type="stmt"/>
        <line num="6" count="14" type="stmt"/>
        <line num="17" count="56" type="stmt"/>
        <line num="18" count="56" type="stmt"/>
        <line num="19" count="56" type="stmt"/>
        <line num="20" count="56" type="cond" truecount="1" falsecount="0"/>
        <line num="21" count="1" type="stmt"/>
        <line num="22" count="1" type="stmt"/>
        <line num="25" count="55" type="cond" truecount="1" falsecount="0"/>
        <line num="26" count="7" type="stmt"/>
        <line num="27" count="7" type="stmt"/>
        <line num="29" count="48" type="stmt"/>
        <line num="35" count="18" type="stmt"/>
        <line num="36" count="18" type="stmt"/>
        <line num="37" count="18" type="stmt"/>
        <line num="38" count="18" type="cond" truecount="1" falsecount="0"/>
        <line num="39" count="1" type="stmt"/>
        <line num="40" count="1" type="stmt"/>
        <line num="42" count="17" type="cond" truecount="1" falsecount="0"/>
        <line num="43" count="4" type="stmt"/>
        <line num="44" count="4" type="stmt"/>
        <line num="46" count="13" type="stmt"/>
        <line num="52" count="13" type="stmt"/>
        <line num="53" count="13" type="stmt"/>
        <line num="54" count="13" type="stmt"/>
        <line num="55" count="13" type="stmt"/>
        <line num="56" count="13" type="stmt"/>
        <line num="58" count="13" type="cond" truecount="1" falsecount="1"/>
        <line num="59" count="13" type="stmt"/>
        <line num="60" count="13" type="stmt"/>
        <line num="61" count="13" type="cond" truecount="1" falsecount="0"/>
        <line num="62" count="1" type="stmt"/>
        <line num="63" count="1" type="stmt"/>
        <line num="65" count="12" type="cond" truecount="1" falsecount="0"/>
        <line num="66" count="12" type="stmt"/>
        <line num="67" count="12" type="stmt"/>
        <line num="74" count="7" type="stmt"/>
        <line num="75" count="7" type="stmt"/>
        <line num="76" count="7" type="stmt"/>
        <line num="77" count="7" type="cond" truecount="1" falsecount="0"/>
        <line num="78" count="1" type="stmt"/>
        <line num="79" count="1" type="stmt"/>
        <line num="81" count="6" type="cond" truecount="2" falsecount="0"/>
        <line num="82" count="3" type="stmt"/>
        <line num="83" count="3" type="stmt"/>
        <line num="85" count="3" type="stmt"/>
        <line num="86" count="3" type="stmt"/>
        <line num="93" count="6" type="stmt"/>
        <line num="95" count="6" type="stmt"/>
        <line num="96" count="6" type="stmt"/>
        <line num="97" count="6" type="cond" truecount="1" falsecount="0"/>
        <line num="98" count="1" type="stmt"/>
        <line num="99" count="1" type="stmt"/>
        <line num="101" count="5" type="cond" truecount="2" falsecount="0"/>
        <line num="102" count="3" type="stmt"/>
        <line num="104" count="2" type="stmt"/>
        <line num="120" count="20" type="stmt"/>
        <line num="121" count="18" type="stmt"/>
        <line num="124" count="13" type="stmt"/>
        <line num="127" count="8" type="stmt"/>
        <line num="137" count="18" type="stmt"/>
        <line num="138" count="17" type="stmt"/>
        <line num="140" count="17" type="stmt"/>
        <line num="141" count="17" type="stmt"/>
        <line num="142" count="17" type="cond" truecount="1" falsecount="0"/>
        <line num="143" count="1" type="stmt"/>
        <line num="144" count="1" type="stmt"/>
        <line num="146" count="16" type="stmt"/>
        <line num="147" count="16" type="stmt"/>
        <line num="160" count="10" type="stmt"/>
        <line num="161" count="7" type="stmt"/>
        <line num="162" count="7" type="stmt"/>
        <line num="171" count="7" type="stmt"/>
        <line num="172" count="6" type="stmt"/>
        <line num="173" count="4" type="stmt"/>
        <line num="181" count="7" type="stmt"/>
        <line num="182" count="7" type="stmt"/>
        <line num="183" count="7" type="stmt"/>
        <line num="184" count="7" type="cond" truecount="1" falsecount="0"/>
        <line num="185" count="1" type="stmt"/>
        <line num="186" count="1" type="stmt"/>
        <line num="188" count="6" type="stmt"/>
        <line num="189" count="6" type="stmt"/>
        <line num="197" count="14" type="stmt"/>
      </file>
      <file name="userDAO.ts" path="/Users/giacomoponzuoli/Desktop/ezelectronics/code/server/src/dao/userDAO.ts">
        <metrics statements="111" coveredstatements="111" conditionals="35" coveredconditionals="35" methods="28" coveredmethods="28"/>
        <line num="1" count="16" type="stmt"/>
        <line num="2" count="16" type="stmt"/>
        <line num="3" count="16" type="stmt"/>
        <line num="4" count="16" type="stmt"/>
        <line num="19" count="220" type="stmt"/>
        <line num="20" count="220" type="stmt"/>
        <line num="25" count="220" type="stmt"/>
        <line num="26" count="220" type="stmt"/>
        <line num="27" count="220" type="cond" truecount="1" falsecount="0"/>
        <line num="29" count="220" type="cond" truecount="5" falsecount="0"/>
        <line num="30" count="9" type="stmt"/>
        <line num="33" count="211" type="stmt"/>
        <line num="34" count="210" type="stmt"/>
        <line num="35" count="210" type="cond" truecount="1" falsecount="0"/>
        <line num="36" count="210" type="stmt"/>
        <line num="41" count="1" type="stmt"/>
        <line num="57" count="574" type="stmt"/>
        <line num="58" count="574" type="stmt"/>
        <line num="59" count="574" type="stmt"/>
        <line num="60" count="574" type="stmt"/>
        <line num="61" count="573" type="stmt"/>
        <line num="62" count="573" type="stmt"/>
        <line num="63" count="573" type="cond" truecount="1" falsecount="0"/>
        <line num="64" count="4" type="cond" truecount="1" falsecount="0"/>
        <line num="65" count="3" type="stmt"/>
        <line num="68" count="4" type="stmt"/>
        <line num="70" count="573" type="stmt"/>
        <line num="73" count="1" type="stmt"/>
        <line num="85" count="837" type="stmt"/>
        <line num="86" count="837" type="stmt"/>
        <line num="87" count="837" type="stmt"/>
        <line num="88" count="837" type="cond" truecount="1" falsecount="0"/>
        <line num="89" count="1" type="stmt"/>
        <line num="90" count="1" type="stmt"/>
        <line num="92" count="836" type="cond" truecount="1" falsecount="0"/>
        <line num="93" count="7" type="stmt"/>
        <line num="94" count="7" type="stmt"/>
        <line num="96" count="829" type="stmt"/>
        <line num="97" count="829" type="stmt"/>
        <line num="107" count="7" type="stmt"/>
        <line num="108" count="7" type="stmt"/>
        <line num="109" count="7" type="stmt"/>
        <line num="110" count="7" type="cond" truecount="1" falsecount="0"/>
        <line num="111" count="1" type="stmt"/>
        <line num="112" count="1" type="stmt"/>
        <line num="114" count="6" type="stmt"/>
        <line num="115" count="16" type="stmt"/>
        <line num="117" count="6" type="stmt"/>
        <line num="128" count="6" type="stmt"/>
        <line num="129" count="6" type="stmt"/>
        <line num="130" count="6" type="stmt"/>
        <line num="131" count="6" type="cond" truecount="1" falsecount="0"/>
        <line num="132" count="1" type="stmt"/>
        <line num="133" count="1" type="stmt"/>
        <line num="135" count="5" type="stmt"/>
        <line num="136" count="8" type="stmt"/>
        <line num="138" count="5" type="stmt"/>
        <line num="147" count="20" type="stmt"/>
        <line num="148" count="20" type="cond" truecount="3" falsecount="0"/>
        <line num="149" count="4" type="stmt"/>
        <line num="150" count="4" type="stmt"/>
        <line num="153" count="16" type="stmt"/>
        <line num="154" count="16" type="stmt"/>
        <line num="155" count="16" type="cond" truecount="1" falsecount="0"/>
        <line num="156" count="2" type="stmt"/>
        <line num="157" count="2" type="stmt"/>
        <line num="159" count="14" type="cond" truecount="1" falsecount="0"/>
        <line num="160" count="3" type="stmt"/>
        <line num="161" count="3" type="stmt"/>
        <line num="164" count="11" type="cond" truecount="4" falsecount="0"/>
        <line num="165" count="3" type="stmt"/>
        <line num="166" count="3" type="stmt"/>
        <line num="169" count="8" type="stmt"/>
        <line num="170" count="8" type="stmt"/>
        <line num="171" count="8" type="cond" truecount="1" falsecount="0"/>
        <line num="172" count="1" type="stmt"/>
        <line num="173" count="1" type="stmt"/>
        <line num="175" count="7" type="stmt"/>
        <line num="185" count="4" type="stmt"/>
        <line num="187" count="4" type="stmt"/>
        <line num="188" count="4" type="stmt"/>
        <line num="189" count="4" type="cond" truecount="1" falsecount="0"/>
        <line num="190" count="1" type="stmt"/>
        <line num="191" count="1" type="stmt"/>
        <line num="193" count="3" type="stmt"/>
        <line num="202" count="22" type="stmt"/>
        <line num="204" count="22" type="stmt"/>
        <line num="205" count="22" type="cond" truecount="1" falsecount="0"/>
        <line num="206" count="3" type="stmt"/>
        <line num="207" count="3" type="stmt"/>
        <line num="209" count="19" type="cond" truecount="3" falsecount="0"/>
        <line num="210" count="4" type="stmt"/>
        <line num="211" count="4" type="stmt"/>
        <line num="214" count="15" type="stmt"/>
        <line num="215" count="15" type="stmt"/>
        <line num="216" count="15" type="cond" truecount="1" falsecount="0"/>
        <line num="217" count="2" type="stmt"/>
        <line num="218" count="2" type="stmt"/>
        <line num="220" count="13" type="cond" truecount="1" falsecount="0"/>
        <line num="221" count="3" type="stmt"/>
        <line num="222" count="3" type="stmt"/>
        <line num="224" count="10" type="cond" truecount="4" falsecount="0"/>
        <line num="225" count="2" type="stmt"/>
        <line num="226" count="2" type="stmt"/>
        <line num="229" count="8" type="stmt"/>
        <line num="230" count="8" type="stmt"/>
        <line num="231" count="8" type="cond" truecount="1" falsecount="0"/>
        <line num="232" count="1" type="stmt"/>
        <line num="233" count="1" type="stmt"/>
        <line num="235" count="7" type="stmt"/>
        <line num="244" count="16" type="stmt"/>
      </file>
    </package>
    <package name="server.src.db">
      <metrics statements="14" coveredstatements="14" conditionals="5" coveredconditionals="2" methods="2" coveredmethods="2"/>
      <file name="cleanup.ts" path="/Users/giacomoponzuoli/Desktop/ezelectronics/code/server/src/db/cleanup.ts">
        <metrics statements="7" coveredstatements="7" conditionals="0" coveredconditionals="0" methods="1" coveredmethods="1"/>
        <line num="4" count="11" type="stmt"/>
        <line num="11" count="11" type="stmt"/>
        <line num="14" count="186" type="stmt"/>
        <line num="16" count="186" type="stmt"/>
        <line num="17" count="186" type="stmt"/>
        <line num="18" count="186" type="stmt"/>
        <line num="19" count="186" type="stmt"/>
      </file>
      <file name="db.ts" path="/Users/giacomoponzuoli/Desktop/ezelectronics/code/server/src/db/db.ts">
        <metrics statements="7" coveredstatements="7" conditionals="5" coveredconditionals="2" methods="1" coveredmethods="1"/>
        <line num="9" count="24" type="stmt"/>
        <line num="16" count="24" type="cond" truecount="1" falsecount="1"/>
        <line num="19" count="24" type="cond" truecount="1" falsecount="1"/>
        <line num="22" count="24" type="stmt"/>
        <line num="23" count="16" type="cond" truecount="0" falsecount="1"/>
        <line num="24" count="16" type="stmt"/>
        <line num="27" count="24" type="stmt"/>
      </file>
    </package>
    <package name="server.src.errors">
      <metrics statements="100" coveredstatements="79" conditionals="0" coveredconditionals="0" methods="24" coveredmethods="17"/>
      <file name="cartError.ts" path="/Users/giacomoponzuoli/Desktop/ezelectronics/code/server/src/errors/cartError.ts">
        <metrics statements="21" coveredstatements="15" conditionals="0" coveredconditionals="0" methods="5" coveredmethods="3"/>
        <line num="1" count="15" type="stmt"/>
        <line num="2" count="15" type="stmt"/>
        <line num="3" count="15" type="stmt"/>
        <line num="4" count="15" type="stmt"/>
        <line num="5" count="15" type="stmt"/>
        <line num="15" count="21" type="stmt"/>
        <line num="16" count="21" type="stmt"/>
        <line num="17" count="21" type="stmt"/>
        <line num="29" count="0" type="stmt"/>
        <line num="30" count="0" type="stmt"/>
        <line num="31" count="0" type="stmt"/>
        <line num="43" count="6" type="stmt"/>
        <line num="44" count="6" type="stmt"/>
        <line num="45" count="6" type="stmt"/>
        <line num="57" count="0" type="stmt"/>
        <line num="58" count="0" type="stmt"/>
        <line num="59" count="0" type="stmt"/>
        <line num="68" count="12" type="stmt"/>
        <line num="69" count="12" type="stmt"/>
        <line num="70" count="12" type="stmt"/>
        <line num="74" count="15" type="stmt"/>
      </file>
      <file name="productError.ts" path="/Users/giacomoponzuoli/Desktop/ezelectronics/code/server/src/errors/productError.ts">
        <metrics statements="33" coveredstatements="30" conditionals="0" coveredconditionals="0" methods="8" coveredmethods="7"/>
        <line num="1" count="19" type="stmt"/>
        <line num="2" count="19" type="stmt"/>
        <line num="3" count="19" type="stmt"/>
        <line num="4" count="19" type="stmt"/>
        <line num="5" count="19" type="stmt"/>
        <line num="6" count="19" type="stmt"/>
        <line num="7" count="19" type="stmt"/>
        <line num="8" count="19" type="stmt"/>
        <line num="17" count="41" type="stmt"/>
        <line num="18" count="41" type="stmt"/>
        <line num="19" count="41" type="stmt"/>
        <line num="31" count="3" type="stmt"/>
        <line num="32" count="3" type="stmt"/>
        <line num="33" count="3" type="stmt"/>
        <line num="45" count="0" type="stmt"/>
        <line num="46" count="0" type="stmt"/>
        <line num="47" count="0" type="stmt"/>
        <line num="56" count="19" type="stmt"/>
        <line num="57" count="19" type="stmt"/>
        <line num="58" count="19" type="stmt"/>
        <line num="67" count="8" type="stmt"/>
        <line num="68" count="8" type="stmt"/>
        <line num="69" count="8" type="stmt"/>
        <line num="79" count="17" type="stmt"/>
        <line num="80" count="17" type="stmt"/>
        <line num="81" count="17" type="stmt"/>
        <line num="90" count="32" type="stmt"/>
        <line num="91" count="32" type="stmt"/>
        <line num="92" count="32" type="stmt"/>
        <line num="101" count="10" type="stmt"/>
        <line num="102" count="10" type="stmt"/>
        <line num="103" count="10" type="stmt"/>
        <line num="107" count="19" type="stmt"/>
      </file>
      <file name="reviewError.ts" path="/Users/giacomoponzuoli/Desktop/ezelectronics/code/server/src/errors/reviewError.ts">
        <metrics statements="13" coveredstatements="10" conditionals="0" coveredconditionals="0" methods="3" coveredmethods="2"/>
        <line num="1" count="14" type="stmt"/>
        <line num="2" count="14" type="stmt"/>
        <line num="3" count="14" type="stmt"/>
        <line num="10" count="4" type="stmt"/>
        <line num="11" count="4" type="stmt"/>
        <line num="12" count="4" type="stmt"/>
        <line num="21" count="5" type="stmt"/>
        <line num="22" count="5" type="stmt"/>
        <line num="23" count="5" type="stmt"/>
        <line num="32" count="0" type="stmt"/>
        <line num="33" count="0" type="stmt"/>
        <line num="34" count="0" type="stmt"/>
        <line num="38" count="14" type="stmt"/>
      </file>
      <file name="userError.ts" path="/Users/giacomoponzuoli/Desktop/ezelectronics/code/server/src/errors/userError.ts">
        <metrics statements="33" coveredstatements="24" conditionals="0" coveredconditionals="0" methods="8" coveredmethods="5"/>
        <line num="1" count="18" type="stmt"/>
        <line num="2" count="18" type="stmt"/>
        <line num="3" count="18" type="stmt"/>
        <line num="4" count="18" type="stmt"/>
        <line num="5" count="18" type="stmt"/>
        <line num="6" count="18" type="stmt"/>
        <line num="7" count="18" type="stmt"/>
        <line num="8" count="18" type="stmt"/>
        <line num="18" count="18" type="stmt"/>
        <line num="19" count="18" type="stmt"/>
        <line num="20" count="18" type="stmt"/>
        <line num="32" count="0" type="stmt"/>
        <line num="33" count="0" type="stmt"/>
        <line num="34" count="0" type="stmt"/>
        <line num="46" count="0" type="stmt"/>
        <line num="47" count="0" type="stmt"/>
        <line num="48" count="0" type="stmt"/>
        <line num="62" count="6" type="stmt"/>
        <line num="63" count="6" type="stmt"/>
        <line num="64" count="6" type="stmt"/>
        <line num="73" count="0" type="stmt"/>
        <line num="74" count="0" type="stmt"/>
        <line num="75" count="0" type="stmt"/>
        <line num="84" count="7" type="stmt"/>
        <line num="85" count="7" type="stmt"/>
        <line num="86" count="7" type="stmt"/>
        <line num="95" count="18" type="stmt"/>
        <line num="96" count="18" type="stmt"/>
        <line num="97" count="18" type="stmt"/>
        <line num="106" count="5" type="stmt"/>
        <line num="107" count="5" type="stmt"/>
        <line num="108" count="5" type="stmt"/>
        <line num="112" count="18" type="stmt"/>
      </file>
    </package>
    <package name="server.src.routers">
      <metrics statements="230" coveredstatements="224" conditionals="23" coveredconditionals="18" methods="133" coveredmethods="128"/>
      <file name="auth.ts" path="/Users/giacomoponzuoli/Desktop/ezelectronics/code/server/src/routers/auth.ts">
        <metrics statements="44" coveredstatements="42" conditionals="19" coveredconditionals="14" methods="21" coveredmethods="20"/>
        <line num="3" count="12" type="stmt"/>
        <line num="4" count="12" type="stmt"/>
        <line num="5" count="12" type="stmt"/>
        <line num="6" count="12" type="stmt"/>
        <line num="7" count="12" type="stmt"/>
        <line num="21" count="10" type="stmt"/>
        <line num="22" count="10" type="stmt"/>
        <line num="23" count="10" type="stmt"/>
        <line num="31" count="10" type="stmt"/>
        <line num="38" count="10" type="stmt"/>
        <line num="39" count="10" type="stmt"/>
        <line num="41" count="10" type="stmt"/>
        <line num="48" count="10" type="stmt"/>
        <line num="50" count="214" type="stmt"/>
        <line num="51" count="214" type="cond" truecount="2" falsecount="0"/>
        <line num="52" count="206" type="stmt"/>
        <line num="53" count="206" type="stmt"/>
        <line num="56" count="8" type="stmt"/>
        <line num="66" count="10" type="stmt"/>
        <line num="67" count="206" type="stmt"/>
        <line num="76" count="10" type="stmt"/>
        <line num="77" count="606" type="stmt"/>
        <line num="78" count="604" type="stmt"/>
        <line num="80" count="2" type="stmt"/>
        <line num="97" count="214" type="stmt"/>
        <line num="98" count="214" type="stmt"/>
        <line num="99" count="214" type="cond" truecount="0" falsecount="1"/>
        <line num="100" count="214" type="cond" truecount="1" falsecount="0"/>
        <line num="102" count="206" type="stmt"/>
        <line num="103" count="206" type="cond" truecount="0" falsecount="1"/>
        <line num="104" count="206" type="stmt"/>
        <line num="118" count="2" type="stmt"/>
        <line num="119" count="2" type="stmt"/>
        <line num="132" count="653" type="cond" truecount="1" falsecount="0"/>
        <line num="133" count="51" type="stmt"/>
        <line num="145" count="158" type="cond" truecount="3" falsecount="0"/>
        <line num="146" count="22" type="stmt"/>
        <line num="158" count="0" type="cond" truecount="0" falsecount="3"/>
        <line num="159" count="0" type="stmt"/>
        <line num="163" count="24" type="cond" truecount="3" falsecount="0"/>
        <line num="164" count="11" type="stmt"/>
        <line num="168" count="297" type="cond" truecount="4" falsecount="0"/>
        <line num="169" count="18" type="stmt"/>
        <line num="174" count="12" type="stmt"/>
      </file>
      <file name="cartRoutes.ts" path="/Users/giacomoponzuoli/Desktop/ezelectronics/code/server/src/routers/cartRoutes.ts">
        <metrics statements="43" coveredstatements="43" conditionals="0" coveredconditionals="0" methods="27" coveredmethods="27"/>
        <line num="1" count="12" type="stmt"/>
        <line num="2" count="12" type="stmt"/>
        <line num="3" count="12" type="stmt"/>
        <line num="4" count="12" type="stmt"/>
        <line num="22" count="12" type="stmt"/>
        <line num="23" count="12" type="stmt"/>
        <line num="24" count="12" type="stmt"/>
        <line num="25" count="12" type="stmt"/>
        <line num="26" count="12" type="stmt"/>
        <line num="34" count="12" type="stmt"/>
        <line num="51" count="12" type="stmt"/>
        <line num="56" count="16" type="stmt"/>
        <line num="58" count="15" type="stmt"/>
        <line num="61" count="1" type="stmt"/>
        <line num="72" count="12" type="stmt"/>
        <line num="78" count="60" type="stmt"/>
        <line num="79" count="51" type="stmt"/>
        <line num="81" count="9" type="stmt"/>
        <line num="91" count="12" type="stmt"/>
        <line num="96" count="18" type="stmt"/>
        <line num="97" count="5" type="stmt"/>
        <line num="99" count="13" type="stmt"/>
        <line num="108" count="12" type="stmt"/>
        <line num="113" count="7" type="stmt"/>
        <line num="114" count="6" type="stmt"/>
        <line num="115" count="1" type="stmt"/>
        <line num="124" count="12" type="stmt"/>
        <line num="130" count="20" type="stmt"/>
        <line num="131" count="7" type="stmt"/>
        <line num="133" count="13" type="stmt"/>
        <line num="143" count="12" type="stmt"/>
        <line num="148" count="7" type="stmt"/>
        <line num="149" count="3" type="stmt"/>
        <line num="150" count="4" type="stmt"/>
        <line num="158" count="12" type="stmt"/>
        <line num="163" count="5" type="stmt"/>
        <line num="164" count="4" type="stmt"/>
        <line num="165" count="1" type="stmt"/>
        <line num="173" count="12" type="stmt"/>
        <line num="178" count="6" type="stmt"/>
        <line num="179" count="5" type="stmt"/>
        <line num="180" count="1" type="stmt"/>
        <line num="185" count="12" type="stmt"/>
      </file>
      <file name="productRoutes.ts" path="/Users/giacomoponzuoli/Desktop/ezelectronics/code/server/src/routers/productRoutes.ts">
        <metrics statements="42" coveredstatements="42" conditionals="0" coveredconditionals="0" methods="24" coveredmethods="24"/>
        <line num="1" count="12" type="stmt"/>
        <line num="2" count="12" type="stmt"/>
        <line num="3" count="12" type="stmt"/>
        <line num="4" count="12" type="stmt"/>
        <line num="26" count="12" type="stmt"/>
        <line num="27" count="12" type="stmt"/>
        <line num="28" count="12" type="stmt"/>
        <line num="29" count="12" type="stmt"/>
        <line num="30" count="12" type="stmt"/>
        <line num="38" count="12" type="stmt"/>
        <line num="62" count="12" type="stmt"/>
        <line num="75" count="113" type="stmt"/>
        <line num="84" count="104" type="stmt"/>
        <line num="86" count="9" type="stmt"/>
        <line num="87" count="9" type="stmt"/>
        <line num="100" count="12" type="stmt"/>
        <line num="113" count="14" type="stmt"/>
        <line num="120" count="6" type="stmt"/>
        <line num="122" count="8" type="stmt"/>
        <line num="134" count="12" type="stmt"/>
        <line num="146" count="35" type="stmt"/>
        <line num="153" count="24" type="stmt"/>
        <line num="156" count="11" type="stmt"/>
        <line num="157" count="11" type="stmt"/>
        <line num="170" count="12" type="stmt"/>
        <line num="181" count="51" type="stmt"/>
        <line num="183" count="29" type="stmt"/>
        <line num="185" count="22" type="stmt"/>
        <line num="186" count="22" type="stmt"/>
        <line num="199" count="12" type="stmt"/>
        <line num="210" count="37" type="stmt"/>
        <line num="216" count="23" type="stmt"/>
        <line num="217" count="13" type="stmt"/>
        <line num="225" count="12" type="stmt"/>
        <line num="231" count="6" type="stmt"/>
        <line num="233" count="5" type="stmt"/>
        <line num="234" count="1" type="stmt"/>
        <line num="243" count="12" type="stmt"/>
        <line num="250" count="7" type="stmt"/>
        <line num="252" count="4" type="stmt"/>
        <line num="253" count="3" type="stmt"/>
        <line num="258" count="12" type="stmt"/>
      </file>
      <file name="reviewRoutes.ts" path="/Users/giacomoponzuoli/Desktop/ezelectronics/code/server/src/routers/reviewRoutes.ts">
        <metrics statements="33" coveredstatements="33" conditionals="0" coveredconditionals="0" methods="19" coveredmethods="19"/>
        <line num="1" count="12" type="stmt"/>
        <line num="2" count="12" type="stmt"/>
        <line num="3" count="12" type="stmt"/>
        <line num="4" count="12" type="stmt"/>
        <line num="15" count="12" type="stmt"/>
        <line num="16" count="12" type="stmt"/>
        <line num="17" count="12" type="stmt"/>
        <line num="18" count="12" type="stmt"/>
        <line num="19" count="12" type="stmt"/>
        <line num="23" count="12" type="stmt"/>
        <line num="37" count="12" type="stmt"/>
        <line num="45" count="11" type="stmt"/>
        <line num="46" count="6" type="stmt"/>
        <line num="47" count="5" type="stmt"/>
        <line num="56" count="12" type="stmt"/>
        <line num="61" count="18" type="stmt"/>
        <line num="62" count="16" type="stmt"/>
        <line num="63" count="2" type="stmt"/>
        <line num="72" count="12" type="stmt"/>
        <line num="78" count="8" type="stmt"/>
        <line num="79" count="3" type="stmt"/>
        <line num="80" count="5" type="stmt"/>
        <line num="89" count="12" type="stmt"/>
        <line num="95" count="6" type="stmt"/>
        <line num="96" count="3" type="stmt"/>
        <line num="97" count="3" type="stmt"/>
        <line num="105" count="12" type="stmt"/>
        <line num="109" count="6" type="stmt"/>
        <line num="110" count="5" type="stmt"/>
        <line num="111" count="1" type="stmt"/>
        <line num="117" count="12" type="stmt"/>
        <line num="120" count="1" type="stmt"/>
        <line num="126" count="12" type="stmt"/>
      </file>
      <file name="userRoutes.ts" path="/Users/giacomoponzuoli/Desktop/ezelectronics/code/server/src/routers/userRoutes.ts">
        <metrics statements="68" coveredstatements="64" conditionals="4" coveredconditionals="4" methods="42" coveredmethods="38"/>
        <line num="1" count="12" type="stmt"/>
        <line num="3" count="12" type="stmt"/>
        <line num="4" count="12" type="stmt"/>
        <line num="5" count="12" type="stmt"/>
        <line num="6" count="12" type="stmt"/>
        <line num="7" count="12" type="stmt"/>
        <line num="23" count="12" type="stmt"/>
        <line num="24" count="12" type="stmt"/>
        <line num="25" count="12" type="stmt"/>
        <line num="26" count="12" type="stmt"/>
        <line num="27" count="12" type="stmt"/>
        <line num="35" count="12" type="stmt"/>
        <line num="58" count="12" type="stmt"/>
        <line num="66" count="167" type="stmt"/>
        <line num="67" count="147" type="stmt"/>
        <line num="68" count="144" type="stmt"/>
        <line num="70" count="3" type="stmt"/>
        <line num="79" count="12" type="stmt"/>
        <line num="83" count="6" type="stmt"/>
        <line num="84" count="6" type="stmt"/>
        <line num="85" count="6" type="stmt"/>
        <line num="86" count="0" type="stmt"/>
        <line num="96" count="12" type="stmt"/>
        <line num="101" count="8" type="stmt"/>
        <line num="102" count="5" type="stmt"/>
        <line num="103" count="5" type="stmt"/>
        <line num="104" count="0" type="stmt"/>
        <line num="113" count="12" type="stmt"/>
        <line num="117" count="31" type="stmt"/>
        <line num="119" count="30" type="stmt"/>
        <line num="120" count="30" type="stmt"/>
        <line num="121" count="30" type="cond" truecount="4" falsecount="0"/>
        <line num="122" count="25" type="stmt"/>
        <line num="123" count="20" type="stmt"/>
        <line num="124" count="5" type="stmt"/>
        <line num="127" count="5" type="stmt"/>
        <line num="139" count="12" type="stmt"/>
        <line num="142" count="19" type="stmt"/>
        <line num="143" count="19" type="stmt"/>
        <line num="144" count="9" type="stmt"/>
        <line num="145" count="10" type="stmt"/>
        <line num="154" count="12" type="stmt"/>
        <line num="158" count="3" type="stmt"/>
        <line num="159" count="3" type="stmt"/>
        <line num="160" count="3" type="stmt"/>
        <line num="161" count="0" type="stmt"/>
        <line num="175" count="12" type="stmt"/>
        <line num="182" count="31" type="stmt"/>
        <line num="183" count="19" type="stmt"/>
        <line num="184" count="8" type="stmt"/>
        <line num="185" count="11" type="stmt"/>
        <line num="204" count="12" type="stmt"/>
        <line num="205" count="12" type="stmt"/>
        <line num="206" count="12" type="stmt"/>
        <line num="207" count="12" type="stmt"/>
        <line num="211" count="12" type="stmt"/>
        <line num="232" count="12" type="stmt"/>
        <line num="238" count="219" type="stmt"/>
        <line num="239" count="215" type="stmt"/>
        <line num="240" count="207" type="stmt"/>
        <line num="241" count="8" type="stmt"/>
        <line num="249" count="12" type="stmt"/>
        <line num="252" count="3" type="stmt"/>
        <line num="253" count="3" type="stmt"/>
        <line num="254" count="0" type="stmt"/>
        <line num="262" count="12" type="stmt"/>
        <line num="265" count="3" type="stmt"/>
        <line num="272" count="12" type="stmt"/>
      </file>
    </package>
  </project>
</coverage>
