{"/Users/giacomoponzuoli/Desktop/ezelectronics/code/server/index.ts": {"path":"/Users/giacomoponzuoli/Desktop/ezelectronics/code/server/index.ts","statementMap":{"0":{"start":{"line":1,"column":13},"end":{"line":1,"column":28}},"1":{"start":{"line":2,"column":0},"end":{"line":2,"column":30}},"2":{"start":{"line":3,"column":0},"end":{"line":3,"column":37}},"3":{"start":{"line":4,"column":0},"end":{"line":4,"column":28}},"4":{"start":{"line":6,"column":0},"end":{"line":6,"column":16}},"5":{"start":{"line":7,"column":33},"end":{"line":7,"column":42}},"6":{"start":{"line":23,"column":9},"end":{"line":23,"column":12}},"7":{"start":{"line":9,"column":21},"end":{"line":9,"column":25}},"8":{"start":{"line":11,"column":20},"end":{"line":14,"column":2}},"9":{"start":{"line":15,"column":0},"end":{"line":15,"column":27}},"10":{"start":{"line":16,"column":0},"end":{"line":16,"column":null}},"11":{"start":{"line":17,"column":0},"end":{"line":21,"column":null}},"12":{"start":{"line":18,"column":4},"end":{"line":20,"column":7}},"13":{"start":{"line":19,"column":8},"end":{"line":19,"column":68}}},"fnMap":{"0":{"name":"(anonymous_1)","decl":{"start":{"line":18,"column":21},"end":{"line":18,"column":24}},"loc":{"start":{"line":18,"column":26},"end":{"line":20,"column":5}}}},"branchMap":{"0":{"loc":{"start":{"line":17,"column":0},"end":{"line":21,"column":null}},"type":"if","locations":[{"start":{"line":17,"column":0},"end":{"line":21,"column":null}}]}},"s":{"0":12,"1":12,"2":12,"3":12,"4":12,"5":12,"6":12,"7":12,"8":12,"9":12,"10":12,"11":12,"12":0,"13":0},"f":{"0":0},"b":{"0":[0]}}
,"/Users/giacomoponzuoli/Desktop/ezelectronics/code/server/src/helper.ts": {"path":"/Users/giacomoponzuoli/Desktop/ezelectronics/code/server/src/helper.ts","statementMap":{"0":{"start":{"line":1,"column":29},"end":{"line":1,"column":57}},"1":{"start":{"line":17,"column":23},"end":{"line":17,"column":44}},"2":{"start":{"line":18,"column":8},"end":{"line":24,"column":null}},"3":{"start":{"line":19,"column":24},"end":{"line":19,"column":71}},"4":{"start":{"line":20,"column":12},"end":{"line":22,"column":null}},"5":{"start":{"line":21,"column":16},"end":{"line":21,"column":null}},"6":{"start":{"line":23,"column":12},"end":{"line":23,"column":null}},"7":{"start":{"line":25,"column":8},"end":{"line":25,"column":null}},"8":{"start":{"line":33,"column":8},"end":{"line":38,"column":null}},"9":{"start":{"line":34,"column":12},"end":{"line":37,"column":15}},"10":{"start":{"line":42,"column":0},"end":{"line":42,"column":null}}},"fnMap":{"0":{"name":"(anonymous_0)","decl":{"start":{"line":16,"column":4},"end":{"line":16,"column":19}},"loc":{"start":{"line":16,"column":49},"end":{"line":26,"column":5}}},"1":{"name":"(anonymous_1)","decl":{"start":{"line":20,"column":35},"end":{"line":20,"column":36}},"loc":{"start":{"line":20,"column":46},"end":{"line":22,"column":13}}},"2":{"name":"(anonymous_2)","decl":{"start":{"line":32,"column":4},"end":{"line":32,"column":10}},"loc":{"start":{"line":32,"column":59},"end":{"line":39,"column":5}}},"3":{"name":"(anonymous_3)","decl":{"start":{"line":33,"column":19},"end":{"line":33,"column":20}},"loc":{"start":{"line":33,"column":63},"end":{"line":38,"column":9}}}},"branchMap":{"0":{"loc":{"start":{"line":18,"column":8},"end":{"line":24,"column":null}},"type":"if","locations":[{"start":{"line":18,"column":8},"end":{"line":24,"column":null}}]},"1":{"loc":{"start":{"line":34,"column":30},"end":{"line":34,"column":51}},"type":"binary-expr","locations":[{"start":{"line":34,"column":30},"end":{"line":34,"column":44}},{"start":{"line":34,"column":48},"end":{"line":34,"column":51}}]},"2":{"loc":{"start":{"line":35,"column":23},"end":{"line":35,"column":67}},"type":"binary-expr","locations":[{"start":{"line":35,"column":23},"end":{"line":35,"column":40}},{"start":{"line":35,"column":44},"end":{"line":35,"column":67}}]},"3":{"loc":{"start":{"line":36,"column":24},"end":{"line":36,"column":45}},"type":"binary-expr","locations":[{"start":{"line":36,"column":24},"end":{"line":36,"column":38}},{"start":{"line":36,"column":42},"end":{"line":36,"column":45}}]}},"s":{"0":12,"1":965,"2":965,"3":81,"4":81,"5":88,"6":81,"7":884,"8":12,"9":156,"10":12},"f":{"0":965,"1":88,"2":12,"3":156},"b":{"0":[81],"1":[156,19],"2":[156,19],"3":[156,19]}}
,"/Users/giacomoponzuoli/Desktop/ezelectronics/code/server/src/routes.ts": {"path":"/Users/giacomoponzuoli/Desktop/ezelectronics/code/server/src/routes.ts","statementMap":{"0":{"start":{"line":1,"column":0},"end":{"line":1,"column":29}},"1":{"start":{"line":2,"column":0},"end":{"line":2,"column":35}},"2":{"start":{"line":3,"column":0},"end":{"line":3,"column":42}},"3":{"start":{"line":4,"column":0},"end":{"line":4,"column":61}},"4":{"start":{"line":5,"column":0},"end":{"line":5,"column":51}},"5":{"start":{"line":6,"column":0},"end":{"line":6,"column":45}},"6":{"start":{"line":7,"column":0},"end":{"line":7,"column":49}},"7":{"start":{"line":9,"column":15},"end":{"line":9,"column":32}},"8":{"start":{"line":10,"column":15},"end":{"line":10,"column":31}},"9":{"start":{"line":22,"column":4},"end":{"line":22,"column":27}},"10":{"start":{"line":23,"column":4},"end":{"line":23,"column":null}},"11":{"start":{"line":24,"column":4},"end":{"line":24,"column":null}},"12":{"start":{"line":32,"column":26},"end":{"line":32,"column":48}},"13":{"start":{"line":33,"column":23},"end":{"line":33,"column":52}},"14":{"start":{"line":34,"column":23},"end":{"line":34,"column":52}},"15":{"start":{"line":35,"column":26},"end":{"line":35,"column":58}},"16":{"start":{"line":36,"column":23},"end":{"line":36,"column":52}},"17":{"start":{"line":37,"column":25},"end":{"line":37,"column":56}},"18":{"start":{"line":42,"column":4},"end":{"line":42,"column":null}},"19":{"start":{"line":43,"column":4},"end":{"line":43,"column":null}},"20":{"start":{"line":44,"column":4},"end":{"line":44,"column":null}},"21":{"start":{"line":45,"column":4},"end":{"line":45,"column":null}},"22":{"start":{"line":46,"column":4},"end":{"line":46,"column":null}},"23":{"start":{"line":48,"column":4},"end":{"line":48,"column":null}},"24":{"start":{"line":51,"column":0},"end":{"line":51,"column":null}}},"fnMap":{"0":{"name":"initRoutes","decl":{"start":{"line":21,"column":9},"end":{"line":21,"column":19}},"loc":{"start":{"line":21,"column":44},"end":{"line":49,"column":1}}}},"branchMap":{},"s":{"0":12,"1":12,"2":12,"3":12,"4":12,"5":12,"6":12,"7":12,"8":12,"9":12,"10":12,"11":12,"12":12,"13":12,"14":12,"15":12,"16":12,"17":12,"18":12,"19":12,"20":12,"21":12,"22":12,"23":12,"24":12},"f":{"0":12},"b":{}}
,"/Users/giacomoponzuoli/Desktop/ezelectronics/code/server/src/utilities.ts": {"path":"/Users/giacomoponzuoli/Desktop/ezelectronics/code/server/src/utilities.ts","statementMap":{"0":{"start":{"line":1,"column":0},"end":{"line":1,"column":46}},"1":{"start":{"line":2,"column":19},"end":{"line":2,"column":71}},"2":{"start":{"line":14,"column":8},"end":{"line":14,"column":null}},"3":{"start":{"line":22,"column":8},"end":{"line":22,"column":null}},"4":{"start":{"line":26,"column":8},"end":{"line":26,"column":null}},"5":{"start":{"line":42,"column":9},"end":{"line":42,"column":16}},"6":{"start":{"line":36,"column":8},"end":{"line":36,"column":null}},"7":{"start":{"line":37,"column":8},"end":{"line":37,"column":null}},"8":{"start":{"line":38,"column":8},"end":{"line":38,"column":null}},"9":{"start":{"line":42,"column":18},"end":{"line":42,"column":27}}},"fnMap":{"0":{"name":"(anonymous_0)","decl":{"start":{"line":13,"column":4},"end":{"line":13,"column":10}},"loc":{"start":{"line":13,"column":31},"end":{"line":15,"column":5}}},"1":{"name":"(anonymous_1)","decl":{"start":{"line":21,"column":4},"end":{"line":21,"column":10}},"loc":{"start":{"line":21,"column":32},"end":{"line":23,"column":5}}},"2":{"name":"(anonymous_2)","decl":{"start":{"line":25,"column":4},"end":{"line":25,"column":10}},"loc":{"start":{"line":25,"column":29},"end":{"line":27,"column":5}}},"3":{"name":"(anonymous_3)","decl":{"start":{"line":35,"column":4},"end":{"line":35,"column":null}},"loc":{"start":{"line":35,"column":4},"end":{"line":39,"column":5}}}},"branchMap":{},"s":{"0":12,"1":12,"2":276,"3":158,"4":321,"5":12,"6":0,"7":0,"8":0,"9":12},"f":{"0":276,"1":158,"2":321,"3":0},"b":{}}
,"/Users/giacomoponzuoli/Desktop/ezelectronics/code/server/src/components/cart.ts": {"path":"/Users/giacomoponzuoli/Desktop/ezelectronics/code/server/src/components/cart.ts","statementMap":{"0":{"start":{"line":22,"column":8},"end":{"line":22,"column":null}},"1":{"start":{"line":23,"column":8},"end":{"line":23,"column":null}},"2":{"start":{"line":24,"column":8},"end":{"line":24,"column":null}},"3":{"start":{"line":25,"column":8},"end":{"line":25,"column":null}},"4":{"start":{"line":26,"column":8},"end":{"line":26,"column":null}},"5":{"start":{"line":54,"column":9},"end":{"line":54,"column":13}},"6":{"start":{"line":47,"column":8},"end":{"line":47,"column":null}},"7":{"start":{"line":48,"column":8},"end":{"line":48,"column":null}},"8":{"start":{"line":49,"column":8},"end":{"line":49,"column":null}},"9":{"start":{"line":50,"column":8},"end":{"line":50,"column":null}},"10":{"start":{"line":54,"column":15},"end":{"line":54,"column":28}}},"fnMap":{"0":{"name":"(anonymous_0)","decl":{"start":{"line":21,"column":4},"end":{"line":21,"column":16}},"loc":{"start":{"line":21,"column":110},"end":{"line":27,"column":5}}},"1":{"name":"(anonymous_1)","decl":{"start":{"line":46,"column":4},"end":{"line":46,"column":16}},"loc":{"start":{"line":46,"column":82},"end":{"line":51,"column":5}}}},"branchMap":{},"s":{"0":52,"1":52,"2":52,"3":52,"4":52,"5":15,"6":64,"7":64,"8":64,"9":64,"10":15},"f":{"0":52,"1":64},"b":{}}
,"/Users/giacomoponzuoli/Desktop/ezelectronics/code/server/src/components/product.ts": {"path":"/Users/giacomoponzuoli/Desktop/ezelectronics/code/server/src/components/product.ts","statementMap":{"0":{"start":{"line":23,"column":8},"end":{"line":23,"column":41}},"1":{"start":{"line":24,"column":8},"end":{"line":24,"column":27}},"2":{"start":{"line":25,"column":8},"end":{"line":25,"column":33}},"3":{"start":{"line":26,"column":8},"end":{"line":26,"column":39}},"4":{"start":{"line":27,"column":8},"end":{"line":27,"column":31}},"5":{"start":{"line":28,"column":8},"end":{"line":28,"column":33}},"6":{"start":{"line":41,"column":9},"end":{"line":41,"column":16}},"7":{"start":{"line":35,"column":0},"end":{"line":35,"column":null}},"8":{"start":{"line":36,"column":4},"end":{"line":36,"column":null}},"9":{"start":{"line":37,"column":4},"end":{"line":37,"column":null}},"10":{"start":{"line":38,"column":4},"end":{"line":38,"column":null}},"11":{"start":{"line":41,"column":18},"end":{"line":41,"column":26}}},"fnMap":{"0":{"name":"(anonymous_0)","decl":{"start":{"line":22,"column":4},"end":{"line":22,"column":16}},"loc":{"start":{"line":22,"column":141},"end":{"line":29,"column":5}}},"1":{"name":"(anonymous_1)","decl":{"start":{"line":35,"column":0},"end":{"line":35,"column":5}},"loc":{"start":{"line":35,"column":13},"end":{"line":39,"column":1}}}},"branchMap":{"0":{"loc":{"start":{"line":35,"column":5},"end":{"line":35,"column":null}},"type":"binary-expr","locations":[{"start":{"line":35,"column":5},"end":{"line":35,"column":13}},{"start":{"line":35,"column":5},"end":{"line":35,"column":null}}]}},"s":{"0":129,"1":129,"2":129,"3":129,"4":129,"5":129,"6":16,"7":16,"8":16,"9":16,"10":16,"11":16},"f":{"0":129,"1":16},"b":{"0":[16,16]}}
,"/Users/giacomoponzuoli/Desktop/ezelectronics/code/server/src/components/review.ts": {"path":"/Users/giacomoponzuoli/Desktop/ezelectronics/code/server/src/components/review.ts","statementMap":{"0":{"start":{"line":20,"column":8},"end":{"line":20,"column":null}},"1":{"start":{"line":21,"column":8},"end":{"line":21,"column":null}},"2":{"start":{"line":22,"column":8},"end":{"line":22,"column":null}},"3":{"start":{"line":23,"column":8},"end":{"line":23,"column":null}},"4":{"start":{"line":24,"column":8},"end":{"line":24,"column":null}},"5":{"start":{"line":28,"column":9},"end":{"line":28,"column":22}}},"fnMap":{"0":{"name":"(anonymous_0)","decl":{"start":{"line":19,"column":4},"end":{"line":19,"column":16}},"loc":{"start":{"line":19,"column":89},"end":{"line":25,"column":5}}}},"branchMap":{},"s":{"0":13,"1":13,"2":13,"3":13,"4":13,"5":14},"f":{"0":13},"b":{}}
,"/Users/giacomoponzuoli/Desktop/ezelectronics/code/server/src/components/user.ts": {"path":"/Users/giacomoponzuoli/Desktop/ezelectronics/code/server/src/components/user.ts","statementMap":{"0":{"start":{"line":22,"column":8},"end":{"line":22,"column":null}},"1":{"start":{"line":23,"column":8},"end":{"line":23,"column":null}},"2":{"start":{"line":24,"column":8},"end":{"line":24,"column":null}},"3":{"start":{"line":25,"column":8},"end":{"line":25,"column":null}},"4":{"start":{"line":26,"column":8},"end":{"line":26,"column":null}},"5":{"start":{"line":27,"column":8},"end":{"line":27,"column":null}},"6":{"start":{"line":41,"column":9},"end":{"line":41,"column":13}},"7":{"start":{"line":35,"column":0},"end":{"line":35,"column":null}},"8":{"start":{"line":36,"column":4},"end":{"line":36,"column":null}},"9":{"start":{"line":37,"column":4},"end":{"line":37,"column":null}},"10":{"start":{"line":38,"column":4},"end":{"line":38,"column":null}},"11":{"start":{"line":41,"column":15},"end":{"line":41,"column":19}}},"fnMap":{"0":{"name":"(anonymous_0)","decl":{"start":{"line":21,"column":4},"end":{"line":21,"column":16}},"loc":{"start":{"line":21,"column":111},"end":{"line":28,"column":5}}},"1":{"name":"(anonymous_1)","decl":{"start":{"line":35,"column":0},"end":{"line":35,"column":5}},"loc":{"start":{"line":35,"column":9},"end":{"line":39,"column":1}}}},"branchMap":{"0":{"loc":{"start":{"line":35,"column":5},"end":{"line":35,"column":null}},"type":"binary-expr","locations":[{"start":{"line":35,"column":5},"end":{"line":35,"column":9}},{"start":{"line":35,"column":5},"end":{"line":35,"column":null}}]}},"s":{"0":933,"1":933,"2":933,"3":933,"4":933,"5":933,"6":21,"7":21,"8":21,"9":21,"10":21,"11":21},"f":{"0":933,"1":21},"b":{"0":[21,21]}}
,"/Users/giacomoponzuoli/Desktop/ezelectronics/code/server/src/controllers/cartController.ts": {"path":"/Users/giacomoponzuoli/Desktop/ezelectronics/code/server/src/controllers/cartController.ts","statementMap":{"0":{"start":{"line":2,"column":0},"end":{"line":2,"column":37}},"1":{"start":{"line":12,"column":8},"end":{"line":12,"column":null}},"2":{"start":{"line":25,"column":21},"end":{"line":25,"column":63}},"3":{"start":{"line":26,"column":7},"end":{"line":26,"column":21}},"4":{"start":{"line":36,"column":8},"end":{"line":36,"column":47}},"5":{"start":{"line":46,"column":23},"end":{"line":46,"column":65}},"6":{"start":{"line":47,"column":8},"end":{"line":47,"column":22}},"7":{"start":{"line":57,"column":8},"end":{"line":57,"column":56}},"8":{"start":{"line":67,"column":22},"end":{"line":67,"column":81}},"9":{"start":{"line":68,"column":7},"end":{"line":68,"column":21}},"10":{"start":{"line":78,"column":23},"end":{"line":78,"column":62}},"11":{"start":{"line":79,"column":8},"end":{"line":79,"column":22}},"12":{"start":{"line":87,"column":23},"end":{"line":87,"column":54}},"13":{"start":{"line":88,"column":8},"end":{"line":88,"column":22}},"14":{"start":{"line":97,"column":8},"end":{"line":97,"column":38}},"15":{"start":{"line":101,"column":0},"end":{"line":101,"column":null}}},"fnMap":{"0":{"name":"(anonymous_8)","decl":{"start":{"line":11,"column":4},"end":{"line":11,"column":null}},"loc":{"start":{"line":11,"column":4},"end":{"line":13,"column":5}}},"1":{"name":"(anonymous_9)","decl":{"start":{"line":23,"column":10},"end":{"line":23,"column":19}},"loc":{"start":{"line":23,"column":47},"end":{"line":27,"column":null}}},"2":{"name":"(anonymous_11)","decl":{"start":{"line":35,"column":10},"end":{"line":35,"column":17}},"loc":{"start":{"line":35,"column":28},"end":{"line":37,"column":null}}},"3":{"name":"(anonymous_13)","decl":{"start":{"line":45,"column":10},"end":{"line":45,"column":22}},"loc":{"start":{"line":45,"column":33},"end":{"line":48,"column":null}}},"4":{"name":"(anonymous_15)","decl":{"start":{"line":56,"column":10},"end":{"line":56,"column":26}},"loc":{"start":{"line":56,"column":37},"end":{"line":58,"column":null}}},"5":{"name":"(anonymous_17)","decl":{"start":{"line":66,"column":10},"end":{"line":66,"column":31}},"loc":{"start":{"line":66,"column":59},"end":{"line":69,"column":null}}},"6":{"name":"(anonymous_19)","decl":{"start":{"line":77,"column":10},"end":{"line":77,"column":19}},"loc":{"start":{"line":77,"column":30},"end":{"line":80,"column":null}}},"7":{"name":"(anonymous_21)","decl":{"start":{"line":86,"column":10},"end":{"line":86,"column":24}},"loc":{"start":{"line":86,"column":24},"end":{"line":89,"column":null}}},"8":{"name":"(anonymous_23)","decl":{"start":{"line":96,"column":10},"end":{"line":96,"column":21}},"loc":{"start":{"line":96,"column":21},"end":{"line":98,"column":null}}}},"branchMap":{},"s":{"0":13,"1":35,"2":59,"3":59,"4":16,"5":17,"6":5,"7":7,"8":20,"9":7,"10":6,"11":3,"12":5,"13":4,"14":6,"15":13},"f":{"0":35,"1":59,"2":16,"3":17,"4":7,"5":20,"6":6,"7":5,"8":6},"b":{}}
,"/Users/giacomoponzuoli/Desktop/ezelectronics/code/server/src/controllers/productController.ts": {"path":"/Users/giacomoponzuoli/Desktop/ezelectronics/code/server/src/controllers/productController.ts","statementMap":{"0":{"start":{"line":1,"column":0},"end":{"line":1,"column":43}},"1":{"start":{"line":11,"column":8},"end":{"line":11,"column":null}},"2":{"start":{"line":25,"column":8},"end":{"line":25,"column":105}},"3":{"start":{"line":36,"column":6},"end":{"line":36,"column":78}},"4":{"start":{"line":47,"column":8},"end":{"line":47,"column":66}},"5":{"start":{"line":58,"column":7},"end":{"line":58,"column":63}},"6":{"start":{"line":69,"column":8},"end":{"line":69,"column":72}},"7":{"start":{"line":77,"column":8},"end":{"line":77,"column":44}},"8":{"start":{"line":87,"column":8},"end":{"line":87,"column":45}},"9":{"start":{"line":92,"column":0},"end":{"line":92,"column":33}}},"fnMap":{"0":{"name":"(anonymous_8)","decl":{"start":{"line":10,"column":4},"end":{"line":10,"column":null}},"loc":{"start":{"line":10,"column":4},"end":{"line":12,"column":5}}},"1":{"name":"(anonymous_9)","decl":{"start":{"line":24,"column":10},"end":{"line":24,"column":26}},"loc":{"start":{"line":24,"column":150},"end":{"line":26,"column":null}}},"2":{"name":"(anonymous_11)","decl":{"start":{"line":35,"column":10},"end":{"line":35,"column":31}},"loc":{"start":{"line":35,"column":93},"end":{"line":37,"column":null}}},"3":{"name":"(anonymous_13)","decl":{"start":{"line":46,"column":10},"end":{"line":46,"column":21}},"loc":{"start":{"line":46,"column":81},"end":{"line":48,"column":null}}},"4":{"name":"(anonymous_15)","decl":{"start":{"line":57,"column":10},"end":{"line":57,"column":21}},"loc":{"start":{"line":57,"column":92},"end":{"line":59,"column":null}}},"5":{"name":"(anonymous_17)","decl":{"start":{"line":68,"column":10},"end":{"line":68,"column":30}},"loc":{"start":{"line":68,"column":101},"end":{"line":70,"column":null}}},"6":{"name":"(anonymous_19)","decl":{"start":{"line":76,"column":10},"end":{"line":76,"column":27}},"loc":{"start":{"line":76,"column":27},"end":{"line":78,"column":null}}},"7":{"name":"(anonymous_21)","decl":{"start":{"line":86,"column":10},"end":{"line":86,"column":23}},"loc":{"start":{"line":86,"column":37},"end":{"line":88,"column":null}}}},"branchMap":{},"s":{"0":13,"1":32,"2":112,"3":14,"4":35,"5":54,"6":36,"7":6,"8":7,"9":13},"f":{"0":32,"1":112,"2":14,"3":35,"4":54,"5":36,"6":6,"7":7},"b":{}}
,"/Users/giacomoponzuoli/Desktop/ezelectronics/code/server/src/controllers/reviewController.ts": {"path":"/Users/giacomoponzuoli/Desktop/ezelectronics/code/server/src/controllers/reviewController.ts","statementMap":{"0":{"start":{"line":2,"column":0},"end":{"line":2,"column":41}},"1":{"start":{"line":8,"column":8},"end":{"line":8,"column":null}},"2":{"start":{"line":20,"column":8},"end":{"line":20,"column":72}},"3":{"start":{"line":29,"column":8},"end":{"line":29,"column":49}},"4":{"start":{"line":39,"column":8},"end":{"line":39,"column":59}},"5":{"start":{"line":48,"column":8},"end":{"line":48,"column":54}},"6":{"start":{"line":56,"column":8},"end":{"line":56,"column":43}},"7":{"start":{"line":60,"column":0},"end":{"line":60,"column":32}}},"fnMap":{"0":{"name":"(anonymous_8)","decl":{"start":{"line":7,"column":4},"end":{"line":7,"column":null}},"loc":{"start":{"line":7,"column":4},"end":{"line":9,"column":5}}},"1":{"name":"(anonymous_9)","decl":{"start":{"line":19,"column":10},"end":{"line":19,"column":19}},"loc":{"start":{"line":19,"column":77},"end":{"line":21,"column":null}}},"2":{"name":"(anonymous_11)","decl":{"start":{"line":28,"column":10},"end":{"line":28,"column":27}},"loc":{"start":{"line":28,"column":41},"end":{"line":30,"column":null}}},"3":{"name":"(anonymous_13)","decl":{"start":{"line":38,"column":10},"end":{"line":38,"column":22}},"loc":{"start":{"line":38,"column":48},"end":{"line":40,"column":null}}},"4":{"name":"(anonymous_15)","decl":{"start":{"line":47,"column":10},"end":{"line":47,"column":32}},"loc":{"start":{"line":47,"column":46},"end":{"line":49,"column":null}}},"5":{"name":"(anonymous_17)","decl":{"start":{"line":55,"column":10},"end":{"line":55,"column":26}},"loc":{"start":{"line":55,"column":26},"end":{"line":57,"column":null}}}},"branchMap":{},"s":{"0":13,"1":22,"2":11,"3":18,"4":8,"5":6,"6":6,"7":13},"f":{"0":22,"1":11,"2":18,"3":8,"4":6,"5":6},"b":{}}
,"/Users/giacomoponzuoli/Desktop/ezelectronics/code/server/src/controllers/userController.ts": {"path":"/Users/giacomoponzuoli/Desktop/ezelectronics/code/server/src/controllers/userController.ts","statementMap":{"0":{"start":{"line":2,"column":0},"end":{"line":2,"column":36}},"1":{"start":{"line":12,"column":8},"end":{"line":12,"column":null}},"2":{"start":{"line":25,"column":8},"end":{"line":25,"column":null}},"3":{"start":{"line":33,"column":7},"end":{"line":33,"column":null}},"4":{"start":{"line":43,"column":8},"end":{"line":43,"column":null}},"5":{"start":{"line":55,"column":8},"end":{"line":55,"column":null}},"6":{"start":{"line":67,"column":8},"end":{"line":67,"column":null}},"7":{"start":{"line":75,"column":8},"end":{"line":75,"column":null}},"8":{"start":{"line":89,"column":8},"end":{"line":89,"column":null}},"9":{"start":{"line":93,"column":0},"end":{"line":93,"column":null}}},"fnMap":{"0":{"name":"(anonymous_8)","decl":{"start":{"line":11,"column":4},"end":{"line":11,"column":null}},"loc":{"start":{"line":11,"column":4},"end":{"line":13,"column":5}}},"1":{"name":"(anonymous_9)","decl":{"start":{"line":24,"column":10},"end":{"line":24,"column":20}},"loc":{"start":{"line":24,"column":100},"end":{"line":26,"column":null}}},"2":{"name":"(anonymous_11)","decl":{"start":{"line":32,"column":10},"end":{"line":32,"column":18}},"loc":{"start":{"line":32,"column":18},"end":{"line":35,"column":null}}},"3":{"name":"(anonymous_13)","decl":{"start":{"line":42,"column":10},"end":{"line":42,"column":24}},"loc":{"start":{"line":42,"column":37},"end":{"line":44,"column":null}}},"4":{"name":"(anonymous_15)","decl":{"start":{"line":54,"column":10},"end":{"line":54,"column":27}},"loc":{"start":{"line":54,"column":56},"end":{"line":56,"column":null}}},"5":{"name":"(anonymous_17)","decl":{"start":{"line":66,"column":10},"end":{"line":66,"column":20}},"loc":{"start":{"line":66,"column":49},"end":{"line":68,"column":null}}},"6":{"name":"(anonymous_19)","decl":{"start":{"line":74,"column":10},"end":{"line":74,"column":19}},"loc":{"start":{"line":74,"column":19},"end":{"line":76,"column":null}}},"7":{"name":"(anonymous_21)","decl":{"start":{"line":88,"column":10},"end":{"line":88,"column":24}},"loc":{"start":{"line":88,"column":120},"end":{"line":90,"column":null}}}},"branchMap":{},"s":{"0":13,"1":35,"2":148,"3":7,"4":6,"5":25,"6":19,"7":4,"8":19,"9":13},"f":{"0":35,"1":148,"2":7,"3":6,"4":25,"5":19,"6":4,"7":19},"b":{}}
,"/Users/giacomoponzuoli/Desktop/ezelectronics/code/server/src/dao/cartDAO.ts": {"path":"/Users/giacomoponzuoli/Desktop/ezelectronics/code/server/src/dao/cartDAO.ts","statementMap":{"0":{"start":{"line":1,"column":0},"end":{"line":1,"column":25}},"1":{"start":{"line":3,"column":0},"end":{"line":3,"column":57}},"2":{"start":{"line":6,"column":0},"end":{"line":6,"column":62}},"3":{"start":{"line":7,"column":0},"end":{"line":7,"column":84}},"4":{"start":{"line":8,"column":0},"end":{"line":8,"column":133}},"5":{"start":{"line":31,"column":8},"end":{"line":173,"column":11}},"6":{"start":{"line":32,"column":12},"end":{"line":172,"column":null}},"7":{"start":{"line":42,"column":26},"end":{"line":42,"column":75}},"8":{"start":{"line":43,"column":16},"end":{"line":167,"column":null}},"9":{"start":{"line":44,"column":20},"end":{"line":47,"column":null}},"10":{"start":{"line":45,"column":24},"end":{"line":45,"column":36}},"11":{"start":{"line":46,"column":24},"end":{"line":46,"column":31}},"12":{"start":{"line":48,"column":20},"end":{"line":59,"column":null}},"13":{"start":{"line":49,"column":24},"end":{"line":49,"column":59}},"14":{"start":{"line":50,"column":24},"end":{"line":50,"column":31}},"15":{"start":{"line":53,"column":24},"end":{"line":56,"column":null}},"16":{"start":{"line":54,"column":28},"end":{"line":54,"column":65}},"17":{"start":{"line":55,"column":28},"end":{"line":55,"column":35}},"18":{"start":{"line":58,"column":24},"end":{"line":58,"column":56}},"19":{"start":{"line":62,"column":49},"end":{"line":166,"column":37}},"20":{"start":{"line":63,"column":36},"end":{"line":63,"column":109}},"21":{"start":{"line":64,"column":24},"end":{"line":87,"column":27}},"22":{"start":{"line":65,"column":28},"end":{"line":68,"column":null}},"23":{"start":{"line":66,"column":32},"end":{"line":66,"column":44}},"24":{"start":{"line":67,"column":32},"end":{"line":67,"column":39}},"25":{"start":{"line":71,"column":28},"end":{"line":86,"column":null}},"26":{"start":{"line":73,"column":52},"end":{"line":73,"column":116}},"27":{"start":{"line":74,"column":32},"end":{"line":82,"column":35}},"28":{"start":{"line":75,"column":36},"end":{"line":79,"column":null}},"29":{"start":{"line":76,"column":40},"end":{"line":76,"column":57}},"30":{"start":{"line":77,"column":40},"end":{"line":77,"column":52}},"31":{"start":{"line":78,"column":40},"end":{"line":78,"column":47}},"32":{"start":{"line":81,"column":36},"end":{"line":81,"column":50}},"33":{"start":{"line":85,"column":32},"end":{"line":85,"column":46}},"34":{"start":{"line":91,"column":47},"end":{"line":164,"column":41}},"35":{"start":{"line":94,"column":28},"end":{"line":94,"column":93}},"36":{"start":{"line":95,"column":28},"end":{"line":134,"column":31}},"37":{"start":{"line":96,"column":32},"end":{"line":99,"column":null}},"38":{"start":{"line":97,"column":36},"end":{"line":97,"column":48}},"39":{"start":{"line":98,"column":36},"end":{"line":98,"column":43}},"40":{"start":{"line":101,"column":32},"end":{"line":101,"column":48}},"41":{"start":{"line":104,"column":32},"end":{"line":104,"column":106}},"42":{"start":{"line":105,"column":32},"end":{"line":133,"column":35}},"43":{"start":{"line":106,"column":36},"end":{"line":109,"column":null}},"44":{"start":{"line":107,"column":40},"end":{"line":107,"column":52}},"45":{"start":{"line":108,"column":40},"end":{"line":108,"column":47}},"46":{"start":{"line":111,"column":36},"end":{"line":132,"column":null}},"47":{"start":{"line":112,"column":56},"end":{"line":112,"column":129}},"48":{"start":{"line":113,"column":40},"end":{"line":120,"column":43}},"49":{"start":{"line":114,"column":44},"end":{"line":117,"column":null}},"50":{"start":{"line":115,"column":48},"end":{"line":115,"column":60}},"51":{"start":{"line":116,"column":48},"end":{"line":116,"column":55}},"52":{"start":{"line":119,"column":44},"end":{"line":119,"column":64}},"53":{"start":{"line":123,"column":56},"end":{"line":123,"column":144}},"54":{"start":{"line":124,"column":40},"end":{"line":131,"column":43}},"55":{"start":{"line":125,"column":44},"end":{"line":128,"column":null}},"56":{"start":{"line":126,"column":48},"end":{"line":126,"column":60}},"57":{"start":{"line":127,"column":48},"end":{"line":127,"column":55}},"58":{"start":{"line":130,"column":44},"end":{"line":130,"column":65}},"59":{"start":{"line":135,"column":28},"end":{"line":135,"column":42}},"60":{"start":{"line":139,"column":28},"end":{"line":139,"column":128}},"61":{"start":{"line":141,"column":28},"end":{"line":162,"column":31}},"62":{"start":{"line":142,"column":32},"end":{"line":158,"column":null}},"63":{"start":{"line":145,"column":36},"end":{"line":149,"column":null}},"64":{"start":{"line":146,"column":40},"end":{"line":146,"column":116}},"65":{"start":{"line":148,"column":40},"end":{"line":148,"column":139}},"66":{"start":{"line":150,"column":36},"end":{"line":155,"column":39}},"67":{"start":{"line":151,"column":40},"end":{"line":154,"column":null}},"68":{"start":{"line":152,"column":44},"end":{"line":152,"column":56}},"69":{"start":{"line":153,"column":44},"end":{"line":153,"column":51}},"70":{"start":{"line":156,"column":36},"end":{"line":156,"column":48}},"71":{"start":{"line":157,"column":36},"end":{"line":157,"column":43}},"72":{"start":{"line":160,"column":32},"end":{"line":160,"column":46}},"73":{"start":{"line":161,"column":32},"end":{"line":161,"column":39}},"74":{"start":{"line":164,"column":28},"end":{"line":164,"column":40}},"75":{"start":{"line":166,"column":24},"end":{"line":166,"column":36}},"76":{"start":{"line":170,"column":16},"end":{"line":170,"column":35}},"77":{"start":{"line":171,"column":16},"end":{"line":171,"column":30}},"78":{"start":{"line":184,"column":8},"end":{"line":233,"column":null}},"79":{"start":{"line":185,"column":26},"end":{"line":185,"column":99}},"80":{"start":{"line":187,"column":16},"end":{"line":232,"column":19}},"81":{"start":{"line":188,"column":20},"end":{"line":191,"column":null}},"82":{"start":{"line":189,"column":24},"end":{"line":189,"column":36}},"83":{"start":{"line":190,"column":24},"end":{"line":190,"column":31}},"84":{"start":{"line":192,"column":45},"end":{"line":192,"column":58}},"85":{"start":{"line":194,"column":20},"end":{"line":231,"column":null}},"86":{"start":{"line":199,"column":24},"end":{"line":199,"column":72}},"87":{"start":{"line":201,"column":24},"end":{"line":201,"column":31}},"88":{"start":{"line":203,"column":48},"end":{"line":230,"column":41}},"89":{"start":{"line":206,"column":28},"end":{"line":209,"column":72}},"90":{"start":{"line":210,"column":28},"end":{"line":218,"column":31}},"91":{"start":{"line":211,"column":32},"end":{"line":216,"column":null}},"92":{"start":{"line":212,"column":36},"end":{"line":212,"column":48}},"93":{"start":{"line":213,"column":36},"end":{"line":213,"column":43}},"94":{"start":{"line":215,"column":36},"end":{"line":215,"column":124}},"95":{"start":{"line":215,"column":63},"end":{"line":215,"column":122}},"96":{"start":{"line":217,"column":32},"end":{"line":217,"column":50}},"97":{"start":{"line":220,"column":28},"end":{"line":220,"column":92}},"98":{"start":{"line":221,"column":28},"end":{"line":228,"column":31}},"99":{"start":{"line":222,"column":32},"end":{"line":225,"column":null}},"100":{"start":{"line":223,"column":36},"end":{"line":223,"column":48}},"101":{"start":{"line":224,"column":36},"end":{"line":224,"column":43}},"102":{"start":{"line":227,"column":32},"end":{"line":227,"column":null}},"103":{"start":{"line":230,"column":28},"end":{"line":230,"column":40}},"104":{"start":{"line":244,"column":8},"end":{"line":345,"column":11}},"105":{"start":{"line":245,"column":12},"end":{"line":344,"column":null}},"106":{"start":{"line":250,"column":28},"end":{"line":250,"column":86}},"107":{"start":{"line":251,"column":16},"end":{"line":341,"column":19}},"108":{"start":{"line":252,"column":20},"end":{"line":255,"column":null}},"109":{"start":{"line":253,"column":24},"end":{"line":253,"column":36}},"110":{"start":{"line":254,"column":24},"end":{"line":254,"column":31}},"111":{"start":{"line":258,"column":20},"end":{"line":261,"column":null}},"112":{"start":{"line":259,"column":24},"end":{"line":259,"column":56}},"113":{"start":{"line":260,"column":24},"end":{"line":260,"column":31}},"114":{"start":{"line":262,"column":20},"end":{"line":262,"column":36}},"115":{"start":{"line":265,"column":20},"end":{"line":268,"column":59}},"116":{"start":{"line":269,"column":20},"end":{"line":340,"column":23}},"117":{"start":{"line":270,"column":24},"end":{"line":273,"column":null}},"118":{"start":{"line":271,"column":28},"end":{"line":271,"column":40}},"119":{"start":{"line":272,"column":28},"end":{"line":272,"column":35}},"120":{"start":{"line":275,"column":24},"end":{"line":278,"column":null}},"121":{"start":{"line":276,"column":28},"end":{"line":276,"column":58}},"122":{"start":{"line":277,"column":28},"end":{"line":277,"column":35}},"123":{"start":{"line":281,"column":53},"end":{"line":302,"column":26}},"124":{"start":{"line":282,"column":28},"end":{"line":301,"column":31}},"125":{"start":{"line":283,"column":32},"end":{"line":283,"column":97}},"126":{"start":{"line":284,"column":32},"end":{"line":300,"column":35}},"127":{"start":{"line":285,"column":36},"end":{"line":288,"column":null}},"128":{"start":{"line":286,"column":40},"end":{"line":286,"column":52}},"129":{"start":{"line":287,"column":40},"end":{"line":287,"column":47}},"130":{"start":{"line":289,"column":36},"end":{"line":292,"column":null}},"131":{"start":{"line":290,"column":40},"end":{"line":290,"column":77}},"132":{"start":{"line":291,"column":40},"end":{"line":291,"column":47}},"133":{"start":{"line":293,"column":36},"end":{"line":298,"column":null}},"134":{"start":{"line":294,"column":40},"end":{"line":294,"column":75}},"135":{"start":{"line":295,"column":40},"end":{"line":295,"column":47}},"136":{"start":{"line":297,"column":40},"end":{"line":297,"column":50}},"137":{"start":{"line":305,"column":24},"end":{"line":339,"column":27}},"138":{"start":{"line":306,"column":59},"end":{"line":318,"column":30}},"139":{"start":{"line":307,"column":32},"end":{"line":317,"column":35}},"140":{"start":{"line":308,"column":36},"end":{"line":308,"column":115}},"141":{"start":{"line":309,"column":36},"end":{"line":316,"column":39}},"142":{"start":{"line":310,"column":40},"end":{"line":315,"column":null}},"143":{"start":{"line":311,"column":44},"end":{"line":311,"column":56}},"144":{"start":{"line":312,"column":44},"end":{"line":312,"column":51}},"145":{"start":{"line":314,"column":44},"end":{"line":314,"column":54}},"146":{"start":{"line":321,"column":28},"end":{"line":336,"column":31}},"147":{"start":{"line":323,"column":32},"end":{"line":323,"column":97}},"148":{"start":{"line":324,"column":58},"end":{"line":324,"column":68}},"149":{"start":{"line":325,"column":62},"end":{"line":325,"column":101}},"150":{"start":{"line":326,"column":32},"end":{"line":333,"column":35}},"151":{"start":{"line":327,"column":36},"end":{"line":332,"column":null}},"152":{"start":{"line":328,"column":40},"end":{"line":328,"column":52}},"153":{"start":{"line":329,"column":40},"end":{"line":329,"column":47}},"154":{"start":{"line":331,"column":40},"end":{"line":331,"column":54}},"155":{"start":{"line":335,"column":32},"end":{"line":335,"column":46}},"156":{"start":{"line":338,"column":28},"end":{"line":338,"column":42}},"157":{"start":{"line":343,"column":16},"end":{"line":343,"column":30}},"158":{"start":{"line":360,"column":8},"end":{"line":413,"column":11}},"159":{"start":{"line":361,"column":26},"end":{"line":380,"column":15}},"160":{"start":{"line":382,"column":12},"end":{"line":412,"column":15}},"161":{"start":{"line":383,"column":16},"end":{"line":386,"column":null}},"162":{"start":{"line":384,"column":20},"end":{"line":384,"column":32}},"163":{"start":{"line":385,"column":20},"end":{"line":385,"column":27}},"164":{"start":{"line":388,"column":55},"end":{"line":388,"column":57}},"165":{"start":{"line":389,"column":16},"end":{"line":409,"column":19}},"166":{"start":{"line":390,"column":35},"end":{"line":390,"column":46}},"167":{"start":{"line":391,"column":20},"end":{"line":399,"column":null}},"168":{"start":{"line":392,"column":24},"end":{"line":398,"column":26}},"169":{"start":{"line":401,"column":36},"end":{"line":405,"column":null}},"170":{"start":{"line":408,"column":20},"end":{"line":408,"column":57}},"171":{"start":{"line":411,"column":16},"end":{"line":411,"column":46}},"172":{"start":{"line":421,"column":4},"end":{"line":539,"column":null}},"173":{"start":{"line":422,"column":8},"end":{"line":538,"column":null}},"174":{"start":{"line":425,"column":24},"end":{"line":425,"column":97}},"175":{"start":{"line":426,"column":12},"end":{"line":535,"column":15}},"176":{"start":{"line":428,"column":16},"end":{"line":431,"column":null}},"177":{"start":{"line":429,"column":20},"end":{"line":429,"column":32}},"178":{"start":{"line":430,"column":20},"end":{"line":430,"column":27}},"179":{"start":{"line":434,"column":16},"end":{"line":534,"column":null}},"180":{"start":{"line":435,"column":20},"end":{"line":435,"column":52}},"181":{"start":{"line":436,"column":20},"end":{"line":436,"column":27}},"182":{"start":{"line":439,"column":33},"end":{"line":442,"column":60}},"183":{"start":{"line":443,"column":20},"end":{"line":533,"column":23}},"184":{"start":{"line":444,"column":24},"end":{"line":532,"column":null}},"185":{"start":{"line":445,"column":28},"end":{"line":445,"column":40}},"186":{"start":{"line":446,"column":28},"end":{"line":446,"column":35}},"187":{"start":{"line":448,"column":28},"end":{"line":531,"column":null}},"188":{"start":{"line":450,"column":32},"end":{"line":450,"column":61}},"189":{"start":{"line":452,"column":32},"end":{"line":452,"column":90}},"190":{"start":{"line":453,"column":32},"end":{"line":530,"column":35}},"191":{"start":{"line":454,"column":36},"end":{"line":457,"column":null}},"192":{"start":{"line":455,"column":40},"end":{"line":455,"column":52}},"193":{"start":{"line":456,"column":40},"end":{"line":456,"column":47}},"194":{"start":{"line":458,"column":36},"end":{"line":529,"column":null}},"195":{"start":{"line":459,"column":40},"end":{"line":459,"column":75}},"196":{"start":{"line":460,"column":40},"end":{"line":460,"column":47}},"197":{"start":{"line":463,"column":40},"end":{"line":463,"column":391}},"198":{"start":{"line":465,"column":40},"end":{"line":528,"column":43}},"199":{"start":{"line":466,"column":44},"end":{"line":469,"column":null}},"200":{"start":{"line":467,"column":48},"end":{"line":467,"column":60}},"201":{"start":{"line":468,"column":48},"end":{"line":468,"column":55}},"202":{"start":{"line":470,"column":44},"end":{"line":527,"column":null}},"203":{"start":{"line":471,"column":48},"end":{"line":471,"column":84}},"204":{"start":{"line":472,"column":48},"end":{"line":472,"column":55}},"205":{"start":{"line":475,"column":66},"end":{"line":475,"column":80}},"206":{"start":{"line":476,"column":48},"end":{"line":476,"column":null}},"207":{"start":{"line":477,"column":64},"end":{"line":477,"column":116}},"208":{"start":{"line":478,"column":48},"end":{"line":478,"column":70}},"209":{"start":{"line":479,"column":48},"end":{"line":526,"column":null}},"210":{"start":{"line":480,"column":52},"end":{"line":480,"column":185}},"211":{"start":{"line":482,"column":52},"end":{"line":503,"column":55}},"212":{"start":{"line":483,"column":56},"end":{"line":489,"column":null}},"213":{"start":{"line":484,"column":60},"end":{"line":484,"column":72}},"214":{"start":{"line":485,"column":60},"end":{"line":485,"column":67}},"215":{"start":{"line":487,"column":60},"end":{"line":487,"column":74}},"216":{"start":{"line":488,"column":60},"end":{"line":488,"column":67}},"217":{"start":{"line":506,"column":52},"end":{"line":506,"column":null}},"218":{"start":{"line":508,"column":52},"end":{"line":525,"column":55}},"219":{"start":{"line":509,"column":56},"end":{"line":524,"column":null}},"220":{"start":{"line":510,"column":60},"end":{"line":510,"column":72}},"221":{"start":{"line":511,"column":60},"end":{"line":511,"column":67}},"222":{"start":{"line":515,"column":60},"end":{"line":515,"column":166}},"223":{"start":{"line":517,"column":60},"end":{"line":523,"column":63}},"224":{"start":{"line":518,"column":64},"end":{"line":521,"column":null}},"225":{"start":{"line":519,"column":68},"end":{"line":519,"column":80}},"226":{"start":{"line":520,"column":68},"end":{"line":520,"column":75}},"227":{"start":{"line":522,"column":64},"end":{"line":522,"column":78}},"228":{"start":{"line":537,"column":12},"end":{"line":537,"column":26}},"229":{"start":{"line":547,"column":4},"end":{"line":586,"column":null}},"230":{"start":{"line":548,"column":20},"end":{"line":548,"column":94}},"231":{"start":{"line":550,"column":8},"end":{"line":584,"column":null}},"232":{"start":{"line":551,"column":12},"end":{"line":554,"column":null}},"233":{"start":{"line":552,"column":16},"end":{"line":552,"column":28}},"234":{"start":{"line":553,"column":16},"end":{"line":553,"column":23}},"235":{"start":{"line":555,"column":12},"end":{"line":582,"column":null}},"236":{"start":{"line":556,"column":16},"end":{"line":556,"column":48}},"237":{"start":{"line":557,"column":16},"end":{"line":557,"column":23}},"238":{"start":{"line":559,"column":28},"end":{"line":559,"column":130}},"239":{"start":{"line":561,"column":16},"end":{"line":580,"column":null}},"240":{"start":{"line":562,"column":20},"end":{"line":578,"column":null}},"241":{"start":{"line":563,"column":24},"end":{"line":563,"column":36}},"242":{"start":{"line":564,"column":24},"end":{"line":564,"column":31}},"243":{"start":{"line":567,"column":24},"end":{"line":567,"column":130}},"244":{"start":{"line":569,"column":24},"end":{"line":576,"column":27}},"245":{"start":{"line":570,"column":28},"end":{"line":573,"column":null}},"246":{"start":{"line":571,"column":32},"end":{"line":571,"column":44}},"247":{"start":{"line":572,"column":32},"end":{"line":572,"column":39}},"248":{"start":{"line":575,"column":28},"end":{"line":575,"column":42}},"249":{"start":{"line":593,"column":4},"end":{"line":616,"column":null}},"250":{"start":{"line":594,"column":8},"end":{"line":615,"column":11}},"251":{"start":{"line":597,"column":24},"end":{"line":597,"column":49}},"252":{"start":{"line":598,"column":12},"end":{"line":614,"column":15}},"253":{"start":{"line":599,"column":16},"end":{"line":602,"column":null}},"254":{"start":{"line":600,"column":20},"end":{"line":600,"column":32}},"255":{"start":{"line":601,"column":20},"end":{"line":601,"column":27}},"256":{"start":{"line":604,"column":17},"end":{"line":604,"column":44}},"257":{"start":{"line":605,"column":16},"end":{"line":613,"column":19}},"258":{"start":{"line":606,"column":20},"end":{"line":609,"column":null}},"259":{"start":{"line":607,"column":24},"end":{"line":607,"column":36}},"260":{"start":{"line":608,"column":24},"end":{"line":608,"column":31}},"261":{"start":{"line":612,"column":20},"end":{"line":612,"column":34}},"262":{"start":{"line":637,"column":4},"end":{"line":687,"column":7}},"263":{"start":{"line":638,"column":22},"end":{"line":655,"column":11}},"264":{"start":{"line":657,"column":8},"end":{"line":686,"column":11}},"265":{"start":{"line":658,"column":12},"end":{"line":661,"column":null}},"266":{"start":{"line":659,"column":16},"end":{"line":659,"column":28}},"267":{"start":{"line":660,"column":16},"end":{"line":660,"column":23}},"268":{"start":{"line":663,"column":47},"end":{"line":663,"column":49}},"269":{"start":{"line":664,"column":8},"end":{"line":684,"column":11}},"270":{"start":{"line":665,"column":27},"end":{"line":665,"column":38}},"271":{"start":{"line":666,"column":12},"end":{"line":674,"column":null}},"272":{"start":{"line":667,"column":16},"end":{"line":673,"column":18}},"273":{"start":{"line":676,"column":28},"end":{"line":680,"column":null}},"274":{"start":{"line":683,"column":12},"end":{"line":683,"column":49}},"275":{"start":{"line":685,"column":8},"end":{"line":685,"column":38}},"276":{"start":{"line":708,"column":0},"end":{"line":708,"column":null}}},"fnMap":{"0":{"name":"(anonymous_1)","decl":{"start":{"line":30,"column":4},"end":{"line":30,"column":13}},"loc":{"start":{"line":30,"column":47},"end":{"line":175,"column":5}}},"1":{"name":"(anonymous_2)","decl":{"start":{"line":31,"column":37},"end":{"line":31,"column":38}},"loc":{"start":{"line":31,"column":57},"end":{"line":173,"column":9}}},"2":{"name":"(anonymous_3)","decl":{"start":{"line":43,"column":44},"end":{"line":43,"column":45}},"loc":{"start":{"line":43,"column":57},"end":{"line":167,"column":17}}},"3":{"name":"(anonymous_4)","decl":{"start":{"line":62,"column":70},"end":{"line":62,"column":71}},"loc":{"start":{"line":62,"column":90},"end":{"line":88,"column":21}}},"4":{"name":"(anonymous_5)","decl":{"start":{"line":64,"column":64},"end":{"line":64,"column":65}},"loc":{"start":{"line":64,"column":77},"end":{"line":87,"column":25}}},"5":{"name":"(anonymous_6)","decl":{"start":{"line":74,"column":70},"end":{"line":74,"column":71}},"loc":{"start":{"line":74,"column":78},"end":{"line":82,"column":33}}},"6":{"name":"(anonymous_7)","decl":{"start":{"line":88,"column":28},"end":{"line":88,"column":30}},"loc":{"start":{"line":88,"column":32},"end":{"line":165,"column":21}}},"7":{"name":"(anonymous_8)","decl":{"start":{"line":91,"column":68},"end":{"line":91,"column":69}},"loc":{"start":{"line":91,"column":88},"end":{"line":137,"column":25}}},"8":{"name":"(anonymous_9)","decl":{"start":{"line":95,"column":57},"end":{"line":95,"column":58}},"loc":{"start":{"line":95,"column":70},"end":{"line":134,"column":29}}},"9":{"name":"(anonymous_10)","decl":{"start":{"line":105,"column":63},"end":{"line":105,"column":64}},"loc":{"start":{"line":105,"column":76},"end":{"line":133,"column":33}}},"10":{"name":"(anonymous_11)","decl":{"start":{"line":113,"column":80},"end":{"line":113,"column":81}},"loc":{"start":{"line":113,"column":88},"end":{"line":120,"column":41}}},"11":{"name":"(anonymous_12)","decl":{"start":{"line":124,"column":77},"end":{"line":124,"column":78}},"loc":{"start":{"line":124,"column":85},"end":{"line":131,"column":41}}},"12":{"name":"(anonymous_13)","decl":{"start":{"line":137,"column":32},"end":{"line":137,"column":33}},"loc":{"start":{"line":137,"column":42},"end":{"line":163,"column":25}}},"13":{"name":"(anonymous_14)","decl":{"start":{"line":141,"column":66},"end":{"line":141,"column":75}},"loc":{"start":{"line":141,"column":78},"end":{"line":162,"column":29}}},"14":{"name":"(anonymous_15)","decl":{"start":{"line":150,"column":71},"end":{"line":150,"column":72}},"loc":{"start":{"line":150,"column":79},"end":{"line":155,"column":37}}},"15":{"name":"(anonymous_16)","decl":{"start":{"line":163,"column":33},"end":{"line":163,"column":34}},"loc":{"start":{"line":163,"column":41},"end":{"line":164,"column":40}}},"16":{"name":"(anonymous_17)","decl":{"start":{"line":165,"column":29},"end":{"line":165,"column":30}},"loc":{"start":{"line":165,"column":37},"end":{"line":166,"column":36}}},"17":{"name":"(anonymous_18)","decl":{"start":{"line":183,"column":4},"end":{"line":183,"column":11}},"loc":{"start":{"line":183,"column":28},"end":{"line":234,"column":5}}},"18":{"name":"(anonymous_19)","decl":{"start":{"line":184,"column":33},"end":{"line":184,"column":34}},"loc":{"start":{"line":184,"column":53},"end":{"line":233,"column":9}}},"19":{"name":"(anonymous_20)","decl":{"start":{"line":187,"column":57},"end":{"line":187,"column":58}},"loc":{"start":{"line":187,"column":71},"end":{"line":232,"column":17}}},"20":{"name":"(anonymous_21)","decl":{"start":{"line":203,"column":77},"end":{"line":203,"column":78}},"loc":{"start":{"line":203,"column":95},"end":{"line":219,"column":25}}},"21":{"name":"(anonymous_22)","decl":{"start":{"line":210,"column":57},"end":{"line":210,"column":58}},"loc":{"start":{"line":210,"column":71},"end":{"line":218,"column":29}}},"22":{"name":"(anonymous_23)","decl":{"start":{"line":215,"column":56},"end":{"line":215,"column":57}},"loc":{"start":{"line":215,"column":63},"end":{"line":215,"column":122}}},"23":{"name":"(anonymous_24)","decl":{"start":{"line":219,"column":32},"end":{"line":219,"column":33}},"loc":{"start":{"line":219,"column":44},"end":{"line":229,"column":25}}},"24":{"name":"(anonymous_25)","decl":{"start":{"line":221,"column":58},"end":{"line":221,"column":59}},"loc":{"start":{"line":221,"column":71},"end":{"line":228,"column":29}}},"25":{"name":"(anonymous_26)","decl":{"start":{"line":229,"column":33},"end":{"line":229,"column":34}},"loc":{"start":{"line":229,"column":41},"end":{"line":230,"column":40}}},"26":{"name":"(anonymous_27)","decl":{"start":{"line":243,"column":4},"end":{"line":243,"column":16}},"loc":{"start":{"line":243,"column":33},"end":{"line":346,"column":5}}},"27":{"name":"(anonymous_28)","decl":{"start":{"line":244,"column":36},"end":{"line":244,"column":37}},"loc":{"start":{"line":244,"column":56},"end":{"line":345,"column":9}}},"28":{"name":"(anonymous_29)","decl":{"start":{"line":251,"column":47},"end":{"line":251,"column":48}},"loc":{"start":{"line":251,"column":60},"end":{"line":341,"column":17}}},"29":{"name":"(anonymous_30)","decl":{"start":{"line":269,"column":81},"end":{"line":269,"column":82}},"loc":{"start":{"line":269,"column":95},"end":{"line":340,"column":21}}},"30":{"name":"(anonymous_31)","decl":{"start":{"line":281,"column":62},"end":{"line":281,"column":65}},"loc":{"start":{"line":281,"column":68},"end":{"line":302,"column":25}}},"31":{"name":"(anonymous_32)","decl":{"start":{"line":282,"column":53},"end":{"line":282,"column":54}},"loc":{"start":{"line":282,"column":73},"end":{"line":301,"column":29}}},"32":{"name":"(anonymous_33)","decl":{"start":{"line":284,"column":64},"end":{"line":284,"column":65}},"loc":{"start":{"line":284,"column":81},"end":{"line":300,"column":33}}},"33":{"name":"(anonymous_34)","decl":{"start":{"line":305,"column":63},"end":{"line":305,"column":66}},"loc":{"start":{"line":305,"column":68},"end":{"line":337,"column":25}}},"34":{"name":"(anonymous_35)","decl":{"start":{"line":306,"column":68},"end":{"line":306,"column":71}},"loc":{"start":{"line":306,"column":74},"end":{"line":318,"column":29}}},"35":{"name":"(anonymous_36)","decl":{"start":{"line":307,"column":57},"end":{"line":307,"column":58}},"loc":{"start":{"line":307,"column":77},"end":{"line":317,"column":33}}},"36":{"name":"(anonymous_37)","decl":{"start":{"line":309,"column":77},"end":{"line":309,"column":78}},"loc":{"start":{"line":309,"column":85},"end":{"line":316,"column":37}}},"37":{"name":"(anonymous_38)","decl":{"start":{"line":321,"column":69},"end":{"line":321,"column":72}},"loc":{"start":{"line":321,"column":74},"end":{"line":334,"column":29}}},"38":{"name":"(anonymous_39)","decl":{"start":{"line":326,"column":74},"end":{"line":326,"column":75}},"loc":{"start":{"line":326,"column":82},"end":{"line":333,"column":33}}},"39":{"name":"(anonymous_40)","decl":{"start":{"line":334,"column":37},"end":{"line":334,"column":38}},"loc":{"start":{"line":334,"column":47},"end":{"line":336,"column":29}}},"40":{"name":"(anonymous_41)","decl":{"start":{"line":337,"column":33},"end":{"line":337,"column":34}},"loc":{"start":{"line":337,"column":43},"end":{"line":339,"column":25}}},"41":{"name":"(anonymous_42)","decl":{"start":{"line":348,"column":4},"end":{"line":348,"column":20}},"loc":{"start":{"line":348,"column":36},"end":{"line":415,"column":5}}},"42":{"name":"(anonymous_43)","decl":{"start":{"line":360,"column":27},"end":{"line":360,"column":28}},"loc":{"start":{"line":360,"column":47},"end":{"line":413,"column":9}}},"43":{"name":"(anonymous_44)","decl":{"start":{"line":382,"column":38},"end":{"line":382,"column":39}},"loc":{"start":{"line":382,"column":62},"end":{"line":412,"column":13}}},"44":{"name":"(anonymous_45)","decl":{"start":{"line":389,"column":29},"end":{"line":389,"column":32}},"loc":{"start":{"line":389,"column":35},"end":{"line":409,"column":17}}},"45":{"name":"(anonymous_46)","decl":{"start":{"line":420,"column":0},"end":{"line":420,"column":21}},"loc":{"start":{"line":420,"column":55},"end":{"line":540,"column":1}}},"46":{"name":"(anonymous_47)","decl":{"start":{"line":421,"column":23},"end":{"line":421,"column":24}},"loc":{"start":{"line":421,"column":41},"end":{"line":539,"column":5}}},"47":{"name":"(anonymous_48)","decl":{"start":{"line":426,"column":52},"end":{"line":426,"column":53}},"loc":{"start":{"line":426,"column":65},"end":{"line":535,"column":13}}},"48":{"name":"(anonymous_49)","decl":{"start":{"line":443,"column":51},"end":{"line":443,"column":52}},"loc":{"start":{"line":443,"column":65},"end":{"line":533,"column":21}}},"49":{"name":"(anonymous_50)","decl":{"start":{"line":453,"column":62},"end":{"line":453,"column":63}},"loc":{"start":{"line":453,"column":75},"end":{"line":530,"column":33}}},"50":{"name":"(anonymous_51)","decl":{"start":{"line":465,"column":79},"end":{"line":465,"column":80}},"loc":{"start":{"line":465,"column":92},"end":{"line":528,"column":41}}},"51":{"name":"(anonymous_52)","decl":{"start":{"line":482,"column":86},"end":{"line":482,"column":87}},"loc":{"start":{"line":482,"column":94},"end":{"line":503,"column":53}}},"52":{"name":"(anonymous_53)","decl":{"start":{"line":508,"column":98},"end":{"line":508,"column":99}},"loc":{"start":{"line":508,"column":106},"end":{"line":525,"column":53}}},"53":{"name":"(anonymous_54)","decl":{"start":{"line":517,"column":95},"end":{"line":517,"column":96}},"loc":{"start":{"line":517,"column":103},"end":{"line":523,"column":61}}},"54":{"name":"(anonymous_55)","decl":{"start":{"line":546,"column":0},"end":{"line":546,"column":9}},"loc":{"start":{"line":546,"column":25},"end":{"line":587,"column":1}}},"55":{"name":"(anonymous_56)","decl":{"start":{"line":547,"column":23},"end":{"line":547,"column":24}},"loc":{"start":{"line":547,"column":41},"end":{"line":586,"column":5}}},"56":{"name":"(anonymous_57)","decl":{"start":{"line":550,"column":50},"end":{"line":550,"column":51}},"loc":{"start":{"line":550,"column":62},"end":{"line":584,"column":9}}},"57":{"name":"(anonymous_58)","decl":{"start":{"line":561,"column":42},"end":{"line":561,"column":43}},"loc":{"start":{"line":561,"column":50},"end":{"line":580,"column":17}}},"58":{"name":"(anonymous_59)","decl":{"start":{"line":569,"column":52},"end":{"line":569,"column":53}},"loc":{"start":{"line":569,"column":60},"end":{"line":576,"column":25}}},"59":{"name":"(anonymous_60)","decl":{"start":{"line":592,"column":0},"end":{"line":592,"column":14}},"loc":{"start":{"line":592,"column":14},"end":{"line":617,"column":1}}},"60":{"name":"(anonymous_61)","decl":{"start":{"line":593,"column":23},"end":{"line":593,"column":24}},"loc":{"start":{"line":593,"column":41},"end":{"line":616,"column":5}}},"61":{"name":"(anonymous_62)","decl":{"start":{"line":594,"column":21},"end":{"line":594,"column":24}},"loc":{"start":{"line":594,"column":26},"end":{"line":615,"column":9}}},"62":{"name":"(anonymous_63)","decl":{"start":{"line":598,"column":26},"end":{"line":598,"column":27}},"loc":{"start":{"line":598,"column":34},"end":{"line":614,"column":13}}},"63":{"name":"(anonymous_64)","decl":{"start":{"line":605,"column":30},"end":{"line":605,"column":31}},"loc":{"start":{"line":605,"column":38},"end":{"line":613,"column":17}}},"64":{"name":"(anonymous_65)","decl":{"start":{"line":625,"column":0},"end":{"line":625,"column":11}},"loc":{"start":{"line":625,"column":11},"end":{"line":691,"column":1}}},"65":{"name":"(anonymous_66)","decl":{"start":{"line":637,"column":23},"end":{"line":637,"column":24}},"loc":{"start":{"line":637,"column":43},"end":{"line":687,"column":5}}},"66":{"name":"(anonymous_67)","decl":{"start":{"line":657,"column":21},"end":{"line":657,"column":22}},"loc":{"start":{"line":657,"column":45},"end":{"line":686,"column":9}}},"67":{"name":"(anonymous_68)","decl":{"start":{"line":664,"column":21},"end":{"line":664,"column":24}},"loc":{"start":{"line":664,"column":27},"end":{"line":684,"column":9}}}},"branchMap":{"0":{"loc":{"start":{"line":44,"column":20},"end":{"line":47,"column":null}},"type":"if","locations":[{"start":{"line":44,"column":20},"end":{"line":47,"column":null}}]},"1":{"loc":{"start":{"line":48,"column":20},"end":{"line":59,"column":null}},"type":"if","locations":[{"start":{"line":48,"column":20},"end":{"line":59,"column":null}},{"start":{"line":51,"column":25},"end":{"line":59,"column":null}}]},"2":{"loc":{"start":{"line":53,"column":24},"end":{"line":56,"column":null}},"type":"if","locations":[{"start":{"line":53,"column":24},"end":{"line":56,"column":null}}]},"3":{"loc":{"start":{"line":65,"column":28},"end":{"line":68,"column":null}},"type":"if","locations":[{"start":{"line":65,"column":28},"end":{"line":68,"column":null}}]},"4":{"loc":{"start":{"line":71,"column":28},"end":{"line":86,"column":null}},"type":"if","locations":[{"start":{"line":71,"column":28},"end":{"line":86,"column":null}},{"start":{"line":83,"column":35},"end":{"line":86,"column":null}}]},"5":{"loc":{"start":{"line":75,"column":36},"end":{"line":79,"column":null}},"type":"if","locations":[{"start":{"line":75,"column":36},"end":{"line":79,"column":null}}]},"6":{"loc":{"start":{"line":96,"column":32},"end":{"line":99,"column":null}},"type":"if","locations":[{"start":{"line":96,"column":32},"end":{"line":99,"column":null}}]},"7":{"loc":{"start":{"line":106,"column":36},"end":{"line":109,"column":null}},"type":"if","locations":[{"start":{"line":106,"column":36},"end":{"line":109,"column":null}}]},"8":{"loc":{"start":{"line":111,"column":36},"end":{"line":132,"column":null}},"type":"if","locations":[{"start":{"line":111,"column":36},"end":{"line":132,"column":null}},{"start":{"line":121,"column":41},"end":{"line":132,"column":null}}]},"9":{"loc":{"start":{"line":114,"column":44},"end":{"line":117,"column":null}},"type":"if","locations":[{"start":{"line":114,"column":44},"end":{"line":117,"column":null}}]},"10":{"loc":{"start":{"line":125,"column":44},"end":{"line":128,"column":null}},"type":"if","locations":[{"start":{"line":125,"column":44},"end":{"line":128,"column":null}}]},"11":{"loc":{"start":{"line":142,"column":32},"end":{"line":158,"column":null}},"type":"if","locations":[{"start":{"line":142,"column":32},"end":{"line":158,"column":null}}]},"12":{"loc":{"start":{"line":145,"column":36},"end":{"line":149,"column":null}},"type":"if","locations":[{"start":{"line":145,"column":36},"end":{"line":149,"column":null}},{"start":{"line":147,"column":41},"end":{"line":149,"column":null}}]},"13":{"loc":{"start":{"line":151,"column":40},"end":{"line":154,"column":null}},"type":"if","locations":[{"start":{"line":151,"column":40},"end":{"line":154,"column":null}}]},"14":{"loc":{"start":{"line":188,"column":20},"end":{"line":191,"column":null}},"type":"if","locations":[{"start":{"line":188,"column":20},"end":{"line":191,"column":null}}]},"15":{"loc":{"start":{"line":194,"column":20},"end":{"line":231,"column":null}},"type":"if","locations":[{"start":{"line":194,"column":20},"end":{"line":231,"column":null}},{"start":{"line":202,"column":25},"end":{"line":231,"column":null}}]},"16":{"loc":{"start":{"line":211,"column":32},"end":{"line":216,"column":null}},"type":"if","locations":[{"start":{"line":211,"column":32},"end":{"line":216,"column":null}},{"start":{"line":214,"column":37},"end":{"line":216,"column":null}}]},"17":{"loc":{"start":{"line":222,"column":32},"end":{"line":225,"column":null}},"type":"if","locations":[{"start":{"line":222,"column":32},"end":{"line":225,"column":null}}]},"18":{"loc":{"start":{"line":252,"column":20},"end":{"line":255,"column":null}},"type":"if","locations":[{"start":{"line":252,"column":20},"end":{"line":255,"column":null}}]},"19":{"loc":{"start":{"line":258,"column":20},"end":{"line":261,"column":null}},"type":"if","locations":[{"start":{"line":258,"column":20},"end":{"line":261,"column":null}}]},"20":{"loc":{"start":{"line":270,"column":24},"end":{"line":273,"column":null}},"type":"if","locations":[{"start":{"line":270,"column":24},"end":{"line":273,"column":null}}]},"21":{"loc":{"start":{"line":275,"column":24},"end":{"line":278,"column":null}},"type":"if","locations":[{"start":{"line":275,"column":24},"end":{"line":278,"column":null}}]},"22":{"loc":{"start":{"line":285,"column":36},"end":{"line":288,"column":null}},"type":"if","locations":[{"start":{"line":285,"column":36},"end":{"line":288,"column":null}}]},"23":{"loc":{"start":{"line":289,"column":36},"end":{"line":292,"column":null}},"type":"if","locations":[{"start":{"line":289,"column":36},"end":{"line":292,"column":null}}]},"24":{"loc":{"start":{"line":293,"column":36},"end":{"line":298,"column":null}},"type":"if","locations":[{"start":{"line":293,"column":36},"end":{"line":298,"column":null}},{"start":{"line":296,"column":43},"end":{"line":298,"column":null}}]},"25":{"loc":{"start":{"line":310,"column":40},"end":{"line":315,"column":null}},"type":"if","locations":[{"start":{"line":310,"column":40},"end":{"line":315,"column":null}},{"start":{"line":313,"column":47},"end":{"line":315,"column":null}}]},"26":{"loc":{"start":{"line":327,"column":36},"end":{"line":332,"column":null}},"type":"if","locations":[{"start":{"line":327,"column":36},"end":{"line":332,"column":null}},{"start":{"line":330,"column":43},"end":{"line":332,"column":null}}]},"27":{"loc":{"start":{"line":383,"column":16},"end":{"line":386,"column":null}},"type":"if","locations":[{"start":{"line":383,"column":16},"end":{"line":386,"column":null}}]},"28":{"loc":{"start":{"line":391,"column":20},"end":{"line":399,"column":null}},"type":"if","locations":[{"start":{"line":391,"column":20},"end":{"line":399,"column":null}}]},"29":{"loc":{"start":{"line":428,"column":16},"end":{"line":431,"column":null}},"type":"if","locations":[{"start":{"line":428,"column":16},"end":{"line":431,"column":null}}]},"30":{"loc":{"start":{"line":434,"column":16},"end":{"line":534,"column":null}},"type":"if","locations":[{"start":{"line":434,"column":16},"end":{"line":534,"column":null}},{"start":{"line":437,"column":22},"end":{"line":534,"column":null}}]},"31":{"loc":{"start":{"line":444,"column":24},"end":{"line":532,"column":null}},"type":"if","locations":[{"start":{"line":444,"column":24},"end":{"line":532,"column":null}},{"start":{"line":447,"column":29},"end":{"line":532,"column":null}}]},"32":{"loc":{"start":{"line":448,"column":28},"end":{"line":531,"column":null}},"type":"if","locations":[{"start":{"line":448,"column":28},"end":{"line":531,"column":null}},{"start":{"line":451,"column":33},"end":{"line":531,"column":null}}]},"33":{"loc":{"start":{"line":454,"column":36},"end":{"line":457,"column":null}},"type":"if","locations":[{"start":{"line":454,"column":36},"end":{"line":457,"column":null}}]},"34":{"loc":{"start":{"line":458,"column":36},"end":{"line":529,"column":null}},"type":"if","locations":[{"start":{"line":458,"column":36},"end":{"line":529,"column":null}},{"start":{"line":461,"column":41},"end":{"line":529,"column":null}}]},"35":{"loc":{"start":{"line":466,"column":44},"end":{"line":469,"column":null}},"type":"if","locations":[{"start":{"line":466,"column":44},"end":{"line":469,"column":null}}]},"36":{"loc":{"start":{"line":470,"column":44},"end":{"line":527,"column":null}},"type":"if","locations":[{"start":{"line":470,"column":44},"end":{"line":527,"column":null}},{"start":{"line":473,"column":49},"end":{"line":527,"column":null}}]},"37":{"loc":{"start":{"line":479,"column":48},"end":{"line":526,"column":null}},"type":"if","locations":[{"start":{"line":479,"column":48},"end":{"line":526,"column":null}},{"start":{"line":505,"column":53},"end":{"line":526,"column":null}}]},"38":{"loc":{"start":{"line":483,"column":56},"end":{"line":489,"column":null}},"type":"if","locations":[{"start":{"line":483,"column":56},"end":{"line":489,"column":null}},{"start":{"line":486,"column":61},"end":{"line":489,"column":null}}]},"39":{"loc":{"start":{"line":509,"column":56},"end":{"line":524,"column":null}},"type":"if","locations":[{"start":{"line":509,"column":56},"end":{"line":524,"column":null}},{"start":{"line":512,"column":61},"end":{"line":524,"column":null}}]},"40":{"loc":{"start":{"line":518,"column":64},"end":{"line":521,"column":null}},"type":"if","locations":[{"start":{"line":518,"column":64},"end":{"line":521,"column":null}}]},"41":{"loc":{"start":{"line":551,"column":12},"end":{"line":554,"column":null}},"type":"if","locations":[{"start":{"line":551,"column":12},"end":{"line":554,"column":null}}]},"42":{"loc":{"start":{"line":555,"column":12},"end":{"line":582,"column":null}},"type":"if","locations":[{"start":{"line":555,"column":12},"end":{"line":582,"column":null}},{"start":{"line":558,"column":17},"end":{"line":582,"column":null}}]},"43":{"loc":{"start":{"line":562,"column":20},"end":{"line":578,"column":null}},"type":"if","locations":[{"start":{"line":562,"column":20},"end":{"line":578,"column":null}},{"start":{"line":565,"column":25},"end":{"line":578,"column":null}}]},"44":{"loc":{"start":{"line":570,"column":28},"end":{"line":573,"column":null}},"type":"if","locations":[{"start":{"line":570,"column":28},"end":{"line":573,"column":null}}]},"45":{"loc":{"start":{"line":599,"column":16},"end":{"line":602,"column":null}},"type":"if","locations":[{"start":{"line":599,"column":16},"end":{"line":602,"column":null}}]},"46":{"loc":{"start":{"line":606,"column":20},"end":{"line":609,"column":null}},"type":"if","locations":[{"start":{"line":606,"column":20},"end":{"line":609,"column":null}}]},"47":{"loc":{"start":{"line":658,"column":12},"end":{"line":661,"column":null}},"type":"if","locations":[{"start":{"line":658,"column":12},"end":{"line":661,"column":null}}]},"48":{"loc":{"start":{"line":666,"column":12},"end":{"line":674,"column":null}},"type":"if","locations":[{"start":{"line":666,"column":12},"end":{"line":674,"column":null}}]}},"s":{"0":14,"1":14,"2":14,"3":14,"4":14,"5":68,"6":68,"7":68,"8":68,"9":68,"10":1,"11":1,"12":67,"13":5,"14":5,"15":62,"16":3,"17":3,"18":59,"19":59,"20":59,"21":59,"22":58,"23":0,"24":0,"25":58,"26":32,"27":32,"28":32,"29":0,"30":0,"31":0,"32":32,"33":26,"34":58,"35":58,"36":58,"37":57,"38":0,"39":0,"40":57,"41":57,"42":57,"43":56,"44":0,"45":0,"46":56,"47":50,"48":50,"49":50,"50":0,"51":0,"52":50,"53":6,"54":6,"55":4,"56":0,"57":0,"58":4,"59":54,"60":54,"61":54,"62":53,"63":0,"64":0,"65":0,"66":0,"67":0,"68":0,"69":0,"70":0,"71":0,"72":53,"73":53,"74":5,"75":1,"76":0,"77":0,"78":19,"79":19,"80":19,"81":19,"82":1,"83":1,"84":18,"85":18,"86":5,"87":5,"88":13,"89":13,"90":13,"91":12,"92":0,"93":0,"94":12,"95":14,"96":12,"97":12,"98":12,"99":11,"100":0,"101":0,"102":11,"103":2,"104":37,"105":37,"106":37,"107":37,"108":36,"109":0,"110":0,"111":36,"112":3,"113":3,"114":33,"115":33,"116":33,"117":32,"118":0,"119":0,"120":32,"121":3,"122":3,"123":29,"124":43,"125":43,"126":43,"127":42,"128":0,"129":0,"130":42,"131":5,"132":5,"133":37,"134":1,"135":1,"136":36,"137":29,"138":22,"139":36,"140":36,"141":36,"142":36,"143":2,"144":2,"145":34,"146":22,"147":20,"148":20,"149":20,"150":20,"151":19,"152":0,"153":0,"154":19,"155":3,"156":7,"157":2,"158":8,"159":8,"160":8,"161":8,"162":1,"163":1,"164":7,"165":7,"166":7,"167":7,"168":4,"169":7,"170":7,"171":7,"172":23,"173":23,"174":23,"175":23,"176":22,"177":1,"178":1,"179":21,"180":4,"181":4,"182":17,"183":17,"184":16,"185":0,"186":0,"187":16,"188":1,"189":15,"190":15,"191":15,"192":0,"193":0,"194":15,"195":3,"196":3,"197":12,"198":12,"199":12,"200":0,"201":0,"202":12,"203":4,"204":4,"205":8,"206":8,"207":8,"208":8,"209":8,"210":6,"211":6,"212":6,"213":0,"214":0,"215":6,"216":6,"217":2,"218":2,"219":2,"220":0,"221":0,"222":2,"223":2,"224":2,"225":0,"226":0,"227":2,"228":2,"229":9,"230":9,"231":9,"232":9,"233":1,"234":1,"235":8,"236":3,"237":3,"238":5,"239":5,"240":4,"241":0,"242":0,"243":4,"244":4,"245":3,"246":0,"247":0,"248":3,"249":7,"250":7,"251":7,"252":7,"253":7,"254":2,"255":2,"256":5,"257":5,"258":5,"259":1,"260":1,"261":4,"262":7,"263":7,"264":7,"265":7,"266":1,"267":1,"268":6,"269":6,"270":7,"271":7,"272":4,"273":7,"274":7,"275":6,"276":14},"f":{"0":68,"1":68,"2":68,"3":59,"4":58,"5":32,"6":58,"7":58,"8":57,"9":56,"10":50,"11":4,"12":54,"13":53,"14":0,"15":5,"16":1,"17":19,"18":19,"19":19,"20":13,"21":12,"22":14,"23":12,"24":11,"25":2,"26":37,"27":37,"28":36,"29":32,"30":43,"31":43,"32":42,"33":22,"34":36,"35":36,"36":36,"37":20,"38":19,"39":3,"40":7,"41":8,"42":8,"43":8,"44":7,"45":23,"46":23,"47":22,"48":16,"49":15,"50":12,"51":6,"52":2,"53":2,"54":9,"55":9,"56":9,"57":4,"58":3,"59":7,"60":7,"61":7,"62":7,"63":5,"64":7,"65":7,"66":7,"67":7},"b":{"0":[1],"1":[5,62],"2":[3],"3":[0],"4":[32,26],"5":[0],"6":[0],"7":[0],"8":[50,6],"9":[0],"10":[0],"11":[0],"12":[0,0],"13":[0],"14":[1],"15":[5,13],"16":[0,12],"17":[0],"18":[0],"19":[3],"20":[0],"21":[3],"22":[0],"23":[5],"24":[1,36],"25":[2,34],"26":[0,19],"27":[1],"28":[4],"29":[1],"30":[4,17],"31":[0,16],"32":[1,15],"33":[0],"34":[3,12],"35":[0],"36":[4,8],"37":[6,2],"38":[0,6],"39":[0,2],"40":[0],"41":[1],"42":[3,5],"43":[0,4],"44":[0],"45":[2],"46":[1],"47":[1],"48":[4]}}
,"/Users/giacomoponzuoli/Desktop/ezelectronics/code/server/src/dao/productDAO.ts": {"path":"/Users/giacomoponzuoli/Desktop/ezelectronics/code/server/src/dao/productDAO.ts","statementMap":{"0":{"start":{"line":1,"column":0},"end":{"line":1,"column":26}},"1":{"start":{"line":2,"column":0},"end":{"line":2,"column":null}},"2":{"start":{"line":12,"column":0},"end":{"line":12,"column":48}},"3":{"start":{"line":38,"column":4},"end":{"line":89,"column":7}},"4":{"start":{"line":39,"column":6},"end":{"line":46,"column":null}},"5":{"start":{"line":44,"column":8},"end":{"line":44,"column":43}},"6":{"start":{"line":45,"column":8},"end":{"line":45,"column":15}},"7":{"start":{"line":48,"column":8},"end":{"line":48,"column":128}},"8":{"start":{"line":50,"column":6},"end":{"line":88,"column":null}},"9":{"start":{"line":52,"column":34},"end":{"line":52,"column":44}},"10":{"start":{"line":53,"column":38},"end":{"line":53,"column":77}},"11":{"start":{"line":55,"column":8},"end":{"line":57,"column":null}},"12":{"start":{"line":56,"column":10},"end":{"line":56,"column":39}},"13":{"start":{"line":59,"column":8},"end":{"line":85,"column":10}},"14":{"start":{"line":70,"column":12},"end":{"line":82,"column":null}},"15":{"start":{"line":71,"column":14},"end":{"line":80,"column":null}},"16":{"start":{"line":76,"column":16},"end":{"line":76,"column":56}},"17":{"start":{"line":78,"column":16},"end":{"line":78,"column":33}},"18":{"start":{"line":79,"column":16},"end":{"line":79,"column":28}},"19":{"start":{"line":81,"column":14},"end":{"line":81,"column":21}},"20":{"start":{"line":83,"column":12},"end":{"line":83,"column":26}},"21":{"start":{"line":87,"column":8},"end":{"line":87,"column":22}},"22":{"start":{"line":104,"column":4},"end":{"line":148,"column":7}},"23":{"start":{"line":105,"column":6},"end":{"line":147,"column":null}},"24":{"start":{"line":106,"column":34},"end":{"line":106,"column":44}},"25":{"start":{"line":107,"column":38},"end":{"line":107,"column":77}},"26":{"start":{"line":109,"column":8},"end":{"line":111,"column":null}},"27":{"start":{"line":110,"column":10},"end":{"line":110,"column":39}},"28":{"start":{"line":113,"column":10},"end":{"line":113,"column":79}},"29":{"start":{"line":115,"column":8},"end":{"line":144,"column":11}},"30":{"start":{"line":116,"column":10},"end":{"line":119,"column":null}},"31":{"start":{"line":117,"column":12},"end":{"line":117,"column":24}},"32":{"start":{"line":118,"column":12},"end":{"line":118,"column":19}},"33":{"start":{"line":120,"column":10},"end":{"line":123,"column":null}},"34":{"start":{"line":121,"column":12},"end":{"line":121,"column":47}},"35":{"start":{"line":122,"column":12},"end":{"line":122,"column":19}},"36":{"start":{"line":124,"column":30},"end":{"line":124,"column":45}},"37":{"start":{"line":125,"column":10},"end":{"line":128,"column":null}},"38":{"start":{"line":126,"column":12},"end":{"line":126,"column":43}},"39":{"start":{"line":127,"column":12},"end":{"line":127,"column":19}},"40":{"start":{"line":130,"column":34},"end":{"line":130,"column":46}},"41":{"start":{"line":131,"column":34},"end":{"line":131,"column":63}},"42":{"start":{"line":134,"column":12},"end":{"line":134,"column":71}},"43":{"start":{"line":135,"column":25},"end":{"line":135,"column":49}},"44":{"start":{"line":137,"column":10},"end":{"line":143,"column":13}},"45":{"start":{"line":138,"column":12},"end":{"line":141,"column":null}},"46":{"start":{"line":139,"column":14},"end":{"line":139,"column":32}},"47":{"start":{"line":140,"column":14},"end":{"line":140,"column":21}},"48":{"start":{"line":142,"column":12},"end":{"line":142,"column":37}},"49":{"start":{"line":146,"column":8},"end":{"line":146,"column":22}},"50":{"start":{"line":162,"column":4},"end":{"line":215,"column":7}},"51":{"start":{"line":163,"column":6},"end":{"line":214,"column":null}},"52":{"start":{"line":164,"column":34},"end":{"line":164,"column":44}},"53":{"start":{"line":165,"column":38},"end":{"line":165,"column":77}},"54":{"start":{"line":167,"column":8},"end":{"line":169,"column":null}},"55":{"start":{"line":168,"column":10},"end":{"line":168,"column":39}},"56":{"start":{"line":171,"column":10},"end":{"line":171,"column":79}},"57":{"start":{"line":172,"column":8},"end":{"line":211,"column":11}},"58":{"start":{"line":173,"column":10},"end":{"line":176,"column":null}},"59":{"start":{"line":174,"column":12},"end":{"line":174,"column":24}},"60":{"start":{"line":175,"column":12},"end":{"line":175,"column":19}},"61":{"start":{"line":177,"column":10},"end":{"line":180,"column":null}},"62":{"start":{"line":178,"column":12},"end":{"line":178,"column":47}},"63":{"start":{"line":179,"column":12},"end":{"line":179,"column":19}},"64":{"start":{"line":181,"column":30},"end":{"line":181,"column":45}},"65":{"start":{"line":182,"column":10},"end":{"line":185,"column":null}},"66":{"start":{"line":183,"column":12},"end":{"line":183,"column":43}},"67":{"start":{"line":184,"column":12},"end":{"line":184,"column":19}},"68":{"start":{"line":186,"column":34},"end":{"line":186,"column":46}},"69":{"start":{"line":188,"column":10},"end":{"line":191,"column":null}},"70":{"start":{"line":189,"column":12},"end":{"line":189,"column":49}},"71":{"start":{"line":190,"column":12},"end":{"line":190,"column":19}},"72":{"start":{"line":192,"column":10},"end":{"line":195,"column":null}},"73":{"start":{"line":193,"column":12},"end":{"line":193,"column":47}},"74":{"start":{"line":194,"column":12},"end":{"line":194,"column":19}},"75":{"start":{"line":197,"column":34},"end":{"line":197,"column":60}},"76":{"start":{"line":200,"column":12},"end":{"line":200,"column":71}},"77":{"start":{"line":201,"column":25},"end":{"line":201,"column":49}},"78":{"start":{"line":203,"column":10},"end":{"line":210,"column":13}},"79":{"start":{"line":204,"column":12},"end":{"line":207,"column":null}},"80":{"start":{"line":205,"column":14},"end":{"line":205,"column":32}},"81":{"start":{"line":206,"column":14},"end":{"line":206,"column":21}},"82":{"start":{"line":209,"column":12},"end":{"line":209,"column":37}},"83":{"start":{"line":213,"column":8},"end":{"line":213,"column":22}},"84":{"start":{"line":231,"column":4},"end":{"line":291,"column":7}},"85":{"start":{"line":232,"column":6},"end":{"line":290,"column":null}},"86":{"start":{"line":233,"column":18},"end":{"line":233,"column":51}},"87":{"start":{"line":234,"column":30},"end":{"line":234,"column":32}},"88":{"start":{"line":236,"column":8},"end":{"line":256,"column":null}},"89":{"start":{"line":237,"column":10},"end":{"line":239,"column":null}},"90":{"start":{"line":238,"column":12},"end":{"line":238,"column":45}},"91":{"start":{"line":240,"column":15},"end":{"line":256,"column":null}},"92":{"start":{"line":241,"column":10},"end":{"line":249,"column":null}},"93":{"start":{"line":242,"column":12},"end":{"line":242,"column":45}},"94":{"start":{"line":243,"column":17},"end":{"line":249,"column":null}},"95":{"start":{"line":248,"column":12},"end":{"line":248,"column":45}},"96":{"start":{"line":250,"column":15},"end":{"line":256,"column":null}},"97":{"start":{"line":251,"column":10},"end":{"line":253,"column":null}},"98":{"start":{"line":252,"column":12},"end":{"line":252,"column":45}},"99":{"start":{"line":255,"column":10},"end":{"line":255,"column":43}},"100":{"start":{"line":258,"column":8},"end":{"line":264,"column":null}},"101":{"start":{"line":259,"column":10},"end":{"line":259,"column":39}},"102":{"start":{"line":260,"column":10},"end":{"line":260,"column":32}},"103":{"start":{"line":261,"column":15},"end":{"line":264,"column":null}},"104":{"start":{"line":262,"column":10},"end":{"line":262,"column":36}},"105":{"start":{"line":263,"column":10},"end":{"line":263,"column":29}},"106":{"start":{"line":266,"column":8},"end":{"line":287,"column":11}},"107":{"start":{"line":267,"column":10},"end":{"line":270,"column":null}},"108":{"start":{"line":268,"column":12},"end":{"line":268,"column":24}},"109":{"start":{"line":269,"column":12},"end":{"line":269,"column":19}},"110":{"start":{"line":271,"column":10},"end":{"line":274,"column":null}},"111":{"start":{"line":272,"column":12},"end":{"line":272,"column":47}},"112":{"start":{"line":273,"column":12},"end":{"line":273,"column":19}},"113":{"start":{"line":275,"column":27},"end":{"line":284,"column":null}},"114":{"start":{"line":277,"column":14},"end":{"line":283,"column":null}},"115":{"start":{"line":286,"column":10},"end":{"line":286,"column":28}},"116":{"start":{"line":289,"column":8},"end":{"line":289,"column":22}},"117":{"start":{"line":306,"column":4},"end":{"line":377,"column":7}},"118":{"start":{"line":307,"column":6},"end":{"line":376,"column":null}},"119":{"start":{"line":308,"column":8},"end":{"line":328,"column":null}},"120":{"start":{"line":309,"column":10},"end":{"line":311,"column":null}},"121":{"start":{"line":310,"column":12},"end":{"line":310,"column":45}},"122":{"start":{"line":312,"column":15},"end":{"line":328,"column":null}},"123":{"start":{"line":313,"column":10},"end":{"line":321,"column":null}},"124":{"start":{"line":314,"column":12},"end":{"line":314,"column":45}},"125":{"start":{"line":315,"column":17},"end":{"line":321,"column":null}},"126":{"start":{"line":320,"column":12},"end":{"line":320,"column":45}},"127":{"start":{"line":322,"column":15},"end":{"line":328,"column":null}},"128":{"start":{"line":323,"column":10},"end":{"line":325,"column":null}},"129":{"start":{"line":324,"column":12},"end":{"line":324,"column":45}},"130":{"start":{"line":327,"column":10},"end":{"line":327,"column":43}},"131":{"start":{"line":330,"column":18},"end":{"line":330,"column":70}},"132":{"start":{"line":331,"column":30},"end":{"line":331,"column":32}},"133":{"start":{"line":333,"column":8},"end":{"line":339,"column":null}},"134":{"start":{"line":334,"column":10},"end":{"line":334,"column":37}},"135":{"start":{"line":335,"column":10},"end":{"line":335,"column":32}},"136":{"start":{"line":336,"column":15},"end":{"line":339,"column":null}},"137":{"start":{"line":337,"column":10},"end":{"line":337,"column":34}},"138":{"start":{"line":338,"column":10},"end":{"line":338,"column":29}},"139":{"start":{"line":341,"column":8},"end":{"line":373,"column":11}},"140":{"start":{"line":342,"column":10},"end":{"line":345,"column":null}},"141":{"start":{"line":343,"column":12},"end":{"line":343,"column":24}},"142":{"start":{"line":344,"column":12},"end":{"line":344,"column":19}},"143":{"start":{"line":346,"column":10},"end":{"line":360,"column":null}},"144":{"start":{"line":347,"column":34},"end":{"line":347,"column":99}},"145":{"start":{"line":348,"column":12},"end":{"line":358,"column":15}},"146":{"start":{"line":349,"column":14},"end":{"line":352,"column":null}},"147":{"start":{"line":350,"column":16},"end":{"line":350,"column":28}},"148":{"start":{"line":351,"column":16},"end":{"line":351,"column":23}},"149":{"start":{"line":353,"column":14},"end":{"line":357,"column":null}},"150":{"start":{"line":354,"column":16},"end":{"line":354,"column":28}},"151":{"start":{"line":356,"column":16},"end":{"line":356,"column":51}},"152":{"start":{"line":359,"column
[...]
,"/Users/giacomoponzuoli/Desktop/ezelectronics/code/server/src/routers/reviewRoutes.ts": {"path":"/Users/giacomoponzuoli/Desktop/ezelectronics/code/server/src/routers/reviewRoutes.ts","statementMap":{"0":{"start":{"line":1,"column":0},"end":{"line":1,"column":41}},"1":{"start":{"line":2,"column":0},"end":{"line":2,"column":36}},"2":{"start":{"line":3,"column":0},"end":{"line":3,"column":54}},"3":{"start":{"line":4,"column":0},"end":{"line":4,"column":62}},"4":{"start":{"line":15,"column":8},"end":{"line":15,"column":null}},"5":{"start":{"line":16,"column":8},"end":{"line":16,"column":null}},"6":{"start":{"line":17,"column":8},"end":{"line":17,"column":null}},"7":{"start":{"line":18,"column":8},"end":{"line":18,"column":null}},"8":{"start":{"line":19,"column":8},"end":{"line":19,"column":null}},"9":{"start":{"line":23,"column":8},"end":{"line":23,"column":null}},"10":{"start":{"line":37,"column":8},"end":{"line":48,"column":null}},"11":{"start":{"line":45,"column":47},"end":{"line":47,"column":53}},"12":{"start":{"line":46,"column":30},"end":{"line":46,"column":60}},"13":{"start":{"line":47,"column":41},"end":{"line":47,"column":51}},"14":{"start":{"line":56,"column":8},"end":{"line":64,"column":null}},"15":{"start":{"line":61,"column":47},"end":{"line":63,"column":49}},"16":{"start":{"line":62,"column":59},"end":{"line":62,"column":88}},"17":{"start":{"line":63,"column":39},"end":{"line":63,"column":48}},"18":{"start":{"line":72,"column":8},"end":{"line":81,"column":null}},"19":{"start":{"line":78,"column":47},"end":{"line":80,"column":53}},"20":{"start":{"line":79,"column":28},"end":{"line":79,"column":50}},"21":{"start":{"line":80,"column":41},"end":{"line":80,"column":51}},"22":{"start":{"line":89,"column":8},"end":{"line":98,"column":null}},"23":{"start":{"line":95,"column":47},"end":{"line":97,"column":49}},"24":{"start":{"line":96,"column":28},"end":{"line":96,"column":50}},"25":{"start":{"line":97,"column":39},"end":{"line":97,"column":48}},"26":{"start":{"line":105,"column":8},"end":{"line":112,"column":null}},"27":{"start":{"line":109,"column":47},"end":{"line":111,"column":49}},"28":{"start":{"line":110,"column":28},"end":{"line":110,"column":50}},"29":{"start":{"line":111,"column":39},"end":{"line":111,"column":48}},"30":{"start":{"line":117,"column":8},"end":{"line":122,"column":null}},"31":{"start":{"line":120,"column":16},"end":{"line":120,"column":67}},"32":{"start":{"line":126,"column":0},"end":{"line":126,"column":28}}},"fnMap":{"0":{"name":"(anonymous_1)","decl":{"start":{"line":14,"column":4},"end":{"line":14,"column":16}},"loc":{"start":{"line":14,"column":44},"end":{"line":20,"column":5}}},"1":{"name":"(anonymous_2)","decl":{"start":{"line":22,"column":4},"end":{"line":22,"column":13}},"loc":{"start":{"line":22,"column":13},"end":{"line":24,"column":5}}},"2":{"name":"(anonymous_3)","decl":{"start":{"line":26,"column":4},"end":{"line":26,"column":14}},"loc":{"start":{"line":26,"column":14},"end":{"line":123,"column":5}}},"3":{"name":"(anonymous_4)","decl":{"start":{"line":45,"column":12},"end":{"line":45,"column":13}},"loc":{"start":{"line":45,"column":47},"end":{"line":47,"column":53}}},"4":{"name":"(anonymous_5)","decl":{"start":{"line":46,"column":22},"end":{"line":46,"column":25}},"loc":{"start":{"line":46,"column":27},"end":{"line":46,"column":62}}},"5":{"name":"(anonymous_6)","decl":{"start":{"line":47,"column":23},"end":{"line":47,"column":24}},"loc":{"start":{"line":47,"column":38},"end":{"line":47,"column":52}}},"6":{"name":"(anonymous_7)","decl":{"start":{"line":61,"column":12},"end":{"line":61,"column":13}},"loc":{"start":{"line":61,"column":47},"end":{"line":63,"column":49}}},"7":{"name":"(anonymous_8)","decl":{"start":{"line":62,"column":22},"end":{"line":62,"column":23}},"loc":{"start":{"line":62,"column":59},"end":{"line":62,"column":88}}},"8":{"name":"(anonymous_9)","decl":{"start":{"line":63,"column":23},"end":{"line":63,"column":24}},"loc":{"start":{"line":63,"column":39},"end":{"line":63,"column":48}}},"9":{"name":"(anonymous_10)","decl":{"start":{"line":78,"column":12},"end":{"line":78,"column":13}},"loc":{"start":{"line":78,"column":47},"end":{"line":80,"column":53}}},"10":{"name":"(anonymous_11)","decl":{"start":{"line":79,"column":22},"end":{"line":79,"column":25}},"loc":{"start":{"line":79,"column":28},"end":{"line":79,"column":50}}},"11":{"name":"(anonymous_12)","decl":{"start":{"line":80,"column":23},"end":{"line":80,"column":24}},"loc":{"start":{"line":80,"column":38},"end":{"line":80,"column":52}}},"12":{"name":"(anonymous_13)","decl":{"start":{"line":95,"column":12},"end":{"line":95,"column":13}},"loc":{"start":{"line":95,"column":47},"end":{"line":97,"column":49}}},"13":{"name":"(anonymous_14)","decl":{"start":{"line":96,"column":22},"end":{"line":96,"column":25}},"loc":{"start":{"line":96,"column":28},"end":{"line":96,"column":50}}},"14":{"name":"(anonymous_15)","decl":{"start":{"line":97,"column":23},"end":{"line":97,"column":24}},"loc":{"start":{"line":97,"column":39},"end":{"line":97,"column":48}}},"15":{"name":"(anonymous_16)","decl":{"start":{"line":109,"column":12},"end":{"line":109,"column":13}},"loc":{"start":{"line":109,"column":47},"end":{"line":111,"column":49}}},"16":{"name":"(anonymous_17)","decl":{"start":{"line":110,"column":22},"end":{"line":110,"column":25}},"loc":{"start":{"line":110,"column":28},"end":{"line":110,"column":50}}},"17":{"name":"(anonymous_18)","decl":{"start":{"line":111,"column":23},"end":{"line":111,"column":24}},"loc":{"start":{"line":111,"column":39},"end":{"line":111,"column":48}}},"18":{"name":"(anonymous_19)","decl":{"start":{"line":118,"column":17},"end":{"line":118,"column":18}},"loc":{"start":{"line":118,"column":51},"end":{"line":121,"column":13}}}},"branchMap":{},"s":{"0":12,"1":12,"2":12,"3":12,"4":12,"5":12,"6":12,"7":12,"8":12,"9":12,"10":12,"11":11,"12":6,"13":5,"14":12,"15":18,"16":16,"17":2,"18":12,"19":8,"20":3,"21":5,"22":12,"23":6,"24":3,"25":3,"26":12,"27":6,"28":5,"29":1,"30":12,"31":1,"32":12},"f":{"0":12,"1":12,"2":12,"3":11,"4":6,"5":5,"6":18,"7":16,"8":2,"9":8,"10":3,"11":5,"12":6,"13":3,"14":3,"15":6,"16":5,"17":1,"18":1},"b":{}}
,"/Users/giacomoponzuoli/Desktop/ezelectronics/code/server/src/routers/userRoutes.ts": {"path":"/Users/giacomoponzuoli/Desktop/ezelectronics/code/server/src/routers/userRoutes.ts","statementMap":{"0":{"start":{"line":1,"column":0},"end":{"line":1,"column":55}},"1":{"start":{"line":3,"column":0},"end":{"line":3,"column":47}},"2":{"start":{"line":4,"column":0},"end":{"line":4,"column":47}},"3":{"start":{"line":5,"column":0},"end":{"line":5,"column":36}},"4":{"start":{"line":6,"column":0},"end":{"line":6,"column":58}},"5":{"start":{"line":7,"column":0},"end":{"line":7,"column":59}},"6":{"start":{"line":23,"column":8},"end":{"line":23,"column":null}},"7":{"start":{"line":24,"column":8},"end":{"line":24,"column":null}},"8":{"start":{"line":25,"column":8},"end":{"line":25,"column":null}},"9":{"start":{"line":26,"column":8},"end":{"line":26,"column":null}},"10":{"start":{"line":27,"column":8},"end":{"line":27,"column":null}},"11":{"start":{"line":35,"column":8},"end":{"line":35,"column":null}},"12":{"start":{"line":58,"column":8},"end":{"line":72,"column":null}},"13":{"start":{"line":66,"column":47},"end":{"line":66,"column":96}},"14":{"start":{"line":67,"column":47},"end":{"line":71,"column":18}},"15":{"start":{"line":68,"column":28},"end":{"line":68,"column":49}},"16":{"start":{"line":70,"column":20},"end":{"line":70,"column":null}},"17":{"start":{"line":79,"column":8},"end":{"line":88,"column":null}},"18":{"start":{"line":83,"column":47},"end":{"line":83,"column":96}},"19":{"start":{"line":84,"column":47},"end":{"line":86,"column":42}},"20":{"start":{"line":85,"column":42},"end":{"line":85,"column":69}},"21":{"start":{"line":86,"column":32},"end":{"line":86,"column":41}},"22":{"start":{"line":96,"column":8},"end":{"line":105,"column":null}},"23":{"start":{"line":101,"column":47},"end":{"line":101,"column":96}},"24":{"start":{"line":102,"column":47},"end":{"line":104,"column":42}},"25":{"start":{"line":103,"column":42},"end":{"line":103,"column":69}},"26":{"start":{"line":104,"column":32},"end":{"line":104,"column":41}},"27":{"start":{"line":113,"column":8},"end":{"line":131,"column":null}},"28":{"start":{"line":117,"column":47},"end":{"line":117,"column":96}},"29":{"start":{"line":119,"column":35},"end":{"line":119,"column":43}},"30":{"start":{"line":120,"column":42},"end":{"line":120,"column":61}},"31":{"start":{"line":121,"column":16},"end":{"line":128,"column":null}},"32":{"start":{"line":122,"column":20},"end":{"line":124,"column":47}},"33":{"start":{"line":123,"column":42},"end":{"line":123,"column":68}},"34":{"start":{"line":124,"column":36},"end":{"line":124,"column":45}},"35":{"start":{"line":127,"column":20},"end":{"line":127,"column":null}},"36":{"start":{"line":139,"column":8},"end":{"line":147,"column":null}},"37":{"start":{"line":142,"column":46},"end":{"line":142,"column":95}},"38":{"start":{"line":143,"column":47},"end":{"line":145,"column":47}},"39":{"start":{"line":144,"column":28},"end":{"line":144,"column":49}},"40":{"start":{"line":145,"column":37},"end":{"line":145,"column":46}},"41":{"start":{"line":154,"column":8},"end":{"line":162,"column":null}},"42":{"start":{"line":158,"column":47},"end":{"line":158,"column":96}},"43":{"start":{"line":159,"column":47},"end":{"line":161,"column":47}},"44":{"start":{"line":160,"column":28},"end":{"line":160,"column":49}},"45":{"start":{"line":161,"column":37},"end":{"line":161,"column":46}},"46":{"start":{"line":175,"column":8},"end":{"line":186,"column":null}},"47":{"start":{"line":182,"column":47},"end":{"line":182,"column":96}},"48":{"start":{"line":183,"column":47},"end":{"line":185,"column":47}},"49":{"start":{"line":184,"column":38},"end":{"line":184,"column":64}},"50":{"start":{"line":185,"column":37},"end":{"line":185,"column":46}},"51":{"start":{"line":272,"column":9},"end":{"line":272,"column":19}},"52":{"start":{"line":204,"column":8},"end":{"line":204,"column":null}},"53":{"start":{"line":205,"column":8},"end":{"line":205,"column":null}},"54":{"start":{"line":206,"column":8},"end":{"line":206,"column":39}},"55":{"start":{"line":207,"column":8},"end":{"line":207,"column":26}},"56":{"start":{"line":211,"column":8},"end":{"line":211,"column":null}},"57":{"start":{"line":232,"column":8},"end":{"line":242,"column":null}},"58":{"start":{"line":238,"column":47},"end":{"line":238,"column":96}},"59":{"start":{"line":239,"column":47},"end":{"line":241,"column":67}},"60":{"start":{"line":240,"column":38},"end":{"line":240,"column":64}},"61":{"start":{"line":241,"column":39},"end":{"line":241,"column":65}},"62":{"start":{"line":249,"column":8},"end":{"line":255,"column":null}},"63":{"start":{"line":252,"column":32},"end":{"line":254,"column":47}},"64":{"start":{"line":253,"column":28},"end":{"line":253,"column":49}},"65":{"start":{"line":254,"column":37},"end":{"line":254,"column":46}},"66":{"start":{"line":262,"column":8},"end":{"line":266,"column":null}},"67":{"start":{"line":265,"column":36},"end":{"line":265,"column":66}},"68":{"start":{"line":272,"column":21},"end":{"line":272,"column":31}}},"fnMap":{"0":{"name":"(anonymous_1)","decl":{"start":{"line":22,"column":4},"end":{"line":22,"column":16}},"loc":{"start":{"line":22,"column":44},"end":{"line":28,"column":5}}},"1":{"name":"(anonymous_2)","decl":{"start":{"line":34,"column":4},"end":{"line":34,"column":13}},"loc":{"start":{"line":34,"column":13},"end":{"line":36,"column":5}}},"2":{"name":"(anonymous_3)","decl":{"start":{"line":45,"column":4},"end":{"line":45,"column":14}},"loc":{"start":{"line":45,"column":14},"end":{"line":188,"column":5}}},"3":{"name":"(anonymous_4)","decl":{"start":{"line":66,"column":12},"end":{"line":66,"column":13}},"loc":{"start":{"line":66,"column":47},"end":{"line":66,"column":96}}},"4":{"name":"(anonymous_5)","decl":{"start":{"line":67,"column":12},"end":{"line":67,"column":13}},"loc":{"start":{"line":67,"column":47},"end":{"line":71,"column":18}}},"5":{"name":"(anonymous_6)","decl":{"start":{"line":68,"column":22},"end":{"line":68,"column":25}},"loc":{"start":{"line":68,"column":28},"end":{"line":68,"column":49}}},"6":{"name":"(anonymous_7)","decl":{"start":{"line":69,"column":23},"end":{"line":69,"column":24}},"loc":{"start":{"line":69,"column":31},"end":{"line":71,"column":17}}},"7":{"name":"(anonymous_8)","decl":{"start":{"line":83,"column":12},"end":{"line":83,"column":13}},"loc":{"start":{"line":83,"column":47},"end":{"line":83,"column":96}}},"8":{"name":"(anonymous_9)","decl":{"start":{"line":84,"column":12},"end":{"line":84,"column":13}},"loc":{"start":{"line":84,"column":47},"end":{"line":86,"column":42}}},"9":{"name":"(anonymous_10)","decl":{"start":{"line":85,"column":22},"end":{"line":85,"column":23}},"loc":{"start":{"line":85,"column":42},"end":{"line":85,"column":69}}},"10":{"name":"(anonymous_11)","decl":{"start":{"line":86,"column":23},"end":{"line":86,"column":24}},"loc":{"start":{"line":86,"column":32},"end":{"line":86,"column":41}}},"11":{"name":"(anonymous_12)","decl":{"start":{"line":101,"column":12},"end":{"line":101,"column":13}},"loc":{"start":{"line":101,"column":47},"end":{"line":101,"column":96}}},"12":{"name":"(anonymous_13)","decl":{"start":{"line":102,"column":12},"end":{"line":102,"column":13}},"loc":{"start":{"line":102,"column":47},"end":{"line":104,"column":42}}},"13":{"name":"(anonymous_14)","decl":{"start":{"line":103,"column":22},"end":{"line":103,"column":23}},"loc":{"start":{"line":103,"column":42},"end":{"line":103,"column":69}}},"14":{"name":"(anonymous_15)","decl":{"start":{"line":104,"column":23},"end":{"line":104,"column":24}},"loc":{"start":{"line":104,"column":32},"end":{"line":104,"column":41}}},"15":{"name":"(anonymous_16)","decl":{"start":{"line":117,"column":12},"end":{"line":117,"column":13}},"loc":{"start":{"line":117,"column":47},"end":{"line":117,"column":96}}},"16":{"name":"(anonymous_17)","decl":{"start":{"line":118,"column":12},"end":{"line":118,"column":13}},"loc":{"start":{"line":118,"column":46},"end":{"line":130,"column":13}}},"17":{"name":"(anonymous_18)","decl":{"start":{"line":123,"column":26},"end":{"line":123,"column":27}},"loc":{"start":{"line":123,"column":42},"end":{"line":123,"column":68}}},"18":{"name":"(anonymous_19)","decl":{"start":{"line":124,"column":27},"end":{"line":124,"column":28}},"loc":{"start":{"line":124,"column":36},"end":{"line":124,"column":45}}},"19":{"name":"(anonymous_20)","decl":{"start":{"line":142,"column":11},"end":{"line":142,"column":12}},"loc":{"start":{"line":142,"column":46},"end":{"line":142,"column":95}}},"20":{"name":"(anonymous_21)","decl":{"start":{"line":143,"column":12},"end":{"line":143,"column":13}},"loc":{"start":{"line":143,"column":47},"end":{"line":145,"column":47}}},"21":{"name":"(anonymous_22)","decl":{"start":{"line":144,"column":22},"end":{"line":144,"column":25}},"loc":{"start":{"line":144,"column":28},"end":{"line":144,"column":49}}},"22":{"name":"(anonymous_23)","decl":{"start":{"line":145,"column":23},"end":{"line":145,"column":24}},"loc":{"start":{"line":145,"column":37},"end":{"line":145,"column":46}}},"23":{"name":"(anonymous_24)","decl":{"start":{"line":158,"column":12},"end":{"line":158,"column":13}},"loc":{"start":{"line":158,"column":47},"end":{"line":158,"column":96}}},"24":{"name":"(anonymous_25)","decl":{"start":{"line":159,"column":12},"end":{"line":159,"column":13}},"loc":{"start":{"line":159,"column":47},"end":{"line":161,"column":47}}},"25":{"name":"(anonymous_26)","decl":{"start":{"line":160,"column":22},"end":{"line":160,"column":25}},"loc":{"start":{"line":160,"column":28},"end":{"line":160,"column":49}}},"26":{"name":"(anonymous_27)","decl":{"start":{"line":161,"column":23},"end":{"line":161,"column":24}},"loc":{"start":{"line":161,"column":37},"end":{"line":161,"column":46}}},"27":{"name":"(anonymous_28)","decl":{"start":{"line":182,"column":12},"end":{"line":182,"column":13}},"loc":{"start":{"line":182,"column":47},"end":{"line":182,"column":96}}},"28":{"name":"(anonymous_29)","decl":{"start":{"line":183,"column":12},"end":{"line":183,"column":13}},"loc":{"start":{"line":183,"column":47},"end":{"line":185,"column":47}}},"29":{"name":"(anonymous_30)","decl":{"start":{"line":184,"column":22},"end":{"line":184,"column":23}},"loc":{"start":{"line":184,"column":38},"end":{"line":184,"column":64}}},"30":{"name":"(anonymous_31)","decl":{"start":{"line":185,"column":23},"end":{"line":185,"column":24}},"loc":{"start":{"line":185,"column":37},"end":{"line":185,"column":46}}},"31":{"name":"(anonymous_32)","decl":{"start":{"line":203,"column":4},"end":{"line":203,"column":16}},"loc":{"start":{"line":203,"column":44},"end":{"line":208,"column":5}}},"32":{"name":"(anonymous_33)","decl":{"start":{"line":210,"column":4},"end":{"line":210,"column":13}},"loc":{"start":{"line":210,"column":13},"end":{"line":212,"column":5}}},"33":{"name":"(anonymous_34)","decl":{"start":{"line":221,"column":4},"end":{"line":221,"column":14}},"loc":{"start":{"line":221,"column":14},"end":{"line":269,"column":5}}},"34":{"name":"(anonymous_35)","decl":{"start":{"line":238,"column":12},"end":{"line":238,"column":13}},"loc":{"start":{"line":238,"column":47},"end":{"line":238,"column":96}}},"35":{"name":"(anonymous_36)","decl":{"start":{"line":239,"column":12},"end":{"line":239,"column":13}},"loc":{"start":{"line":239,"column":47},"end":{"line":241,"column":67}}},"36":{"name":"(anonymous_37)","decl":{"start":{"line":240,"column":22},"end":{"line":240,"column":23}},"loc":{"start":{"line":240,"column":38},"end":{"line":240,"column":64}}},"37":{"name":"(anonymous_38)","decl":{"start":{"line":241,"column":23},"end":{"line":241,"column":24}},"loc":{"start":{"line":241,"column":36},"end":{"line":241,"column":66}}},"38":{"name":"(anonymous_39)","decl":{"start":{"line":252,"column":12},"end":{"line":252,"column":13}},"loc":{"start":{"line":252,"column":32},"end":{"line":254,"column":47}}},"39":{"name":"(anonymous_40)","decl":{"start":{"line":253,"column":22},"end":{"line":253,"column":25}},"loc":{"start":{"line":253,"column":28},"end":{"line":253,"column":49}}},"40":{"name":"(anonymous_41)","decl":{"start":{"line":254,"column":23},"end":{"line":254,"column":24}},"loc":{"start":{"line":254,"column":37},"end":{"line":254,"column":46}}},"41":{"name":"(anonymous_42)","decl":{"start":{"line":265,"column":12},"end":{"line":265,"column":13}},"loc":{"start":{"line":265,"column":36},"end":{"line":265,"column":66}}}},"branchMap":{"0":{"loc":{"start":{"line":121,"column":16},"end":{"line":128,"column":null}},"type":"if","locations":[{"start":{"line":121,"column":16},"end":{"line":128,"column":null}},{"start":{"line":126,"column":21},"end":{"line":128,"column":null}}]},"1":{"loc":{"start":{"line":121,"column":19},"end":{"line":121,"column":94}},"type":"binary-expr","locations":[{"start":{"line":121,"column":19},"end":{"line":121,"column":49}},{"start":{"line":121,"column":53},"end":{"line":121,"column":94}}]}},"s":{"0":12,"1":12,"2":12,"3":12,"4":12,"5":12,"6":12,"7":12,"8":12,"9":12,"10":12,"11":12,"12":12,"13":167,"14":147,"15":144,"16":3,"17":12,"18":6,"19":6,"20":6,"21":0,"22":12,"23":8,"24":5,"25":5,"26":0,"27":12,"28":31,"29":30,"30":30,"31":30,"32":25,"33":20,"34":5,"35":5,"36":12,"37":19,"38":19,"39":9,"40":10,"41":12,"42":3,"43":3,"44":3,"45":0,"46":12,"47":31,"48":19,"49":8,"50":11,"51":12,"52":12,"53":12,"54":12,"55":12,"56":12,"57":12,"58":219,"59":215,"60":207,"61":8,"62":12,"63":3,"64":3,"65":0,"66":12,"67":3,"68":12},"f":{"0":12,"1":12,"2":12,"3":167,"4":147,"5":144,"6":3,"7":6,"8":6,"9":6,"10":0,"11":8,"12":5,"13":5,"14":0,"15":31,"16":30,"17":20,"18":5,"19":19,"20":19,"21":9,"22":10,"23":3,"24":3,"25":3,"26":0,"27":31,"28":19,"29":8,"30":11,"31":12,"32":12,"33":12,"34":219,"35":215,"36":207,"37":8,"38":3,"39":3,"40":0,"41":3},"b":{"0":[25,5],"1":[30,14]}}
}
