TN:
SF:index.ts
FN:18,(anonymous_1)
FNF:1
FNH:0
FNDA:0,(anonymous_1)
DA:1,12
DA:2,12
DA:3,12
DA:4,12
DA:6,12
DA:7,12
DA:9,12
DA:11,12
DA:15,12
DA:16,12
DA:17,12
DA:18,0
DA:19,0
DA:23,12
LF:14
LH:12
BRDA:17,0,0,0
BRF:1
BRH:0
end_of_record
TN:
SF:src/helper.ts
FN:16,(anonymous_0)
FN:20,(anonymous_1)
FN:32,(anonymous_2)
FN:33,(anonymous_3)
FNF:4
FNH:4
FNDA:965,(anonymous_0)
FNDA:88,(anonymous_1)
FNDA:12,(anonymous_2)
FNDA:156,(anonymous_3)
DA:1,12
DA:17,965
DA:18,965
DA:19,81
DA:20,81
DA:21,88
DA:23,81
DA:25,884
DA:33,12
DA:34,156
DA:42,12
LF:11
LH:11
BRDA:18,0,0,81
BRDA:34,1,0,156
BRDA:34,1,1,19
BRDA:35,2,0,156
BRDA:35,2,1,19
BRDA:36,3,0,156
BRDA:36,3,1,19
BRF:7
BRH:7
end_of_record
TN:
SF:src/routes.ts
FN:21,initRoutes
FNF:1
FNH:1
FNDA:12,initRoutes
DA:1,12
DA:2,12
DA:3,12
DA:4,12
DA:5,12
DA:6,12
DA:7,12
DA:9,12
DA:10,12
DA:22,12
DA:23,12
DA:24,12
DA:32,12
DA:33,12
DA:34,12
DA:35,12
DA:36,12
DA:37,12
DA:42,12
DA:43,12
DA:44,12
DA:45,12
DA:46,12
DA:48,12
DA:51,12
LF:25
LH:25
BRF:0
BRH:0
end_of_record
TN:
SF:src/utilities.ts
FN:13,(anonymous_0)
FN:21,(anonymous_1)
FN:25,(anonymous_2)
FN:35,(anonymous_3)
FNF:4
FNH:3
FNDA:276,(anonymous_0)
FNDA:158,(anonymous_1)
FNDA:321,(anonymous_2)
FNDA:0,(anonymous_3)
DA:1,12
DA:2,12
DA:14,276
DA:22,158
DA:26,321
DA:36,0
DA:37,0
DA:38,0
DA:42,12
LF:9
LH:6
BRF:0
BRH:0
end_of_record
TN:
SF:src/components/cart.ts
FN:21,(anonymous_0)
FN:46,(anonymous_1)
FNF:2
FNH:2
FNDA:52,(anonymous_0)
FNDA:64,(anonymous_1)
DA:22,52
DA:23,52
DA:24,52
DA:25,52
DA:26,52
DA:47,64
DA:48,64
DA:49,64
DA:50,64
DA:54,15
LF:10
LH:10
BRF:0
BRH:0
end_of_record
TN:
SF:src/components/product.ts
FN:22,(anonymous_0)
FN:35,(anonymous_1)
FNF:2
FNH:2
FNDA:129,(anonymous_0)
FNDA:16,(anonymous_1)
DA:23,129
DA:24,129
DA:25,129
DA:26,129
DA:27,129
DA:28,129
DA:35,16
DA:36,16
DA:37,16
DA:38,16
DA:41,16
LF:11
LH:11
BRDA:35,0,0,16
BRDA:35,0,1,16
BRF:2
BRH:2
end_of_record
TN:
SF:src/components/review.ts
FN:19,(anonymous_0)
FNF:1
FNH:1
FNDA:13,(anonymous_0)
DA:20,13
DA:21,13
DA:22,13
DA:23,13
DA:24,13
DA:28,14
LF:6
LH:6
BRF:0
BRH:0
end_of_record
TN:
SF:src/components/user.ts
FN:21,(anonymous_0)
FN:35,(anonymous_1)
FNF:2
FNH:2
FNDA:933,(anonymous_0)
FNDA:21,(anonymous_1)
DA:22,933
DA:23,933
DA:24,933
DA:25,933
DA:26,933
DA:27,933
DA:35,21
DA:36,21
DA:37,21
DA:38,21
DA:41,21
LF:11
LH:11
BRDA:35,0,0,21
BRDA:35,0,1,21
BRF:2
BRH:2
end_of_record
TN:
SF:src/controllers/cartController.ts
FN:11,(anonymous_8)
FN:23,(anonymous_9)
FN:35,(anonymous_11)
FN:45,(anonymous_13)
FN:56,(anonymous_15)
FN:66,(anonymous_17)
FN:77,(anonymous_19)
FN:86,(anonymous_21)
FN:96,(anonymous_23)
FNF:9
FNH:9
FNDA:35,(anonymous_8)
FNDA:59,(anonymous_9)
FNDA:16,(anonymous_11)
FNDA:17,(anonymous_13)
FNDA:7,(anonymous_15)
FNDA:20,(anonymous_17)
FNDA:6,(anonymous_19)
FNDA:5,(anonymous_21)
FNDA:6,(anonymous_23)
DA:2,13
DA:12,35
DA:25,59
DA:26,59
DA:36,16
DA:46,17
DA:47,5
DA:57,7
DA:67,20
DA:68,7
DA:78,6
DA:79,3
DA:87,5
DA:88,4
DA:97,6
DA:101,13
LF:16
LH:16
BRF:0
BRH:0
end_of_record
TN:
SF:src/controllers/productController.ts
FN:10,(anonymous_8)
FN:24,(anonymous_9)
FN:35,(anonymous_11)
FN:46,(anonymous_13)
FN:57,(anonymous_15)
FN:68,(anonymous_17)
FN:76,(anonymous_19)
FN:86,(anonymous_21)
FNF:8
FNH:8
FNDA:32,(anonymous_8)
FNDA:112,(anonymous_9)
FNDA:14,(anonymous_11)
FNDA:35,(anonymous_13)
FNDA:54,(anonymous_15)
FNDA:36,(anonymous_17)
FNDA:6,(anonymous_19)
FNDA:7,(anonymous_21)
DA:1,13
DA:11,32
DA:25,112
DA:36,14
DA:47,35
DA:58,54
DA:69,36
DA:77,6
DA:87,7
DA:92,13
LF:10
LH:10
BRF:0
BRH:0
end_of_record
TN:
SF:src/controllers/reviewController.ts
FN:7,(anonymous_8)
FN:19,(anonymous_9)
FN:28,(anonymous_11)
FN:38,(anonymous_13)
FN:47,(anonymous_15)
FN:55,(anonymous_17)
FNF:6
FNH:6
FNDA:22,(anonymous_8)
FNDA:11,(anonymous_9)
FNDA:18,(anonymous_11)
FNDA:8,(anonymous_13)
FNDA:6,(anonymous_15)
FNDA:6,(anonymous_17)
DA:2,13
DA:8,22
DA:20,11
DA:29,18
DA:39,8
DA:48,6
DA:56,6
DA:60,13
LF:8
LH:8
BRF:0
BRH:0
end_of_record
TN:
SF:src/controllers/userController.ts
FN:11,(anonymous_8)
FN:24,(anonymous_9)
FN:32,(anonymous_11)
FN:42,(anonymous_13)
FN:54,(anonymous_15)
FN:66,(anonymous_17)
FN:74,(anonymous_19)
FN:88,(anonymous_21)
FNF:8
FNH:8
FNDA:35,(anonymous_8)
FNDA:148,(anonymous_9)
FNDA:7,(anonymous_11)
FNDA:6,(anonymous_13)
FNDA:25,(anonymous_15)
FNDA:19,(anonymous_17)
FNDA:4,(anonymous_19)
FNDA:19,(anonymous_21)
DA:2,13
DA:12,35
DA:25,148
DA:33,7
DA:43,6
DA:55,25
DA:67,19
DA:75,4
DA:89,19
DA:93,13
LF:10
LH:10
BRF:0
BRH:0
end_of_record
TN:
SF:src/dao/cartDAO.ts
FN:30,(anonymous_1)
FN:31,(anonymous_2)
FN:43,(anonymous_3)
FN:62,(anonymous_4)
FN:64,(anonymous_5)
FN:74,(anonymous_6)
FN:88,(anonymous_7)
FN:91,(anonymous_8)
FN:95,(anonymous_9)
FN:105,(anonymous_10)
FN:113,(anonymous_11)
FN:124,(anonymous_12)
FN:137,(anonymous_13)
FN:141,(anonymous_14)
FN:150,(anonymous_15)
FN:163,(anonymous_16)
FN:165,(anonymous_17)
FN:183,(anonymous_18)
FN:184,(anonymous_19)
FN:187,(anonymous_20)
FN:203,(anonymous_21)
FN:210,(anonymous_22)
FN:215,(anonymous_23)
FN:219,(anonymous_24)
FN:221,(anonymous_25)
FN:229,(anonymous_26)
FN:243,(anonymous_27)
FN:244,(anonymous_28)
FN:251,(anonymous_29)
FN:269,(anonymous_30)
FN:281,(anonymous_31)
FN:282,(anonymous_32)
FN:284,(anonymous_33)
FN:305,(anonymous_34)
FN:306,(anonymous_35)
FN:307,(anonymous_36)
FN:309,(anonymous_37)
FN:321,(anonymous_38)
FN:326,(anonymous_39)
FN:334,(anonymous_40)
FN:337,(anonymous_41)
FN:348,(anonymous_42)
FN:360,(anonymous_43)
FN:382,(anonymous_44)
FN:389,(anonymous_45)
FN:420,(anonymous_46)
FN:421,(anonymous_47)
FN:426,(anonymous_48)
FN:443,(anonymous_49)
FN:453,(anonymous_50)
FN:465,(anonymous_51)
FN:482,(anonymous_52)
FN:508,(anonymous_53)
FN:517,(anonymous_54)
FN:546,(anonymous_55)
FN:547,(anonymous_56)
FN:550,(anonymous_57)
FN:561,(anonymous_58)
FN:569,(anonymous_59)
FN:592,(anonymous_60)
FN:593,(anonymous_61)
FN:594,(anonymous_62)
FN:598,(anonymous_63)
FN:605,(anonymous_64)
FN:625,(anonymous_65)
FN:637,(anonymous_66)
FN:657,(anonymous_67)
FN:664,(anonymous_68)
FNF:68
FNH:67
FNDA:68,(anonymous_1)
FNDA:68,(anonymous_2)
FNDA:68,(anonymous_3)
FNDA:59,(anonymous_4)
FNDA:58,(anonymous_5)
FNDA:32,(anonymous_6)
FNDA:58,(anonymous_7)
FNDA:58,(anonymous_8)
FNDA:57,(anonymous_9)
FNDA:56,(anonymous_10)
FNDA:50,(anonymous_11)
FNDA:4,(anonymous_12)
FNDA:54,(anonymous_13)
FNDA:53,(anonymous_14)
FNDA:0,(anonymous_15)
FNDA:5,(anonymous_16)
FNDA:1,(anonymous_17)
FNDA:19,(anonymous_18)
FNDA:19,(anonymous_19)
FNDA:19,(anonymous_20)
FNDA:13,(anonymous_21)
FNDA:12,(anonymous_22)
FNDA:14,(anonymous_23)
FNDA:12,(anonymous_24)
FNDA:11,(anonymous_25)
FNDA:2,(anonymous_26)
FNDA:37,(anonymous_27)
FNDA:37,(anonymous_28)
FNDA:36,(anonymous_29)
FNDA:32,(anonymous_30)
FNDA:43,(anonymous_31)
FNDA:43,(anonymous_32)
FNDA:42,(anonymous_33)
FNDA:22,(anonymous_34)
FNDA:36,(anonymous_35)
FNDA:36,(anonymous_36)
FNDA:36,(anonymous_37)
FNDA:20,(anonymous_38)
FNDA:19,(anonymous_39)
FNDA:3,(anonymous_40)
FNDA:7,(anonymous_41)
FNDA:8,(anonymous_42)
FNDA:8,(anonymous_43)
FNDA:8,(anonymous_44)
FNDA:7,(anonymous_45)
FNDA:23,(anonymous_46)
FNDA:23,(anonymous_47)
FNDA:22,(anonymous_48)
FNDA:16,(anonymous_49)
FNDA:15,(anonymous_50)
FNDA:12,(anonymous_51)
FNDA:6,(anonymous_52)
FNDA:2,(anonymous_53)
FNDA:2,(anonymous_54)
FNDA:9,(anonymous_55)
FNDA:9,(anonymous_56)
FNDA:9,(anonymous_57)
FNDA:4,(anonymous_58)
FNDA:3,(anonymous_59)
FNDA:7,(anonymous_60)
FNDA:7,(anonymous_61)
FNDA:7,(anonymous_62)
FNDA:7,(anonymous_63)
FNDA:5,(anonymous_64)
FNDA:7,(anonymous_65)
FNDA:7,(anonymous_66)
FNDA:7,(anonymous_67)
FNDA:7,(anonymous_68)
DA:1,14
DA:3,14
DA:6,14
DA:7,14
DA:8,14
DA:31,68
DA:32,68
DA:42,68
DA:43,68
DA:44,68
DA:45,1
DA:46,1
DA:48,67
DA:49,5
DA:50,5
DA:53,62
DA:54,3
DA:55,3
DA:58,59
DA:62,59
DA:63,59
DA:64,59
DA:65,58
DA:66,0
DA:67,0
DA:71,58
DA:73,32
DA:74,32
DA:75,32
DA:76,0
DA:77,0
DA:78,0
DA:81,32
DA:85,26
DA:91,58
DA:94,58
DA:95,58
DA:96,57
DA:97,0
DA:98,0
DA:101,57
DA:104,57
DA:105,57
DA:106,56
DA:107,0
DA:108,0
DA:111,56
DA:112,50
DA:113,50
DA:114,50
DA:115,0
DA:116,0
DA:119,50
DA:123,6
DA:124,6
DA:125,4
DA:126,0
DA:127,0
DA:130,4
DA:135,54
DA:139,54
DA:141,54
DA:142,53
DA:145,0
DA:146,0
DA:148,0
DA:150,0
DA:151,0
DA:152,0
DA:153,0
DA:156,0
DA:157,0
DA:160,53
DA:161,53
DA:164,5
DA:166,1
DA:170,0
DA:171,0
DA:184,19
DA:185,19
DA:187,19
DA:188,19
DA:189,1
DA:190,1
DA:192,18
DA:194,18
DA:199,5
DA:201,5
DA:203,13
DA:206,13
DA:210,13
DA:211,12
DA:212,0
DA:213,0
DA:215,14
DA:217,12
DA:220,12
DA:221,12
DA:222,11
DA:223,0
DA:224,0
DA:227,11
DA:230,2
DA:244,37
DA:245,37
DA:250,37
DA:251,37
DA:252,36
DA:253,0
DA:254,0
DA:258,36
DA:259,3
DA:260,3
DA:262,33
DA:265,33
DA:269,33
DA:270,32
DA:271,0
DA:272,0
DA:275,32
DA:276,3
DA:277,3
DA:281,29
DA:282,43
DA:283,43
DA:284,43
DA:285,42
DA:286,0
DA:287,0
DA:289,42
DA:290,5
DA:291,5
DA:293,37
DA:294,1
DA:295,1
DA:297,36
DA:305,29
DA:306,22
DA:307,36
DA:308,36
DA:309,36
DA:310,36
DA:311,2
DA:312,2
DA:314,34
DA:321,22
DA:323,20
DA:324,20
DA:325,20
DA:326,20
DA:327,19
DA:328,0
DA:329,0
DA:331,19
DA:335,3
DA:338,7
DA:343,2
DA:360,8
DA:361,8
DA:382,8
DA:383,8
DA:384,1
DA:385,1
DA:388,7
DA:389,7
DA:390,7
DA:391,7
DA:392,4
DA:401,7
DA:408,7
DA:411,7
DA:421,23
DA:422,23
DA:425,23
DA:426,23
DA:428,22
DA:429,1
DA:430,1
DA:434,21
DA:435,4
DA:436,4
DA:439,17
DA:443,17
DA:444,16
DA:445,0
DA:446,0
DA:448,16
DA:450,1
DA:452,15
DA:453,15
DA:454,15
DA:455,0
DA:456,0
DA:458,15
DA:459,3
DA:460,3
DA:463,12
DA:465,12
DA:466,12
DA:467,0
DA:468,0
DA:470,12
DA:471,4
DA:472,4
DA:475,8
DA:476,8
DA:477,8
DA:478,8
DA:479,8
DA:480,6
DA:482,6
DA:483,6
DA:484,0
DA:485,0
DA:487,6
DA:488,6
DA:506,2
DA:508,2
DA:509,2
DA:510,0
DA:511,0
DA:515,2
DA:517,2
DA:518,2
DA:519,0
DA:520,0
DA:522,2
DA:537,2
DA:547,9
DA:548,9
DA:550,9
DA:551,9
DA:552,1
DA:553,1
DA:555,8
DA:556,3
DA:557,3
DA:559,5
DA:561,5
DA:562,4
DA:563,0
DA:564,0
DA:567,4
DA:569,4
DA:570,3
DA:571,0
DA:572,0
DA:575,3
DA:593,7
DA:594,7
DA:597,7
DA:598,7
DA:599,7
DA:600,2
DA:601,2
DA:604,5
DA:605,5
DA:606,5
DA:607,1
DA:608,1
DA:612,4
DA:637,7
DA:638,7
DA:657,7
DA:658,7
DA:659,1
DA:660,1
DA:663,6
DA:664,6
DA:665,7
DA:666,7
DA:667,4
DA:676,7
DA:683,7
DA:685,6
DA:708,14
LF:276
LH:224
BRDA:44,0,0,1
BRDA:48,1,0,5
BRDA:48,1,1,62
BRDA:53,2,0,3
BRDA:65,3,0,0
BRDA:71,4,0,32
BRDA:71,4,1,26
BRDA:75,5,0,0
BRDA:96,6,0,0
BRDA:106,7,0,0
BRDA:111,8,0,50
BRDA:111,8,1,6
BRDA:114,9,0,0
BRDA:125,10,0,0
BRDA:142,11,0,0
BRDA:145,12,0,0
BRDA:145,12,1,0
BRDA:151,13,0,0
BRDA:188,14,0,1
BRDA:194,15,0,5
BRDA:194,15,1,13
BRDA:211,16,0,0
BRDA:211,16,1,12
BRDA:222,17,0,0
BRDA:252,18,0,0
BRDA:258,19,0,3
BRDA:270,20,0,0
BRDA:275,21,0,3
BRDA:285,22,0,0
BRDA:289,23,0,5
BRDA:293,24,0,1
BRDA:293,24,1,36
BRDA:310,25,0,2
BRDA:310,25,1,34
BRDA:327,26,0,0
BRDA:327,26,1,19
BRDA:383,27,0,1
BRDA:391,28,0,4
BRDA:428,29,0,1
BRDA:434,30,0,4
BRDA:434,30,1,17
BRDA:444,31,0,0
BRDA:444,31,1,16
BRDA:448,32,0,1
BRDA:448,32,1,15
BRDA:454,33,0,0
BRDA:458,34,0,3
BRDA:458,34,1,12
BRDA:466,35,0,0
BRDA:470,36,0,4
BRDA:470,36,1,8
BRDA:479,37,0,6
BRDA:479,37,1,2
BRDA:483,38,0,0
BRDA:483,38,1,6
BRDA:509,39,0,0
BRDA:509,39,1,2
BRDA:518,40,0,0
BRDA:551,41,0,1
BRDA:555,42,0,3
BRDA:555,42,1,5
BRDA:562,43,0,0
BRDA:562,43,1,4
BRDA:570,44,0,0
BRDA:599,45,0,2
BRDA:606,46,0,1
BRDA:658,47,0,1
BRDA:666,48,0,4
BRF:68
BRH:44
end_of_record
TN:
SF:src/dao/productDAO.ts
FN:30,(anonymous_8)
FN:38,(anonymous_9)
FN:69,(anonymous_10)
FN:99,(anonymous_11)
FN:104,(anonymous_12)
FN:115,(anonymous_13)
FN:137,(anonymous_14)
FN:157,(anonymous_15)
FN:162,(anonymous_16)
FN:172,(anonymous_17)
FN:203,(anonymous_18)
FN:226,(anonymous_19)
FN:231,(anonymous_20)
FN:266,(anonymous_21)
FN:276,(anonymous_22)
FN:301,(anonymous_23)
FN:306,(anonymous_24)
FN:341,(anonymous_25)
FN:348,(anonymous_26)
FN:362,(anonymous_27)
FN:384,(anonymous_28)
FN:385,(anonymous_30)
FN:388,(anonymous_31)
FN:403,(anonymous_32)
FN:404,(anonymous_33)
FN:406,(anonymous_34)
FNF:26
FNH:26
FNDA:213,(anonymous_8)
FNDA:213,(anonymous_9)
FNDA:205,(anonymous_10)
FNDA:19,(anonymous_11)
FNDA:19,(anonymous_12)
FNDA:14,(anonymous_13)
FNDA:7,(anonymous_14)
FNDA:42,(anonymous_15)
FNDA:42,(anonymous_16)
FNDA:38,(anonymous_17)
FNDA:25,(anonymous_18)
FNDA:54,(anonymous_19)
FNDA:54,(anonymous_20)
FNDA:33,(anonymous_21)
FNDA:47,(anonymous_22)
FNDA:41,(anonymous_23)
FNDA:41,(anonymous_24)
FNDA:26,(anonymous_25)
FNDA:3,(anonymous_26)
FNDA:29,(anonymous_27)
FNDA:6,(anonymous_28)
FNDA:6,(anonymous_30)
FNDA:6,(anonymous_31)
FNDA:8,(anonymous_32)
FNDA:8,(anonymous_33)
FNDA:8,(anonymous_34)
DA:1,14
DA:2,14
DA:12,14
DA:38,213
DA:39,213
DA:44,3
DA:45,3
DA:48,210
DA:50,210
DA:52,210
DA:53,210
DA:55,210
DA:56,4
DA:59,206
DA:70,205
DA:71,4
DA:76,3
DA:78,1
DA:79,1
DA:81,4
DA:83,201
DA:87,5
DA:104,19
DA:105,19
DA:106,19
DA:107,19
DA:109,19
DA:110,4
DA:113,15
DA:115,15
DA:116,14
DA:117,1
DA:118,1
DA:120,13
DA:121,3
DA:122,3
DA:124,10
DA:125,10
DA:126,3
DA:127,3
DA:130,7
DA:131,7
DA:134,7
DA:135,7
DA:137,7
DA:138,7
DA:139,1
DA:140,1
DA:142,6
DA:146,5
DA:162,42
DA:163,42
DA:164,42
DA:165,42
DA:167,42
DA:168,3
DA:171,39
DA:172,39
DA:173,38
DA:174,1
DA:175,1
DA:177,37
DA:178,3
DA:179,3
DA:181,34
DA:182,34
DA:183,3
DA:184,3
DA:186,31
DA:188,31
DA:189,3
DA:190,3
DA:192,28
DA:193,3
DA:194,3
DA:197,25
DA:200,25
DA:201,25
DA:203,25
DA:204,25
DA:205,1
DA:206,1
DA:209,24
DA:213,4
DA:231,54
DA:232,54
DA:233,54
DA:234,54
DA:236,54
DA:237,17
DA:238,1
DA:240,37
DA:241,18
DA:242,7
DA:243,11
DA:248,2
DA:250,19
DA:251,15
DA:252,6
DA:255,4
DA:258,34
DA:259,9
DA:260,9
DA:261,25
DA:262,9
DA:263,9
DA:266,34
DA:267,33
DA:268,1
DA:269,1
DA:271,32
DA:272,3
DA:273,3
DA:275,29
DA:277,47
DA:286,29
DA:289,21
DA:306,41
DA:307,41
DA:308,41
DA:309,10
DA:310,2
DA:312,31
DA:313,17
DA:314,4
DA:315,13
DA:320,2
DA:322,14
DA:323,12
DA:324,4
DA:327,2
DA:330,27
DA:331,27
DA:333,27
DA:334,11
DA:335,11
DA:336,16
DA:337,8
DA:338,8
DA:341,27
DA:342,26
DA:343,1
DA:344,1
DA:346,25
DA:347,3
DA:348,3
DA:349,3
DA:350,0
DA:351,0
DA:353,3
DA:354,1
DA:356,2
DA:359,3
DA:361,22
DA:363,29
DA:372,22
DA:375,15
DA:385,6
DA:386,6
DA:388,6
DA:389,6
DA:390,1
DA:392,5
DA:404,8
DA:405,8
DA:406,8
DA:407,8
DA:408,1
DA:409,1
DA:411,7
DA:412,4
DA:413,4
DA:415,3
DA:416,3
DA:422,14
LF:175
LH:173
BRDA:39,0,0,3
BRDA:40,1,0,213
BRDA:40,1,1,88
BRDA:40,1,2,20
BRDA:55,2,0,4
BRDA:55,3,0,210
BRDA:55,3,1,210
BRDA:64,4,0,201
BRDA:64,4,1,5
BRDA:70,5,0,4
BRDA:71,6,0,3
BRDA:71,6,1,1
BRDA:109,7,0,4
BRDA:109,8,0,19
BRDA:109,8,1,19
BRDA:116,9,0,1
BRDA:120,10,0,3
BRDA:125,11,0,3
BRDA:125,12,0,10
BRDA:125,12,1,10
BRDA:138,13,0,1
BRDA:167,14,0,3
BRDA:167,15,0,42
BRDA:167,15,1,42
BRDA:173,16,0,1
BRDA:177,17,0,3
BRDA:182,18,0,3
BRDA:182,19,0,34
BRDA:182,19,1,34
BRDA:188,20,0,3
BRDA:192,21,0,3
BRDA:204,22,0,1
BRDA:236,23,0,17
BRDA:236,23,1,37
BRDA:236,24,0,54
BRDA:236,24,1,37
BRDA:237,25,0,1
BRDA:237,26,0,17
BRDA:237,26,1,17
BRDA:240,27,0,18
BRDA:240,27,1,19
BRDA:241,28,0,7
BRDA:241,28,1,11
BRDA:241,29,0,18
BRDA:241,29,1,14
BRDA:243,30,0,2
BRDA:244,31,0,11
BRDA:244,31,1,8
BRDA:244,31,2,4
BRDA:250,32,0,15
BRDA:250,32,1,4
BRDA:251,33,0,6
BRDA:251,34,0,15
BRDA:251,34,1,11
BRDA:258,35,0,9
BRDA:258,35,1,25
BRDA:258,36,0,34
BRDA:258,36,1,9
BRDA:261,37,0,9
BRDA:261,38,0,25
BRDA:261,38,1,9
BRDA:267,39,0,1
BRDA:271,40,0,3
BRDA:271,41,0,32
BRDA:271,41,1,9
BRDA:308,42,0,10
BRDA:308,42,1,31
BRDA:308,43,0,41
BRDA:308,43,1,31
BRDA:309,44,0,2
BRDA:309,45,0,10
BRDA:309,45,1,9
BRDA:312,46,0,17
BRDA:312,46,1,14
BRDA:313,47,0,4
BRDA:313,47,1,13
BRDA:313,48,0,17
BRDA:313,48,1,14
BRDA:315,49,0,2
BRDA:316,50,0,13
BRDA:316,50,1,9
BRDA:316,50,2,5
BRDA:322,51,0,12
BRDA:322,51,1,2
BRDA:323,52,0,4
BRDA:323,53,0,12
BRDA:323,53,1,9
BRDA:333,54,0,11
BRDA:333,54,1,16
BRDA:333,55,0,27
BRDA:333,55,1,11
BRDA:336,56,0,8
BRDA:336,57,0,16
BRDA:336,57,1,8
BRDA:342,58,0,1
BRDA:346,59,0,3
BRDA:346,60,0,25
BRDA:346,60,1,7
BRDA:349,61,0,0
BRDA:353,62,0,1
BRDA:353,62,1,2
BRDA:389,63,0,1
BRDA:389,63,1,5
BRDA:407,64,0,1
BRDA:411,65,0,4
BRDA:411,65,1,3
BRF:106
BRH:105
end_of_record
TN:
SF:src/dao/reviewDAO.ts
FN:16,(anonymous_1)
FN:17,(anonymous_2)
FN:19,(anonymous_3)
FN:34,(anonymous_4)
FN:35,(anonymous_5)
FN:37,(anonymous_6)
FN:51,(anonymous_7)
FN:52,(anonymous_8)
FN:60,(anonymous_9)
FN:73,(anonymous_10)
FN:74,(anonymous_11)
FN:76,(anonymous_12)
FN:92,(anonymous_13)
FN:93,(anonymous_14)
FN:96,(anonymous_15)
FN:119,(anonymous_16)
FN:121,(anonymous_17)
FN:122,(anonymous_18)
FN:126,(anonymous_19)
FN:136,(anonymous_20)
FN:138,(anonymous_21)
FN:138,(anonymous_22)
FN:141,(anonymous_23)
FN:146,(anonymous_24)
FN:159,(anonymous_25)
FN:161,(anonymous_26)
FN:162,(anonymous_27)
FN:170,(anonymous_28)
FN:172,(anonymous_29)
FN:173,(anonymous_30)
FN:180,(anonymous_31)
FN:181,(anonymous_32)
FN:183,(anonymous_33)
FNF:33
FNH:33
FNDA:56,(anonymous_1)
FNDA:56,(anonymous_2)
FNDA:56,(anonymous_3)
FNDA:18,(anonymous_4)
FNDA:18,(anonymous_5)
FNDA:18,(anonymous_6)
FNDA:13,(anonymous_7)
FNDA:13,(anonymous_8)
FNDA:13,(anonymous_9)
FNDA:7,(anonymous_10)
FNDA:7,(anonymous_11)
FNDA:7,(anonymous_12)
FNDA:6,(anonymous_13)
FNDA:6,(anonymous_14)
FNDA:6,(anonymous_15)
FNDA:20,(anonymous_16)
FNDA:18,(anonymous_17)
FNDA:13,(anonymous_18)
FNDA:8,(anonymous_19)
FNDA:18,(anonymous_20)
FNDA:17,(anonymous_21)
FNDA:17,(anonymous_22)
FNDA:17,(anonymous_23)
FNDA:10,(anonymous_24)
FNDA:10,(anonymous_25)
FNDA:7,(anonymous_26)
FNDA:7,(anonymous_27)
FNDA:7,(anonymous_28)
FNDA:6,(anonymous_29)
FNDA:4,(anonymous_30)
FNDA:7,(anonymous_31)
FNDA:7,(anonymous_32)
FNDA:7,(anonymous_33)
DA:1,14
DA:2,14
DA:4,14
DA:6,14
DA:17,56
DA:18,56
DA:19,56
DA:20,56
DA:21,1
DA:22,1
DA:25,55
DA:26,7
DA:27,7
DA:29,48
DA:35,18
DA:36,18
DA:37,18
DA:38,18
DA:39,1
DA:40,1
DA:42,17
DA:43,4
DA:44,4
DA:46,13
DA:52,13
DA:53,13
DA:54,13
DA:55,13
DA:56,13
DA:58,13
DA:59,13
DA:60,13
DA:61,13
DA:62,1
DA:63,1
DA:65,12
DA:66,12
DA:67,12
DA:74,7
DA:75,7
DA:76,7
DA:77,7
DA:78,1
DA:79,1
DA:81,6
DA:82,3
DA:83,3
DA:85,3
DA:86,3
DA:93,6
DA:95,6
DA:96,6
DA:97,6
DA:98,1
DA:99,1
DA:101,5
DA:102,3
DA:104,2
DA:120,20
DA:121,18
DA:124,13
DA:127,8
DA:137,18
DA:138,17
DA:140,17
DA:141,17
DA:142,17
DA:143,1
DA:144,1
DA:146,16
DA:147,16
DA:160,10
DA:161,7
DA:162,7
DA:171,7
DA:172,6
DA:173,4
DA:181,7
DA:182,7
DA:183,7
DA:184,7
DA:185,1
DA:186,1
DA:188,6
DA:189,6
DA:197,14
LF:86
LH:86
BRDA:20,0,0,1
BRDA:25,1,0,7
BRDA:38,2,0,1
BRDA:42,3,0,4
BRDA:58,4,0,13
BRDA:58,4,1,0
BRDA:61,5,0,1
BRDA:65,6,0,12
BRDA:77,7,0,1
BRDA:81,8,0,3
BRDA:81,8,1,3
BRDA:97,9,0,1
BRDA:101,10,0,3
BRDA:101,10,1,2
BRDA:142,11,0,1
BRDA:184,12,0,1
BRF:16
BRH:15
end_of_record
TN:
SF:src/dao/userDAO.ts
FN:18,(anonymous_1)
FN:19,(anonymous_2)
FN:26,(anonymous_3)
FN:56,(anonymous_4)
FN:57,(anonymous_5)
FN:62,(anonymous_6)
FN:84,(anonymous_7)
FN:85,(anonymous_8)
FN:87,(anonymous_9)
FN:106,(anonymous_10)
FN:107,(anonymous_11)
FN:109,(anonymous_12)
FN:114,(anonymous_13)
FN:127,(anonymous_14)
FN:128,(anonymous_15)
FN:130,(anonymous_16)
FN:135,(anonymous_17)
FN:146,(anonymous_18)
FN:147,(anonymous_19)
FN:154,(anonymous_20)
FN:170,(anonymous_21)
FN:184,(anonymous_22)
FN:185,(anonymous_23)
FN:188,(anonymous_24)
FN:201,(anonymous_25)
FN:202,(anonymous_26)
FN:215,(anonymous_27)
FN:230,(anonymous_28)
FNF:28
FNH:28
FNDA:220,(anonymous_1)
FNDA:220,(anonymous_2)
FNDA:220,(anonymous_3)
FNDA:574,(anonymous_4)
FNDA:574,(anonymous_5)
FNDA:573,(anonymous_6)
FNDA:837,(anonymous_7)
FNDA:837,(anonymous_8)
FNDA:837,(anonymous_9)
FNDA:7,(anonymous_10)
FNDA:7,(anonymous_11)
FNDA:7,(anonymous_12)
FNDA:16,(anonymous_13)
FNDA:6,(anonymous_14)
FNDA:6,(anonymous_15)
FNDA:6,(anonymous_16)
FNDA:8,(anonymous_17)
FNDA:20,(anonymous_18)
FNDA:20,(anonymous_19)
FNDA:16,(anonymous_20)
FNDA:8,(anonymous_21)
FNDA:4,(anonymous_22)
FNDA:4,(anonymous_23)
FNDA:4,(anonymous_24)
FNDA:22,(anonymous_25)
FNDA:22,(anonymous_26)
FNDA:15,(anonymous_27)
FNDA:8,(anonymous_28)
DA:1,16
DA:2,16
DA:3,16
DA:4,16
DA:19,220
DA:20,220
DA:25,220
DA:26,220
DA:27,220
DA:29,220
DA:30,9
DA:33,211
DA:34,210
DA:35,210
DA:36,210
DA:41,1
DA:57,574
DA:58,574
DA:59,574
DA:60,574
DA:61,573
DA:62,573
DA:63,573
DA:64,4
DA:65,3
DA:68,4
DA:70,573
DA:73,1
DA:85,837
DA:86,837
DA:87,837
DA:88,837
DA:89,1
DA:90,1
DA:92,836
DA:93,7
DA:94,7
DA:96,829
DA:97,829
DA:107,7
DA:108,7
DA:109,7
DA:110,7
DA:111,1
DA:112,1
DA:114,6
DA:115,16
DA:117,6
DA:128,6
DA:129,6
DA:130,6
DA:131,6
DA:132,1
DA:133,1
DA:135,5
DA:136,8
DA:138,5
DA:147,20
DA:148,20
DA:149,4
DA:150,4
DA:153,16
DA:154,16
DA:155,16
DA:156,2
DA:157,2
DA:159,14
DA:160,3
DA:161,3
DA:164,11
DA:165,3
DA:166,3
DA:169,8
DA:170,8
DA:171,8
DA:172,1
DA:173,1
DA:175,7
DA:185,4
DA:187,4
DA:188,4
DA:189,4
DA:190,1
DA:191,1
DA:193,3
DA:202,22
DA:204,22
DA:205,22
DA:206,3
DA:207,3
DA:209,19
DA:210,4
DA:211,4
DA:214,15
DA:215,15
DA:216,15
DA:217,2
DA:218,2
DA:220,13
DA:221,3
DA:222,3
DA:224,10
DA:225,2
DA:226,2
DA:229,8
DA:230,8
DA:231,8
DA:232,1
DA:233,1
DA:235,7
DA:244,16
LF:111
LH:111
BRDA:27,0,0,1
BRDA:29,1,0,9
BRDA:29,1,1,211
BRDA:29,2,0,220
BRDA:29,2,1,212
BRDA:29,2,2,212
BRDA:35,3,0,3
BRDA:63,4,0,4
BRDA:64,5,0,3
BRDA:88,6,0,1
BRDA:92,7,0,7
BRDA:110,8,0,1
BRDA:131,9,0,1
BRDA:148,10,0,4
BRDA:148,11,0,20
BRDA:148,11,1,12
BRDA:155,12,0,2
BRDA:159,13,0,3
BRDA:164,14,0,3
BRDA:164,15,0,11
BRDA:164,15,1,8
BRDA:164,15,2,6
BRDA:171,16,0,1
BRDA:189,17,0,1
BRDA:205,18,0,3
BRDA:209,19,0,4
BRDA:209,20,0,19
BRDA:209,20,1,10
BRDA:216,21,0,2
BRDA:220,22,0,3
BRDA:224,23,0,2
BRDA:224,24,0,10
BRDA:224,24,1,5
BRDA:224,24,2,3
BRDA:231,25,0,1
BRF:35
BRH:35
end_of_record
TN:
SF:src/db/cleanup.ts
FN:11,cleanup
FNF:1
FNH:1
FNDA:186,cleanup
DA:4,11
DA:11,11
DA:14,186
DA:16,186
DA:17,186
DA:18,186
DA:19,186
LF:7
LH:7
BRF:0
BRH:0
end_of_record
TN:
SF:src/db/db.ts
FN:22,(anonymous_0)
FNF:1
FNH:1
FNDA:16,(anonymous_0)
DA:9,24
DA:16,24
DA:19,24
DA:22,24
DA:23,16
DA:24,16
DA:27,24
LF:7
LH:7
BRDA:16,0,0,24
BRDA:16,0,1,0
BRDA:19,1,0,24
BRDA:19,1,1,0
BRDA:23,2,0,0
BRF:5
BRH:2
end_of_record
TN:
SF:src/errors/cartError.ts
FN:14,(anonymous_0)
FN:28,(anonymous_1)
FN:42,(anonymous_2)
FN:56,(anonymous_3)
FN:67,(anonymous_4)
FNF:5
FNH:3
FNDA:21,(anonymous_0)
FNDA:0,(anonymous_1)
FNDA:6,(anonymous_2)
FNDA:0,(anonymous_3)
FNDA:12,(anonymous_4)
DA:1,15
DA:2,15
DA:3,15
DA:4,15
DA:5,15
DA:15,21
DA:16,21
DA:17,21
DA:29,0
DA:30,0
DA:31,0
DA:43,6
DA:44,6
DA:45,6
DA:57,0
DA:58,0
DA:59,0
DA:68,12
DA:69,12
DA:70,12
DA:74,15
LF:21
LH:15
BRF:0
BRH:0
end_of_record
TN:
SF:src/errors/productError.ts
FN:16,(anonymous_0)
FN:30,(anonymous_1)
FN:44,(anonymous_2)
FN:55,(anonymous_3)
FN:66,(anonymous_4)
FN:78,(anonymous_5)
FN:89,(anonymous_6)
FN:100,(anonymous_7)
FNF:8
FNH:7
FNDA:41,(anonymous_0)
FNDA:3,(anonymous_1)
FNDA:0,(anonymous_2)
FNDA:19,(anonymous_3)
FNDA:8,(anonymous_4)
FNDA:17,(anonymous_5)
FNDA:32,(anonymous_6)
FNDA:10,(anonymous_7)
DA:1,19
DA:2,19
DA:3,19
DA:4,19
DA:5,19
DA:6,19
DA:7,19
DA:8,19
DA:17,41
DA:18,41
DA:19,41
DA:31,3
DA:32,3
DA:33,3
DA:45,0
DA:46,0
DA:47,0
DA:56,19
DA:57,19
DA:58,19
DA:67,8
DA:68,8
DA:69,8
DA:79,17
DA:80,17
DA:81,17
DA:90,32
DA:91,32
DA:92,32
DA:101,10
DA:102,10
DA:103,10
DA:107,19
LF:33
LH:30
BRF:0
BRH:0
end_of_record
TN:
SF:src/errors/reviewError.ts
FN:9,(anonymous_0)
FN:20,(anonymous_1)
FN:31,(anonymous_2)
FNF:3
FNH:2
FNDA:4,(anonymous_0)
FNDA:5,(anonymous_1)
FNDA:0,(anonymous_2)
DA:1,14
DA:2,14
DA:3,14
DA:10,4
DA:11,4
DA:12,4
DA:21,5
DA:22,5
DA:23,5
DA:32,0
DA:33,0
DA:34,0
DA:38,14
LF:13
LH:10
BRF:0
BRH:0
end_of_record
TN:
SF:src/errors/userError.ts
FN:17,(anonymous_0)
FN:31,(anonymous_1)
FN:45,(anonymous_2)
FN:61,(anonymous_3)
FN:72,(anonymous_4)
FN:83,(anonymous_5)
FN:94,(anonymous_6)
FN:105,(anonymous_7)
FNF:8
FNH:5
FNDA:18,(anonymous_0)
FNDA:0,(anonymous_1)
FNDA:0,(anonymous_2)
FNDA:6,(anonymous_3)
FNDA:0,(anonymous_4)
FNDA:7,(anonymous_5)
FNDA:18,(anonymous_6)
FNDA:5,(anonymous_7)
DA:1,18
DA:2,18
DA:3,18
DA:4,18
DA:5,18
DA:6,18
DA:7,18
DA:8,18
DA:18,18
DA:19,18
DA:20,18
DA:32,0
DA:33,0
DA:34,0
DA:46,0
DA:47,0
DA:48,0
DA:62,6
DA:63,6
DA:64,6
DA:73,0
DA:74,0
DA:75,0
DA:84,7
DA:85,7
DA:86,7
DA:95,18
DA:96,18
DA:97,18
DA:106,5
DA:107,5
DA:108,5
DA:112,18
LF:33
LH:24
BRF:0
BRH:0
end_of_record
TN:
SF:src/routers/auth.ts
FN:20,(anonymous_1)
FN:30,(anonymous_2)
FN:49,(anonymous_3)
FN:50,(anonymous_4)
FN:52,(anonymous_5)
FN:66,(anonymous_6)
FN:76,(anonymous_7)
FN:77,(anonymous_8)
FN:79,(anonymous_9)
FN:96,(anonymous_10)
FN:97,(anonymous_11)
FN:98,(anonymous_12)
FN:102,(anonymous_13)
FN:117,(anonymous_14)
FN:118,(anonymous_15)
FN:119,(anonymous_16)
FN:131,(anonymous_17)
FN:144,(anonymous_18)
FN:157,(anonymous_19)
FN:162,(anonymous_20)
FN:167,(anonymous_21)
FNF:21
FNH:20
FNDA:10,(anonymous_1)
FNDA:10,(anonymous_2)
FNDA:214,(anonymous_3)
FNDA:214,(anonymous_4)
FNDA:206,(anonymous_5)
FNDA:206,(anonymous_6)
FNDA:606,(anonymous_7)
FNDA:604,(anonymous_8)
FNDA:2,(anonymous_9)
FNDA:214,(anonymous_10)
FNDA:214,(anonymous_11)
FNDA:214,(anonymous_12)
FNDA:206,(anonymous_13)
FNDA:2,(anonymous_14)
FNDA:2,(anonymous_15)
FNDA:2,(anonymous_16)
FNDA:653,(anonymous_17)
FNDA:158,(anonymous_18)
FNDA:0,(anonymous_19)
FNDA:24,(anonymous_20)
FNDA:297,(anonymous_21)
DA:3,12
DA:4,12
DA:5,12
DA:6,12
DA:7,12
DA:21,10
DA:22,10
DA:23,10
DA:31,10
DA:38,10
DA:39,10
DA:41,10
DA:48,10
DA:50,214
DA:51,214
DA:52,206
DA:53,206
DA:56,8
DA:66,10
DA:67,206
DA:76,10
DA:77,606
DA:78,604
DA:80,2
DA:97,214
DA:98,214
DA:99,214
DA:100,214
DA:102,206
DA:103,206
DA:104,206
DA:118,2
DA:119,2
DA:132,653
DA:133,51
DA:145,158
DA:146,22
DA:158,0
DA:159,0
DA:163,24
DA:164,11
DA:168,297
DA:169,18
DA:174,12
LF:44
LH:42
BRDA:51,0,0,206
BRDA:51,0,1,8
BRDA:99,1,0,0
BRDA:100,2,0,8
BRDA:103,3,0,0
BRDA:132,4,0,602
BRDA:145,5,0,136
BRDA:145,6,0,158
BRDA:145,6,1,158
BRDA:158,7,0,0
BRDA:158,8,0,0
BRDA:158,8,1,0
BRDA:163,9,0,13
BRDA:163,10,0,24
BRDA:163,10,1,24
BRDA:168,11,0,279
BRDA:168,12,0,297
BRDA:168,12,1,297
BRDA:168,12,2,276
BRF:19
BRH:14
end_of_record
TN:
SF:src/routers/cartRoutes.ts
FN:21,(anonymous_1)
FN:33,(anonymous_2)
FN:44,(anonymous_3)
FN:56,(anonymous_4)
FN:57,(anonymous_5)
FN:60,(anonymous_6)
FN:78,(anonymous_7)
FN:79,(anonymous_8)
FN:80,(anonymous_9)
FN:96,(anonymous_10)
FN:97,(anonymous_11)
FN:98,(anonymous_12)
FN:113,(anonymous_13)
FN:114,(anonymous_14)
FN:115,(anonymous_15)
FN:130,(anonymous_16)
FN:131,(anonymous_17)
FN:132,(anonymous_18)
FN:148,(anonymous_19)
FN:149,(anonymous_20)
FN:150,(anonymous_21)
FN:163,(anonymous_22)
FN:164,(anonymous_23)
FN:165,(anonymous_24)
FN:178,(anonymous_25)
FN:179,(anonymous_26)
FN:180,(anonymous_27)
FNF:27
FNH:27
FNDA:12,(anonymous_1)
FNDA:12,(anonymous_2)
FNDA:12,(anonymous_3)
FNDA:16,(anonymous_4)
FNDA:15,(anonymous_5)
FNDA:1,(anonymous_6)
FNDA:60,(anonymous_7)
FNDA:51,(anonymous_8)
FNDA:9,(anonymous_9)
FNDA:18,(anonymous_10)
FNDA:5,(anonymous_11)
FNDA:13,(anonymous_12)
FNDA:7,(anonymous_13)
FNDA:6,(anonymous_14)
FNDA:1,(anonymous_15)
FNDA:20,(anonymous_16)
FNDA:7,(anonymous_17)
FNDA:13,(anonymous_18)
FNDA:7,(anonymous_19)
FNDA:3,(anonymous_20)
FNDA:4,(anonymous_21)
FNDA:5,(anonymous_22)
FNDA:4,(anonymous_23)
FNDA:1,(anonymous_24)
FNDA:6,(anonymous_25)
FNDA:5,(anonymous_26)
FNDA:1,(anonymous_27)
DA:1,12
DA:2,12
DA:3,12
DA:4,12
DA:22,12
DA:23,12
DA:24,12
DA:25,12
DA:26,12
DA:34,12
DA:51,12
DA:56,16
DA:58,15
DA:61,1
DA:72,12
DA:78,60
DA:79,51
DA:81,9
DA:91,12
DA:96,18
DA:97,5
DA:99,13
DA:108,12
DA:113,7
DA:114,6
DA:115,1
DA:124,12
DA:130,20
DA:131,7
DA:133,13
DA:143,12
DA:148,7
DA:149,3
DA:150,4
DA:158,12
DA:163,5
DA:164,4
DA:165,1
DA:173,12
DA:178,6
DA:179,5
DA:180,1
DA:185,12
LF:43
LH:43
BRF:0
BRH:0
end_of_record
TN:
SF:src/routers/productRoutes.ts
FN:25,(anonymous_1)
FN:37,(anonymous_2)
FN:49,(anonymous_3)
FN:74,(anonymous_4)
FN:84,(anonymous_5)
FN:85,(anonymous_6)
FN:112,(anonymous_7)
FN:119,(anonymous_8)
FN:122,(anonymous_9)
FN:145,(anonymous_10)
FN:152,(anonymous_11)
FN:155,(anonymous_12)
FN:180,(anonymous_13)
FN:183,(anonymous_14)
FN:184,(anonymous_15)
FN:209,(anonymous_16)
FN:216,(anonymous_17)
FN:217,(anonymous_18)
FN:230,(anonymous_19)
FN:233,(anonymous_20)
FN:234,(anonymous_21)
FN:249,(anonymous_22)
FN:252,(anonymous_23)
FN:253,(anonymous_24)
FNF:24
FNH:24
FNDA:12,(anonymous_1)
FNDA:12,(anonymous_2)
FNDA:12,(anonymous_3)
FNDA:113,(anonymous_4)
FNDA:104,(anonymous_5)
FNDA:9,(anonymous_6)
FNDA:14,(anonymous_7)
FNDA:6,(anonymous_8)
FNDA:8,(anonymous_9)
FNDA:35,(anonymous_10)
FNDA:24,(anonymous_11)
FNDA:11,(anonymous_12)
FNDA:51,(anonymous_13)
FNDA:29,(anonymous_14)
FNDA:22,(anonymous_15)
FNDA:37,(anonymous_16)
FNDA:23,(anonymous_17)
FNDA:13,(anonymous_18)
FNDA:6,(anonymous_19)
FNDA:5,(anonymous_20)
FNDA:1,(anonymous_21)
FNDA:7,(anonymous_22)
FNDA:4,(anonymous_23)
FNDA:3,(anonymous_24)
DA:1,12
DA:2,12
DA:3,12
DA:4,12
DA:26,12
DA:27,12
DA:28,12
DA:29,12
DA:30,12
DA:38,12
DA:62,12
DA:75,113
DA:84,104
DA:86,9
DA:87,9
DA:100,12
DA:113,14
DA:120,6
DA:122,8
DA:134,12
DA:146,35
DA:153,24
DA:156,11
DA:157,11
DA:170,12
DA:181,51
DA:183,29
DA:185,22
DA:186,22
DA:199,12
DA:210,37
DA:216,23
DA:217,13
DA:225,12
DA:231,6
DA:233,5
DA:234,1
DA:243,12
DA:250,7
DA:252,4
DA:253,3
DA:258,12
LF:42
LH:42
BRF:0
BRH:0
end_of_record
TN:
SF:src/routers/reviewRoutes.ts
FN:14,(anonymous_1)
FN:22,(anonymous_2)
FN:26,(anonymous_3)
FN:45,(anonymous_4)
FN:46,(anonymous_5)
FN:47,(anonymous_6)
FN:61,(anonymous_7)
FN:62,(anonymous_8)
FN:63,(anonymous_9)
FN:78,(anonymous_10)
FN:79,(anonymous_11)
FN:80,(anonymous_12)
FN:95,(anonymous_13)
FN:96,(anonymous_14)
FN:97,(anonymous_15)
FN:109,(anonymous_16)
FN:110,(anonymous_17)
FN:111,(anonymous_18)
FN:118,(anonymous_19)
FNF:19
FNH:19
FNDA:12,(anonymous_1)
FNDA:12,(anonymous_2)
FNDA:12,(anonymous_3)
FNDA:11,(anonymous_4)
FNDA:6,(anonymous_5)
FNDA:5,(anonymous_6)
FNDA:18,(anonymous_7)
FNDA:16,(anonymous_8)
FNDA:2,(anonymous_9)
FNDA:8,(anonymous_10)
FNDA:3,(anonymous_11)
FNDA:5,(anonymous_12)
FNDA:6,(anonymous_13)
FNDA:3,(anonymous_14)
FNDA:3,(anonymous_15)
FNDA:6,(anonymous_16)
FNDA:5,(anonymous_17)
FNDA:1,(anonymous_18)
FNDA:1,(anonymous_19)
DA:1,12
DA:2,12
DA:3,12
DA:4,12
DA:15,12
DA:16,12
DA:17,12
DA:18,12
DA:19,12
DA:23,12
DA:37,12
DA:45,11
DA:46,6
DA:47,5
DA:56,12
DA:61,18
DA:62,16
DA:63,2
DA:72,12
DA:78,8
DA:79,3
DA:80,5
DA:89,12
DA:95,6
DA:96,3
DA:97,3
DA:105,12
DA:109,6
DA:110,5
DA:111,1
DA:117,12
DA:120,1
DA:126,12
LF:33
LH:33
BRF:0
BRH:0
end_of_record
TN:
SF:src/routers/userRoutes.ts
FN:22,(anonymous_1)
FN:34,(anonymous_2)
FN:45,(anonymous_3)
FN:66,(anonymous_4)
FN:67,(anonymous_5)
FN:68,(anonymous_6)
FN:69,(anonymous_7)
FN:83,(anonymous_8)
FN:84,(anonymous_9)
FN:85,(anonymous_10)
FN:86,(anonymous_11)
FN:101,(anonymous_12)
FN:102,(anonymous_13)
FN:103,(anonymous_14)
FN:104,(anonymous_15)
FN:117,(anonymous_16)
FN:118,(anonymous_17)
FN:123,(anonymous_18)
FN:124,(anonymous_19)
FN:142,(anonymous_20)
FN:143,(anonymous_21)
FN:144,(anonymous_22)
FN:145,(anonymous_23)
FN:158,(anonymous_24)
FN:159,(anonymous_25)
FN:160,(anonymous_26)
FN:161,(anonymous_27)
FN:182,(anonymous_28)
FN:183,(anonymous_29)
FN:184,(anonymous_30)
FN:185,(anonymous_31)
FN:203,(anonymous_32)
FN:210,(anonymous_33)
FN:221,(anonymous_34)
FN:238,(anonymous_35)
FN:239,(anonymous_36)
FN:240,(anonymous_37)
FN:241,(anonymous_38)
FN:252,(anonymous_39)
FN:253,(anonymous_40)
FN:254,(anonymous_41)
FN:265,(anonymous_42)
FNF:42
FNH:38
FNDA:12,(anonymous_1)
FNDA:12,(anonymous_2)
FNDA:12,(anonymous_3)
FNDA:167,(anonymous_4)
FNDA:147,(anonymous_5)
FNDA:144,(anonymous_6)
FNDA:3,(anonymous_7)
FNDA:6,(anonymous_8)
FNDA:6,(anonymous_9)
FNDA:6,(anonymous_10)
FNDA:0,(anonymous_11)
FNDA:8,(anonymous_12)
FNDA:5,(anonymous_13)
FNDA:5,(anonymous_14)
FNDA:0,(anonymous_15)
FNDA:31,(anonymous_16)
FNDA:30,(anonymous_17)
FNDA:20,(anonymous_18)
FNDA:5,(anonymous_19)
FNDA:19,(anonymous_20)
FNDA:19,(anonymous_21)
FNDA:9,(anonymous_22)
FNDA:10,(anonymous_23)
FNDA:3,(anonymous_24)
FNDA:3,(anonymous_25)
FNDA:3,(anonymous_26)
FNDA:0,(anonymous_27)
FNDA:31,(anonymous_28)
FNDA:19,(anonymous_29)
FNDA:8,(anonymous_30)
FNDA:11,(anonymous_31)
FNDA:12,(anonymous_32)
FNDA:12,(anonymous_33)
FNDA:12,(anonymous_34)
FNDA:219,(anonymous_35)
FNDA:215,(anonymous_36)
FNDA:207,(anonymous_37)
FNDA:8,(anonymous_38)
FNDA:3,(anonymous_39)
FNDA:3,(anonymous_40)
FNDA:0,(anonymous_41)
FNDA:3,(anonymous_42)
DA:1,12
DA:3,12
DA:4,12
DA:5,12
DA:6,12
DA:7,12
DA:23,12
DA:24,12
DA:25,12
DA:26,12
DA:27,12
DA:35,12
DA:58,12
DA:66,167
DA:67,147
DA:68,144
DA:70,3
DA:79,12
DA:83,6
DA:84,6
DA:85,6
DA:86,0
DA:96,12
DA:101,8
DA:102,5
DA:103,5
DA:104,0
DA:113,12
DA:117,31
DA:119,30
DA:120,30
DA:121,30
DA:122,25
DA:123,20
DA:124,5
DA:127,5
DA:139,12
DA:142,19
DA:143,19
DA:144,9
DA:145,10
DA:154,12
DA:158,3
DA:159,3
DA:160,3
DA:161,0
DA:175,12
DA:182,31
DA:183,19
DA:184,8
DA:185,11
DA:204,12
DA:205,12
DA:206,12
DA:207,12
DA:211,12
DA:232,12
DA:238,219
DA:239,215
DA:240,207
DA:241,8
DA:249,12
DA:252,3
DA:253,3
DA:254,0
DA:262,12
DA:265,3
DA:272,12
LF:68
LH:64
BRDA:121,0,0,25
BRDA:121,0,1,5
BRDA:121,1,0,30
BRDA:121,1,1,14
BRF:4
BRH:4
end_of_record
